<!DOCTYPE html>
<html>
  <head>
    <meta charset="utf-8"/>
    <title id="head-title">Automation Report</title>
      <style type="text/css">body {
  font-family: Helvetica, Arial, sans-serif;
  font-size: 12px;
  /* do not increase min-width as some may use split screens */
  min-width: 800px;
  color: #999;
}

h1 {
  font-size: 24px;
  color: black;
}

h2 {
  font-size: 16px;
  color: black;
}

p {
  color: black;
}

a {
  color: #999;
}

table {
  border-collapse: collapse;
}

/******************************
 * SUMMARY INFORMATION
 ******************************/
#environment td {
  padding: 5px;
  border: 1px solid #e6e6e6;
  vertical-align: top;
}
#environment tr:nth-child(odd) {
  background-color: #f6f6f6;
}
#environment ul {
  margin: 0;
  padding: 0 20px;
}

/******************************
 * TEST RESULT COLORS
 ******************************/
span.passed,
.passed .col-result {
  color: green;
}

span.skipped,
span.xfailed,
span.rerun,
.skipped .col-result,
.xfailed .col-result,
.rerun .col-result {
  color: orange;
}

span.error,
span.failed,
span.xpassed,
.error .col-result,
.failed .col-result,
.xpassed .col-result {
  color: red;
}

.col-links__extra {
  margin-right: 3px;
}

/******************************
 * RESULTS TABLE
 *
 * 1. Table Layout
 * 2. Extra
 * 3. Sorting items
 *
 ******************************/
/*------------------
 * 1. Table Layout
 *------------------*/
#results-table {
  border: 1px solid #e6e6e6;
  color: #999;
  font-size: 12px;
  width: 100%;
}
#results-table th,
#results-table td {
  padding: 5px;
  border: 1px solid #e6e6e6;
  text-align: left;
}
#results-table th {
  font-weight: bold;
}

/*------------------
 * 2. Extra
 *------------------*/
.logwrapper {
  max-height: 230px;
  overflow-y: scroll;
  background-color: #e6e6e6;
}
.logwrapper.expanded {
  max-height: none;
}
.logwrapper.expanded .logexpander:after {
  content: "collapse [-]";
}
.logwrapper .logexpander {
  z-index: 1;
  position: sticky;
  top: 10px;
  width: max-content;
  border: 1px solid;
  border-radius: 3px;
  padding: 5px 7px;
  margin: 10px 0 10px calc(100% - 80px);
  cursor: pointer;
  background-color: #e6e6e6;
}
.logwrapper .logexpander:after {
  content: "expand [+]";
}
.logwrapper .logexpander:hover {
  color: #000;
  border-color: #000;
}
.logwrapper .log {
  min-height: 40px;
  position: relative;
  top: -50px;
  height: calc(100% + 50px);
  border: 1px solid #e6e6e6;
  color: black;
  display: block;
  font-family: "Courier New", Courier, monospace;
  padding: 5px;
  padding-right: 80px;
  white-space: pre-wrap;
}

div.media {
  border: 1px solid #e6e6e6;
  float: right;
  height: 240px;
  margin: 0 5px;
  overflow: hidden;
  width: 320px;
}

.media-container {
  display: grid;
  grid-template-columns: 25px auto 25px;
  align-items: center;
  flex: 1 1;
  overflow: hidden;
  height: 200px;
}

.media-container--fullscreen {
  grid-template-columns: 0px auto 0px;
}

.media-container__nav--right,
.media-container__nav--left {
  text-align: center;
  cursor: pointer;
}

.media-container__viewport {
  cursor: pointer;
  text-align: center;
  height: inherit;
}
.media-container__viewport img,
.media-container__viewport video {
  object-fit: cover;
  width: 100%;
  max-height: 100%;
}

.media__name,
.media__counter {
  display: flex;
  flex-direction: row;
  justify-content: space-around;
  flex: 0 0 25px;
  align-items: center;
}

.collapsible td:not(.col-links) {
  cursor: pointer;
}
.collapsible td:not(.col-links):hover::after {
  color: #bbb;
  font-style: italic;
  cursor: pointer;
}

.col-result {
  width: 130px;
}
.col-result:hover::after {
  content: " (hide details)";
}

.col-result.collapsed:hover::after {
  content: " (show details)";
}

#environment-header h2:hover::after {
  content: " (hide details)";
  color: #bbb;
  font-style: italic;
  cursor: pointer;
  font-size: 12px;
}

#environment-header.collapsed h2:hover::after {
  content: " (show details)";
  color: #bbb;
  font-style: italic;
  cursor: pointer;
  font-size: 12px;
}

/*------------------
 * 3. Sorting items
 *------------------*/
.sortable {
  cursor: pointer;
}
.sortable.desc:after {
  content: " ";
  position: relative;
  left: 5px;
  bottom: -12.5px;
  border: 10px solid #4caf50;
  border-bottom: 0;
  border-left-color: transparent;
  border-right-color: transparent;
}
.sortable.asc:after {
  content: " ";
  position: relative;
  left: 5px;
  bottom: 12.5px;
  border: 10px solid #4caf50;
  border-top: 0;
  border-left-color: transparent;
  border-right-color: transparent;
}

.hidden, .summary__reload__button.hidden {
  display: none;
}

.summary__data {
  flex: 0 0 550px;
}
.summary__reload {
  flex: 1 1;
  display: flex;
  justify-content: center;
}
.summary__reload__button {
  flex: 0 0 300px;
  display: flex;
  color: white;
  font-weight: bold;
  background-color: #4caf50;
  text-align: center;
  justify-content: center;
  align-items: center;
  border-radius: 3px;
  cursor: pointer;
}
.summary__reload__button:hover {
  background-color: #46a049;
}
.summary__spacer {
  flex: 0 0 550px;
}

.controls {
  display: flex;
  justify-content: space-between;
}

.filters,
.collapse {
  display: flex;
  align-items: center;
}
.filters button,
.collapse button {
  color: #999;
  border: none;
  background: none;
  cursor: pointer;
  text-decoration: underline;
}
.filters button:hover,
.collapse button:hover {
  color: #ccc;
}

.filter__label {
  margin-right: 10px;
}

      </style>
    
  </head>
  <body>
    <h1 id="title">Automation Report</h1>
    <p>Report generated on 01-Feb-2025 at 14:50:20 by <a href="https://pypi.python.org/pypi/pytest-html">pytest-html</a>
        v4.1.1</p>
    <div id="environment-header">
      <h2>Environment</h2>
    </div>
    <table id="environment"></table>
    <!-- TEMPLATES -->
      <template id="template_environment_row">
      <tr>
        <td></td>
        <td></td>
      </tr>
    </template>
    <template id="template_results-table__body--empty">
      <tbody class="results-table-row">
        <tr id="not-found-message">
          <td colspan="4">No results found. Check the filters.</th>
        </tr>
    </template>
    <template id="template_results-table__tbody">
      <tbody class="results-table-row">
        <tr class="collapsible">
        </tr>
        <tr class="extras-row">
          <td class="extra" colspan="4">
            <div class="extraHTML"></div>
            <div class="media">
              <div class="media-container">
                  <div class="media-container__nav--left"><</div>
                  <div class="media-container__viewport">
                    <img src="" />
                    <video controls>
                      <source src="" type="video/mp4">
                    </video>
                  </div>
                  <div class="media-container__nav--right">></div>
                </div>
                <div class="media__name"></div>
                <div class="media__counter"></div>
            </div>
            <div class="logwrapper">
              <div class="logexpander"></div>
              <div class="log"></div>
            </div>
          </td>
        </tr>
      </tbody>
    </template>
    <!-- END TEMPLATES -->
    <div class="summary">
      <div class="summary__data">
        <h2>Summary</h2>
        <div class="additional-summary prefix">
        </div>
        <p class="run-count">54 tests took 00:50:60.</p>
        <p class="filter">(Un)check the boxes to filter the results.</p>
        <div class="summary__reload">
          <div class="summary__reload__button hidden" onclick="location.reload()">
            <div>There are still tests running. <br />Reload this page to get the latest results!</div>
          </div>
        </div>
        <div class="summary__spacer"></div>
        <div class="controls">
          <div class="filters">
            <input checked="true" class="filter" name="filter_checkbox" type="checkbox" data-test-result="failed" />
            <span class="failed">3 Failed,</span>
            <input checked="true" class="filter" name="filter_checkbox" type="checkbox" data-test-result="passed" />
            <span class="passed">51 Passed,</span>
            <input checked="true" class="filter" name="filter_checkbox" type="checkbox" data-test-result="skipped" disabled/>
            <span class="skipped">0 Skipped,</span>
            <input checked="true" class="filter" name="filter_checkbox" type="checkbox" data-test-result="xfailed" disabled/>
            <span class="xfailed">0 Expected failures,</span>
            <input checked="true" class="filter" name="filter_checkbox" type="checkbox" data-test-result="xpassed" disabled/>
            <span class="xpassed">0 Unexpected passes,</span>
            <input checked="true" class="filter" name="filter_checkbox" type="checkbox" data-test-result="error" disabled/>
            <span class="error">0 Errors,</span>
            <input checked="true" class="filter" name="filter_checkbox" type="checkbox" data-test-result="rerun" disabled/>
            <span class="rerun">0 Reruns</span>
          </div>
          <div class="collapse">
            <button id="show_all_details">Show all details</button>&nbsp;/&nbsp;<button id="hide_all_details">Hide all details</button>
          </div>
        </div>
      </div>
      <div class="additional-summary summary">
      </div>
      <div class="additional-summary postfix">
      </div>
    </div>
    <table id="results-table">
      <thead id="results-table-head">
        <tr>
          <th class="sortable" data-column-type="result">Result</th>
          <th class="sortable" data-column-type="testId">Test</th>
          <th class="sortable" data-column-type="duration">Duration</th>
          <th>Links</th>
        </tr>
      </thead>
    </table>
  </body>
  <footer>
    <div id="data-container" data-jsonblob="{&#34;environment&#34;: {&#34;Python&#34;: &#34;3.13.1&#34;, &#34;Platform&#34;: &#34;Windows-11-10.0.22631-SP0&#34;, &#34;Packages&#34;: {&#34;pytest&#34;: &#34;8.3.4&#34;, &#34;pluggy&#34;: &#34;1.5.0&#34;}, &#34;Plugins&#34;: {&#34;Faker&#34;: &#34;35.0.0&#34;, &#34;base-url&#34;: &#34;2.1.0&#34;, &#34;dependency&#34;: &#34;0.6.0&#34;, &#34;html&#34;: &#34;4.1.1&#34;, &#34;metadata&#34;: &#34;3.1.1&#34;, &#34;ordering&#34;: &#34;0.6&#34;, &#34;selenium&#34;: &#34;4.1.0&#34;, &#34;variables&#34;: &#34;3.1.0&#34;, &#34;xdist&#34;: &#34;3.6.1&#34;}, &#34;Base URL&#34;: &#34;&#34;, &#34;Driver&#34;: null, &#34;Capabilities&#34;: {}}, &#34;tests&#34;: {&#34;test_cases/test_basic_crawling.py::TestBasicCrawling::test_amazon_product_search_and_product_details[edge-headphones-mobile]&#34;: [{&#34;extras&#34;: [{&#34;name&#34;: null, &#34;format_type&#34;: &#34;html&#34;, &#34;content&#34;: &#34;&lt;div&gt;&lt;img src=\&#34;01_02_2025_14_33_38_381401022025.png\&#34; alt=\&#34;screenshot\&#34; style=\&#34;width:304px;height:228px;\&#34; onclick=\&#34;window.open(this.src)\&#34; align=\&#34;right\&#34;/&gt;&lt;/div&gt;&#34;, &#34;mime_type&#34;: null, &#34;extension&#34;: null}], &#34;result&#34;: &#34;Passed&#34;, &#34;testId&#34;: &#34;test_cases/test_basic_crawling.py::TestBasicCrawling::test_amazon_product_search_and_product_details[edge-headphones-mobile]&#34;, &#34;duration&#34;: &#34;00:01:08&#34;, &#34;resultsTableRow&#34;: [&#34;&lt;td class=\&#34;col-result\&#34;&gt;Passed&lt;/td&gt;&#34;, &#34;&lt;td class=\&#34;col-testId\&#34;&gt;test_cases/test_basic_crawling.py::TestBasicCrawling::test_amazon_product_search_and_product_details[edge-headphones-mobile]&lt;/td&gt;&#34;, &#34;&lt;td class=\&#34;col-duration\&#34;&gt;00:01:08&lt;/td&gt;&#34;, &#34;&lt;td class=\&#34;col-links\&#34;&gt;&lt;/td&gt;&#34;], &#34;log&#34;: &#34;[gw2] win32 -- Python 3.13.1 d:\\Interview Assignment\\Four_Junctions\\four_junctions_selenium_assignment\\.venv\\Scripts\\python.exe\n\n------------------------------ Captured log setup ------------------------------\nINFO     root:conftest.py:68 Launching Edge Browser\n\n------------------------------ Captured log call -------------------------------\nINFO     root:home_page.py:29 Info :: MicrosoftEdge :: Navigating to Amazon home page.\nINFO     root:home_page.py:29 Info :: MicrosoftEdge :: Attempt 1 to check CAPTCHA.\nINFO     root:home_page.py:29 Info :: MicrosoftEdge :: No CAPTCHA element found on the page.\nINFO     root:home_page.py:29 Info :: MicrosoftEdge :: Amazon home page loaded successfully.\nINFO     root:home_page.py:29 Info :: MicrosoftEdge :: Attempting to search for: headphones\nINFO     root:home_page.py:29 Info :: MicrosoftEdge :: Search executed successfully.\nINFO     root:search_result_page.py:32 Info :: MicrosoftEdge :: Starting to extract product information.\nINFO     root:search_result_page.py:32 Info :: MicrosoftEdge :: Found product details in the search results.\nINFO     root:search_result_page.py:32 Info :: MicrosoftEdge :: Finished extracting product information.\nINFO     root:search_result_page.py:32 Info :: MicrosoftEdge :: Attempting to click the Next Page link.\nINFO     root:search_result_page.py:32 Info :: MicrosoftEdge :: Successfully clicked the Next Page link.\nINFO     root:search_result_page.py:32 Info :: MicrosoftEdge :: Starting to extract product information.\nINFO     root:search_result_page.py:32 Info :: MicrosoftEdge :: Found product details in the search results.\nINFO     root:search_result_page.py:32 Info :: MicrosoftEdge :: Finished extracting product information.\nINFO     root:search_result_page.py:32 Info :: MicrosoftEdge :: Saving product information for headphones.\nINFO     root:search_result_page.py:32 Info :: MicrosoftEdge :: Product information for headphones saved successfully.\n\n&#34;}], &#34;test_cases/test_basic_crawling.py::TestBasicCrawling::test_amazon_product_search_and_product_details[edge-mobile-desktop]&#34;: [{&#34;extras&#34;: [{&#34;name&#34;: null, &#34;format_type&#34;: &#34;html&#34;, &#34;content&#34;: &#34;&lt;div&gt;&lt;img src=\&#34;01_02_2025_14_33_44_441401022025.png\&#34; alt=\&#34;screenshot\&#34; style=\&#34;width:304px;height:228px;\&#34; onclick=\&#34;window.open(this.src)\&#34; align=\&#34;right\&#34;/&gt;&lt;/div&gt;&#34;, &#34;mime_type&#34;: null, &#34;extension&#34;: null}], &#34;result&#34;: &#34;Passed&#34;, &#34;testId&#34;: &#34;test_cases/test_basic_crawling.py::TestBasicCrawling::test_amazon_product_search_and_product_details[edge-mobile-desktop]&#34;, &#34;duration&#34;: &#34;00:01:13&#34;, &#34;resultsTableRow&#34;: [&#34;&lt;td class=\&#34;col-result\&#34;&gt;Passed&lt;/td&gt;&#34;, &#34;&lt;td class=\&#34;col-testId\&#34;&gt;test_cases/test_basic_crawling.py::TestBasicCrawling::test_amazon_product_search_and_product_details[edge-mobile-desktop]&lt;/td&gt;&#34;, &#34;&lt;td class=\&#34;col-duration\&#34;&gt;00:01:13&lt;/td&gt;&#34;, &#34;&lt;td class=\&#34;col-links\&#34;&gt;&lt;/td&gt;&#34;], &#34;log&#34;: &#34;[gw0] win32 -- Python 3.13.1 d:\\Interview Assignment\\Four_Junctions\\four_junctions_selenium_assignment\\.venv\\Scripts\\python.exe\n\n------------------------------ Captured log setup ------------------------------\nINFO     root:conftest.py:68 Launching Edge Browser\n\n------------------------------ Captured log call -------------------------------\nINFO     root:home_page.py:29 Info :: MicrosoftEdge :: Navigating to Amazon home page.\nINFO     root:home_page.py:29 Info :: MicrosoftEdge :: Attempt 1 to check CAPTCHA.\nINFO     root:home_page.py:29 Info :: MicrosoftEdge :: No CAPTCHA element found on the page.\nINFO     root:home_page.py:29 Info :: MicrosoftEdge :: Amazon home page loaded successfully.\nINFO     root:home_page.py:29 Info :: MicrosoftEdge :: Attempting to search for: mobile\nINFO     root:home_page.py:29 Info :: MicrosoftEdge :: Search executed successfully.\nINFO     root:search_result_page.py:32 Info :: MicrosoftEdge :: Starting to extract product information.\nINFO     root:search_result_page.py:32 Info :: MicrosoftEdge :: Found product details in the search results.\nINFO     root:search_result_page.py:32 Info :: MicrosoftEdge :: Finished extracting product information.\nINFO     root:search_result_page.py:32 Info :: MicrosoftEdge :: Attempting to click the Next Page link.\nINFO     root:search_result_page.py:32 Info :: MicrosoftEdge :: Successfully clicked the Next Page link.\nINFO     root:search_result_page.py:32 Info :: MicrosoftEdge :: Starting to extract product information.\nINFO     root:search_result_page.py:32 Info :: MicrosoftEdge :: Found product details in the search results.\nINFO     root:search_result_page.py:32 Info :: MicrosoftEdge :: Finished extracting product information.\nINFO     root:search_result_page.py:32 Info :: MicrosoftEdge :: Saving product information for mobile.\nINFO     root:search_result_page.py:32 Info :: MicrosoftEdge :: Product information for mobile saved successfully.\n\n&#34;}], &#34;test_cases/test_basic_crawling.py::TestBasicCrawling::test_amazon_product_search_and_product_details[edge-laptop-tablet]&#34;: [{&#34;extras&#34;: [{&#34;name&#34;: null, &#34;format_type&#34;: &#34;html&#34;, &#34;content&#34;: &#34;&lt;div&gt;&lt;img src=\&#34;01_02_2025_14_33_46_461401022025.png\&#34; alt=\&#34;screenshot\&#34; style=\&#34;width:304px;height:228px;\&#34; onclick=\&#34;window.open(this.src)\&#34; align=\&#34;right\&#34;/&gt;&lt;/div&gt;&#34;, &#34;mime_type&#34;: null, &#34;extension&#34;: null}], &#34;result&#34;: &#34;Passed&#34;, &#34;testId&#34;: &#34;test_cases/test_basic_crawling.py::TestBasicCrawling::test_amazon_product_search_and_product_details[edge-laptop-tablet]&#34;, &#34;duration&#34;: &#34;00:01:16&#34;, &#34;resultsTableRow&#34;: [&#34;&lt;td class=\&#34;col-result\&#34;&gt;Passed&lt;/td&gt;&#34;, &#34;&lt;td class=\&#34;col-testId\&#34;&gt;test_cases/test_basic_crawling.py::TestBasicCrawling::test_amazon_product_search_and_product_details[edge-laptop-tablet]&lt;/td&gt;&#34;, &#34;&lt;td class=\&#34;col-duration\&#34;&gt;00:01:16&lt;/td&gt;&#34;, &#34;&lt;td class=\&#34;col-links\&#34;&gt;&lt;/td&gt;&#34;], &#34;log&#34;: &#34;[gw1] win32 -- Python 3.13.1 d:\\Interview Assignment\\Four_Junctions\\four_junctions_selenium_assignment\\.venv\\Scripts\\python.exe\n\n------------------------------ Captured log setup ------------------------------\nINFO     root:conftest.py:68 Launching Edge Browser\n\n------------------------------ Captured log call -------------------------------\nINFO     root:home_page.py:29 Info :: MicrosoftEdge :: Navigating to Amazon home page.\nINFO     root:home_page.py:29 Info :: MicrosoftEdge :: Attempt 1 to check CAPTCHA.\nINFO     root:home_page.py:29 Info :: MicrosoftEdge :: No CAPTCHA element found on the page.\nINFO     root:home_page.py:29 Info :: MicrosoftEdge :: Amazon home page loaded successfully.\nINFO     root:home_page.py:29 Info :: MicrosoftEdge :: Attempting to search for: laptop\nINFO     root:home_page.py:29 Info :: MicrosoftEdge :: Search executed successfully.\nINFO     root:search_result_page.py:32 Info :: MicrosoftEdge :: Starting to extract product information.\nINFO     root:search_result_page.py:32 Info :: MicrosoftEdge :: Found product details in the search results.\nINFO     root:search_result_page.py:32 Info :: MicrosoftEdge :: Finished extracting product information.\nINFO     root:search_result_page.py:32 Info :: MicrosoftEdge :: Attempting to click the Next Page link.\nINFO     root:search_result_page.py:32 Info :: MicrosoftEdge :: Successfully clicked the Next Page link.\nINFO     root:search_result_page.py:32 Info :: MicrosoftEdge :: Starting to extract product information.\nINFO     root:search_result_page.py:32 Info :: MicrosoftEdge :: Found product details in the search results.\nINFO     root:search_result_page.py:32 Info :: MicrosoftEdge :: Finished extracting product information.\nINFO     root:search_result_page.py:32 Info :: MicrosoftEdge :: Saving product information for laptop.\nINFO     root:search_result_page.py:32 Info :: MicrosoftEdge :: Product information for laptop saved successfully.\n\n&#34;}], &#34;test_cases/test_basic_crawling.py::TestBasicCrawling::test_amazon_product_search_and_product_details[edge-mobile-tablet]&#34;: [{&#34;extras&#34;: [{&#34;name&#34;: null, &#34;format_type&#34;: &#34;html&#34;, &#34;content&#34;: &#34;&lt;div&gt;&lt;img src=\&#34;01_02_2025_14_34_40_401401022025.png\&#34; alt=\&#34;screenshot\&#34; style=\&#34;width:304px;height:228px;\&#34; onclick=\&#34;window.open(this.src)\&#34; align=\&#34;right\&#34;/&gt;&lt;/div&gt;&#34;, &#34;mime_type&#34;: null, &#34;extension&#34;: null}], &#34;result&#34;: &#34;Passed&#34;, &#34;testId&#34;: &#34;test_cases/test_basic_crawling.py::TestBasicCrawling::test_amazon_product_search_and_product_details[edge-mobile-tablet]&#34;, &#34;duration&#34;: &#34;00:00:55&#34;, &#34;resultsTableRow&#34;: [&#34;&lt;td class=\&#34;col-result\&#34;&gt;Passed&lt;/td&gt;&#34;, &#34;&lt;td class=\&#34;col-testId\&#34;&gt;test_cases/test_basic_crawling.py::TestBasicCrawling::test_amazon_product_search_and_product_details[edge-mobile-tablet]&lt;/td&gt;&#34;, &#34;&lt;td class=\&#34;col-duration\&#34;&gt;00:00:55&lt;/td&gt;&#34;, &#34;&lt;td class=\&#34;col-links\&#34;&gt;&lt;/td&gt;&#34;], &#34;log&#34;: &#34;[gw0] win32 -- Python 3.13.1 d:\\Interview Assignment\\Four_Junctions\\four_junctions_selenium_assignment\\.venv\\Scripts\\python.exe\n\n------------------------------ Captured log call -------------------------------\nINFO     root:home_page.py:29 Info :: MicrosoftEdge :: Navigating to Amazon home page.\nINFO     root:home_page.py:29 Info :: MicrosoftEdge :: Attempt 1 to check CAPTCHA.\nINFO     root:home_page.py:29 Info :: MicrosoftEdge :: No CAPTCHA element found on the page.\nINFO     root:home_page.py:29 Info :: MicrosoftEdge :: Amazon home page loaded successfully.\nINFO     root:home_page.py:29 Info :: MicrosoftEdge :: Attempting to search for: mobile\nINFO     root:home_page.py:29 Info :: MicrosoftEdge :: Search executed successfully.\nINFO     root:search_result_page.py:32 Info :: MicrosoftEdge :: Starting to extract product information.\nINFO     root:search_result_page.py:32 Info :: MicrosoftEdge :: Found product details in the search results.\nINFO     root:search_result_page.py:32 Info :: MicrosoftEdge :: Finished extracting product information.\nINFO     root:search_result_page.py:32 Info :: MicrosoftEdge :: Attempting to click the Next Page link.\nINFO     root:search_result_page.py:32 Info :: MicrosoftEdge :: Successfully clicked the Next Page link.\nINFO     root:search_result_page.py:32 Info :: MicrosoftEdge :: Starting to extract product information.\nINFO     root:search_result_page.py:32 Info :: MicrosoftEdge :: Found product details in the search results.\nINFO     root:search_result_page.py:32 Info :: MicrosoftEdge :: Finished extracting product information.\nINFO     root:search_result_page.py:32 Info :: MicrosoftEdge :: Saving product information for mobile.\nINFO     root:search_result_page.py:32 Info :: MicrosoftEdge :: Product information for mobile saved successfully.\n\n&#34;}], &#34;test_cases/test_basic_crawling.py::TestBasicCrawling::test_amazon_product_search_and_product_details[edge-laptop-mobile]&#34;: [{&#34;extras&#34;: [{&#34;name&#34;: null, &#34;format_type&#34;: &#34;html&#34;, &#34;content&#34;: &#34;&lt;div&gt;&lt;img src=\&#34;01_02_2025_14_34_41_411401022025.png\&#34; alt=\&#34;screenshot\&#34; style=\&#34;width:304px;height:228px;\&#34; onclick=\&#34;window.open(this.src)\&#34; align=\&#34;right\&#34;/&gt;&lt;/div&gt;&#34;, &#34;mime_type&#34;: null, &#34;extension&#34;: null}], &#34;result&#34;: &#34;Passed&#34;, &#34;testId&#34;: &#34;test_cases/test_basic_crawling.py::TestBasicCrawling::test_amazon_product_search_and_product_details[edge-laptop-mobile]&#34;, &#34;duration&#34;: &#34;00:00:55&#34;, &#34;resultsTableRow&#34;: [&#34;&lt;td class=\&#34;col-result\&#34;&gt;Passed&lt;/td&gt;&#34;, &#34;&lt;td class=\&#34;col-testId\&#34;&gt;test_cases/test_basic_crawling.py::TestBasicCrawling::test_amazon_product_search_and_product_details[edge-laptop-mobile]&lt;/td&gt;&#34;, &#34;&lt;td class=\&#34;col-duration\&#34;&gt;00:00:55&lt;/td&gt;&#34;, &#34;&lt;td class=\&#34;col-links\&#34;&gt;&lt;/td&gt;&#34;], &#34;log&#34;: &#34;[gw1] win32 -- Python 3.13.1 d:\\Interview Assignment\\Four_Junctions\\four_junctions_selenium_assignment\\.venv\\Scripts\\python.exe\n\n------------------------------ Captured log call -------------------------------\nINFO     root:home_page.py:29 Info :: MicrosoftEdge :: Navigating to Amazon home page.\nINFO     root:home_page.py:29 Info :: MicrosoftEdge :: Attempt 1 to check CAPTCHA.\nINFO     root:home_page.py:29 Info :: MicrosoftEdge :: No CAPTCHA element found on the page.\nINFO     root:home_page.py:29 Info :: MicrosoftEdge :: Amazon home page loaded successfully.\nINFO     root:home_page.py:29 Info :: MicrosoftEdge :: Attempting to search for: laptop\nINFO     root:home_page.py:29 Info :: MicrosoftEdge :: Search executed successfully.\nINFO     root:search_result_page.py:32 Info :: MicrosoftEdge :: Starting to extract product information.\nINFO     root:search_result_page.py:32 Info :: MicrosoftEdge :: Found product details in the search results.\nINFO     root:search_result_page.py:32 Info :: MicrosoftEdge :: Finished extracting product information.\nINFO     root:search_result_page.py:32 Info :: MicrosoftEdge :: Attempting to click the Next Page link.\nINFO     root:search_result_page.py:32 Info :: MicrosoftEdge :: Successfully clicked the Next Page link.\nINFO     root:search_result_page.py:32 Info :: MicrosoftEdge :: Starting to extract product information.\nINFO     root:search_result_page.py:32 Info :: MicrosoftEdge :: Found product details in the search results.\nINFO     root:search_result_page.py:32 Info :: MicrosoftEdge :: Finished extracting product information.\nINFO     root:search_result_page.py:32 Info :: MicrosoftEdge :: Saving product information for laptop.\nINFO     root:search_result_page.py:32 Info :: MicrosoftEdge :: Product information for laptop saved successfully.\n\n&#34;}], &#34;test_cases/test_basic_crawling.py::TestBasicCrawling::test_amazon_product_search_and_product_details[chrome-mobile-desktop]&#34;: [{&#34;extras&#34;: [{&#34;name&#34;: null, &#34;format_type&#34;: &#34;html&#34;, &#34;content&#34;: &#34;&lt;div&gt;&lt;img src=\&#34;01_02_2025_14_34_52_521401022025.png\&#34; alt=\&#34;screenshot\&#34; style=\&#34;width:304px;height:228px;\&#34; onclick=\&#34;window.open(this.src)\&#34; align=\&#34;right\&#34;/&gt;&lt;/div&gt;&#34;, &#34;mime_type&#34;: null, &#34;extension&#34;: null}], &#34;result&#34;: &#34;Passed&#34;, &#34;testId&#34;: &#34;test_cases/test_basic_crawling.py::TestBasicCrawling::test_amazon_product_search_and_product_details[chrome-mobile-desktop]&#34;, &#34;duration&#34;: &#34;00:01:11&#34;, &#34;resultsTableRow&#34;: [&#34;&lt;td class=\&#34;col-result\&#34;&gt;Passed&lt;/td&gt;&#34;, &#34;&lt;td class=\&#34;col-testId\&#34;&gt;test_cases/test_basic_crawling.py::TestBasicCrawling::test_amazon_product_search_and_product_details[chrome-mobile-desktop]&lt;/td&gt;&#34;, &#34;&lt;td class=\&#34;col-duration\&#34;&gt;00:01:11&lt;/td&gt;&#34;, &#34;&lt;td class=\&#34;col-links\&#34;&gt;&lt;/td&gt;&#34;], &#34;log&#34;: &#34;[gw2] win32 -- Python 3.13.1 d:\\Interview Assignment\\Four_Junctions\\four_junctions_selenium_assignment\\.venv\\Scripts\\python.exe\n\n------------------------------ Captured log setup ------------------------------\nINFO     root:conftest.py:75 Closing the Edge Browser\nINFO     WDM:logger.py:11 xdist worker is: gw2\nINFO     WDM:logger.py:11 ====== WebDriver manager ======\nINFO     WDM:logger.py:11 Get LATEST chromedriver version for google-chrome\nINFO     WDM:logger.py:11 Get LATEST chromedriver version for google-chrome\nINFO     WDM:logger.py:11 Driver [C:\\Users\\Gokul Dev P\\.wdm\\gw2\\drivers\\chromedriver\\win64\\132.0.6834.159\\chromedriver-win32/chromedriver.exe] found in cache\nINFO     root:conftest.py:68 Launching Chrome Browser\n\n------------------------------ Captured log call -------------------------------\nINFO     root:home_page.py:29 Info :: chrome :: Navigating to Amazon home page.\nINFO     root:home_page.py:29 Info :: chrome :: Attempt 1 to check CAPTCHA.\nINFO     root:home_page.py:29 Info :: chrome :: CAPTCHA detected, refreshing the page.\nINFO     root:home_page.py:29 Info :: chrome :: Page refreshed successfully.\nINFO     root:home_page.py:29 Info :: chrome :: No CAPTCHA element found on the page.\nINFO     root:home_page.py:29 Info :: chrome :: Amazon home page loaded successfully.\nINFO     root:home_page.py:29 Info :: chrome :: Attempting to search for: mobile\nINFO     root:home_page.py:29 Info :: chrome :: Search executed successfully.\nINFO     root:search_result_page.py:32 Info :: chrome :: Starting to extract product information.\nINFO     root:search_result_page.py:32 Info :: chrome :: Found product details in the search results.\nINFO     root:search_result_page.py:32 Info :: chrome :: Finished extracting product information.\nINFO     root:search_result_page.py:32 Info :: chrome :: Attempting to click the Next Page link.\nINFO     root:search_result_page.py:32 Info :: chrome :: Successfully clicked the Next Page link.\nINFO     root:search_result_page.py:32 Info :: chrome :: Starting to extract product information.\nINFO     root:search_result_page.py:32 Info :: chrome :: Found product details in the search results.\nINFO     root:search_result_page.py:32 Info :: chrome :: Finished extracting product information.\nINFO     root:search_result_page.py:32 Info :: chrome :: Saving product information for mobile.\nINFO     root:search_result_page.py:32 Info :: chrome :: Product information for mobile saved successfully.\n\n&#34;}], &#34;test_cases/test_basic_crawling.py::TestBasicCrawling::test_amazon_product_search_and_product_details[edge-mobile-mobile]&#34;: [{&#34;extras&#34;: [{&#34;name&#34;: null, &#34;format_type&#34;: &#34;html&#34;, &#34;content&#34;: &#34;&lt;div&gt;&lt;img src=\&#34;01_02_2025_14_35_34_341401022025.png\&#34; alt=\&#34;screenshot\&#34; style=\&#34;width:304px;height:228px;\&#34; onclick=\&#34;window.open(this.src)\&#34; align=\&#34;right\&#34;/&gt;&lt;/div&gt;&#34;, &#34;mime_type&#34;: null, &#34;extension&#34;: null}], &#34;result&#34;: &#34;Passed&#34;, &#34;testId&#34;: &#34;test_cases/test_basic_crawling.py::TestBasicCrawling::test_amazon_product_search_and_product_details[edge-mobile-mobile]&#34;, &#34;duration&#34;: &#34;00:00:54&#34;, &#34;resultsTableRow&#34;: [&#34;&lt;td class=\&#34;col-result\&#34;&gt;Passed&lt;/td&gt;&#34;, &#34;&lt;td class=\&#34;col-testId\&#34;&gt;test_cases/test_basic_crawling.py::TestBasicCrawling::test_amazon_product_search_and_product_details[edge-mobile-mobile]&lt;/td&gt;&#34;, &#34;&lt;td class=\&#34;col-duration\&#34;&gt;00:00:54&lt;/td&gt;&#34;, &#34;&lt;td class=\&#34;col-links\&#34;&gt;&lt;/td&gt;&#34;], &#34;log&#34;: &#34;[gw0] win32 -- Python 3.13.1 d:\\Interview Assignment\\Four_Junctions\\four_junctions_selenium_assignment\\.venv\\Scripts\\python.exe\n\n------------------------------ Captured log call -------------------------------\nINFO     root:home_page.py:29 Info :: MicrosoftEdge :: Navigating to Amazon home page.\nINFO     root:home_page.py:29 Info :: MicrosoftEdge :: Attempt 1 to check CAPTCHA.\nINFO     root:home_page.py:29 Info :: MicrosoftEdge :: No CAPTCHA element found on the page.\nINFO     root:home_page.py:29 Info :: MicrosoftEdge :: Amazon home page loaded successfully.\nINFO     root:home_page.py:29 Info :: MicrosoftEdge :: Attempting to search for: mobile\nINFO     root:home_page.py:29 Info :: MicrosoftEdge :: Search executed successfully.\nINFO     root:search_result_page.py:32 Info :: MicrosoftEdge :: Starting to extract product information.\nINFO     root:search_result_page.py:32 Info :: MicrosoftEdge :: Found product details in the search results.\nINFO     root:search_result_page.py:32 Info :: MicrosoftEdge :: Finished extracting product information.\nINFO     root:search_result_page.py:32 Info :: MicrosoftEdge :: Attempting to click the Next Page link.\nINFO     root:search_result_page.py:32 Info :: MicrosoftEdge :: Successfully clicked the Next Page link.\nINFO     root:search_result_page.py:32 Info :: MicrosoftEdge :: Starting to extract product information.\nINFO     root:search_result_page.py:32 Info :: MicrosoftEdge :: Found product details in the search results.\nINFO     root:search_result_page.py:32 Info :: MicrosoftEdge :: Finished extracting product information.\nINFO     root:search_result_page.py:32 Info :: MicrosoftEdge :: Saving product information for mobile.\nINFO     root:search_result_page.py:32 Info :: MicrosoftEdge :: Product information for mobile saved successfully.\n\n&#34;}], &#34;test_cases/test_basic_crawling.py::TestBasicCrawling::test_amazon_product_search_and_product_details[edge-headphones-desktop]&#34;: [{&#34;extras&#34;: [{&#34;name&#34;: null, &#34;format_type&#34;: &#34;html&#34;, &#34;content&#34;: &#34;&lt;div&gt;&lt;img src=\&#34;01_02_2025_14_35_37_371401022025.png\&#34; alt=\&#34;screenshot\&#34; style=\&#34;width:304px;height:228px;\&#34; onclick=\&#34;window.open(this.src)\&#34; align=\&#34;right\&#34;/&gt;&lt;/div&gt;&#34;, &#34;mime_type&#34;: null, &#34;extension&#34;: null}], &#34;result&#34;: &#34;Passed&#34;, &#34;testId&#34;: &#34;test_cases/test_basic_crawling.py::TestBasicCrawling::test_amazon_product_search_and_product_details[edge-headphones-desktop]&#34;, &#34;duration&#34;: &#34;00:00:55&#34;, &#34;resultsTableRow&#34;: [&#34;&lt;td class=\&#34;col-result\&#34;&gt;Passed&lt;/td&gt;&#34;, &#34;&lt;td class=\&#34;col-testId\&#34;&gt;test_cases/test_basic_crawling.py::TestBasicCrawling::test_amazon_product_search_and_product_details[edge-headphones-desktop]&lt;/td&gt;&#34;, &#34;&lt;td class=\&#34;col-duration\&#34;&gt;00:00:55&lt;/td&gt;&#34;, &#34;&lt;td class=\&#34;col-links\&#34;&gt;&lt;/td&gt;&#34;], &#34;log&#34;: &#34;[gw1] win32 -- Python 3.13.1 d:\\Interview Assignment\\Four_Junctions\\four_junctions_selenium_assignment\\.venv\\Scripts\\python.exe\n\n------------------------------ Captured log call -------------------------------\nINFO     root:home_page.py:29 Info :: MicrosoftEdge :: Navigating to Amazon home page.\nINFO     root:home_page.py:29 Info :: MicrosoftEdge :: Attempt 1 to check CAPTCHA.\nINFO     root:home_page.py:29 Info :: MicrosoftEdge :: No CAPTCHA element found on the page.\nINFO     root:home_page.py:29 Info :: MicrosoftEdge :: Amazon home page loaded successfully.\nINFO     root:home_page.py:29 Info :: MicrosoftEdge :: Attempting to search for: headphones\nINFO     root:home_page.py:29 Info :: MicrosoftEdge :: Search executed successfully.\nINFO     root:search_result_page.py:32 Info :: MicrosoftEdge :: Starting to extract product information.\nINFO     root:search_result_page.py:32 Info :: MicrosoftEdge :: Found product details in the search results.\nINFO     root:search_result_page.py:32 Info :: MicrosoftEdge :: Finished extracting product information.\nINFO     root:search_result_page.py:32 Info :: MicrosoftEdge :: Attempting to click the Next Page link.\nINFO     root:search_result_page.py:32 Info :: MicrosoftEdge :: Successfully clicked the Next Page link.\nINFO     root:search_result_page.py:32 Info :: MicrosoftEdge :: Starting to extract product information.\nINFO     root:search_result_page.py:32 Info :: MicrosoftEdge :: Found product details in the search results.\nINFO     root:search_result_page.py:32 Info :: MicrosoftEdge :: Finished extracting product information.\nINFO     root:search_result_page.py:32 Info :: MicrosoftEdge :: Saving product information for headphones.\nINFO     root:search_result_page.py:32 Info :: MicrosoftEdge :: Product information for headphones saved successfully.\n\n&#34;}], &#34;test_cases/test_basic_crawling.py::TestBasicCrawling::test_amazon_product_search_and_product_details[chrome-mobile-tablet]&#34;: [{&#34;extras&#34;: [{&#34;name&#34;: null, &#34;format_type&#34;: &#34;html&#34;, &#34;content&#34;: &#34;&lt;div&gt;&lt;img src=\&#34;01_02_2025_14_35_48_481401022025.png\&#34; alt=\&#34;screenshot\&#34; style=\&#34;width:304px;height:228px;\&#34; onclick=\&#34;window.open(this.src)\&#34; align=\&#34;right\&#34;/&gt;&lt;/div&gt;&#34;, &#34;mime_type&#34;: null, &#34;extension&#34;: null}], &#34;result&#34;: &#34;Passed&#34;, &#34;testId&#34;: &#34;test_cases/test_basic_crawling.py::TestBasicCrawling::test_amazon_product_search_and_product_details[chrome-mobile-tablet]&#34;, &#34;duration&#34;: &#34;00:00:56&#34;, &#34;resultsTableRow&#34;: [&#34;&lt;td class=\&#34;col-result\&#34;&gt;Passed&lt;/td&gt;&#34;, &#34;&lt;td class=\&#34;col-testId\&#34;&gt;test_cases/test_basic_crawling.py::TestBasicCrawling::test_amazon_product_search_and_product_details[chrome-mobile-tablet]&lt;/td&gt;&#34;, &#34;&lt;td class=\&#34;col-duration\&#34;&gt;00:00:56&lt;/td&gt;&#34;, &#34;&lt;td class=\&#34;col-links\&#34;&gt;&lt;/td&gt;&#34;], &#34;log&#34;: &#34;[gw2] win32 -- Python 3.13.1 d:\\Interview Assignment\\Four_Junctions\\four_junctions_selenium_assignment\\.venv\\Scripts\\python.exe\n\n------------------------------ Captured log call -------------------------------\nINFO     root:home_page.py:29 Info :: chrome :: Navigating to Amazon home page.\nINFO     root:home_page.py:29 Info :: chrome :: Attempt 1 to check CAPTCHA.\nINFO     root:home_page.py:29 Info :: chrome :: No CAPTCHA element found on the page.\nINFO     root:home_page.py:29 Info :: chrome :: Amazon home page loaded successfully.\nINFO     root:home_page.py:29 Info :: chrome :: Attempting to search for: mobile\nINFO     root:home_page.py:29 Info :: chrome :: Search executed successfully.\nINFO     root:search_result_page.py:32 Info :: chrome :: Starting to extract product information.\nINFO     root:search_result_page.py:32 Info :: chrome :: Found product details in the search results.\nINFO     root:search_result_page.py:32 Info :: chrome :: Finished extracting product information.\nINFO     root:search_result_page.py:32 Info :: chrome :: Attempting to click the Next Page link.\nINFO     root:search_result_page.py:32 Info :: chrome :: Successfully clicked the Next Page link.\nINFO     root:search_result_page.py:32 Info :: chrome :: Starting to extract product information.\nINFO     root:search_result_page.py:32 Info :: chrome :: Found product details in the search results.\nINFO     root:search_result_page.py:32 Info :: chrome :: Finished extracting product information.\nINFO     root:search_result_page.py:32 Info :: chrome :: Saving product information for mobile.\nINFO     root:search_result_page.py:32 Info :: chrome :: Product information for mobile saved successfully.\n\n&#34;}], &#34;test_cases/test_basic_crawling.py::TestBasicCrawling::test_amazon_product_search_and_product_details[edge-laptop-desktop]&#34;: [{&#34;extras&#34;: [{&#34;name&#34;: null, &#34;format_type&#34;: &#34;html&#34;, &#34;content&#34;: &#34;&lt;div&gt;&lt;img src=\&#34;01_02_2025_14_36_22_221401022025.png\&#34; alt=\&#34;screenshot\&#34; style=\&#34;width:304px;height:228px;\&#34; onclick=\&#34;window.open(this.src)\&#34; align=\&#34;right\&#34;/&gt;&lt;/div&gt;&#34;, &#34;mime_type&#34;: null, &#34;extension&#34;: null}], &#34;result&#34;: &#34;Passed&#34;, &#34;testId&#34;: &#34;test_cases/test_basic_crawling.py::TestBasicCrawling::test_amazon_product_search_and_product_details[edge-laptop-desktop]&#34;, &#34;duration&#34;: &#34;00:00:47&#34;, &#34;resultsTableRow&#34;: [&#34;&lt;td class=\&#34;col-result\&#34;&gt;Passed&lt;/td&gt;&#34;, &#34;&lt;td class=\&#34;col-testId\&#34;&gt;test_cases/test_basic_crawling.py::TestBasicCrawling::test_amazon_product_search_and_product_details[edge-laptop-desktop]&lt;/td&gt;&#34;, &#34;&lt;td class=\&#34;col-duration\&#34;&gt;00:00:47&lt;/td&gt;&#34;, &#34;&lt;td class=\&#34;col-links\&#34;&gt;&lt;/td&gt;&#34;], &#34;log&#34;: &#34;[gw0] win32 -- Python 3.13.1 d:\\Interview Assignment\\Four_Junctions\\four_junctions_selenium_assignment\\.venv\\Scripts\\python.exe\n\n------------------------------ Captured log call -------------------------------\nINFO     root:home_page.py:29 Info :: MicrosoftEdge :: Navigating to Amazon home page.\nINFO     root:home_page.py:29 Info :: MicrosoftEdge :: Attempt 1 to check CAPTCHA.\nINFO     root:home_page.py:29 Info :: MicrosoftEdge :: No CAPTCHA element found on the page.\nINFO     root:home_page.py:29 Info :: MicrosoftEdge :: Amazon home page loaded successfully.\nINFO     root:home_page.py:29 Info :: MicrosoftEdge :: Attempting to search for: laptop\nINFO     root:home_page.py:29 Info :: MicrosoftEdge :: Search executed successfully.\nINFO     root:search_result_page.py:32 Info :: MicrosoftEdge :: Starting to extract product information.\nINFO     root:search_result_page.py:32 Info :: MicrosoftEdge :: Found product details in the search results.\nINFO     root:search_result_page.py:32 Info :: MicrosoftEdge :: Finished extracting product information.\nINFO     root:search_result_page.py:32 Info :: MicrosoftEdge :: Attempting to click the Next Page link.\nINFO     root:search_result_page.py:32 Info :: MicrosoftEdge :: Successfully clicked the Next Page link.\nINFO     root:search_result_page.py:32 Info :: MicrosoftEdge :: Starting to extract product information.\nINFO     root:search_result_page.py:32 Info :: MicrosoftEdge :: Found product details in the search results.\nINFO     root:search_result_page.py:32 Info :: MicrosoftEdge :: Finished extracting product information.\nINFO     root:search_result_page.py:32 Info :: MicrosoftEdge :: Saving product information for laptop.\nINFO     root:search_result_page.py:32 Info :: MicrosoftEdge :: Product information for laptop saved successfully.\n\n&#34;}], &#34;test_cases/test_basic_crawling.py::TestBasicCrawling::test_amazon_product_search_and_product_details[edge-headphones-tablet]&#34;: [{&#34;extras&#34;: [{&#34;name&#34;: null, &#34;format_type&#34;: &#34;html&#34;, &#34;content&#34;: &#34;&lt;div&gt;&lt;img src=\&#34;01_02_2025_14_36_34_341401022025.png\&#34; alt=\&#34;screenshot\&#34; style=\&#34;width:304px;height:228px;\&#34; onclick=\&#34;window.open(this.src)\&#34; align=\&#34;right\&#34;/&gt;&lt;/div&gt;&#34;, &#34;mime_type&#34;: null, &#34;extension&#34;: null}], &#34;result&#34;: &#34;Passed&#34;, &#34;testId&#34;: &#34;test_cases/test_basic_crawling.py::TestBasicCrawling::test_amazon_product_search_and_product_details[edge-headphones-tablet]&#34;, &#34;duration&#34;: &#34;00:00:55&#34;, &#34;resultsTableRow&#34;: [&#34;&lt;td class=\&#34;col-result\&#34;&gt;Passed&lt;/td&gt;&#34;, &#34;&lt;td class=\&#34;col-testId\&#34;&gt;test_cases/test_basic_crawling.py::TestBasicCrawling::test_amazon_product_search_and_product_details[edge-headphones-tablet]&lt;/td&gt;&#34;, &#34;&lt;td class=\&#34;col-duration\&#34;&gt;00:00:55&lt;/td&gt;&#34;, &#34;&lt;td class=\&#34;col-links\&#34;&gt;&lt;/td&gt;&#34;], &#34;log&#34;: &#34;[gw1] win32 -- Python 3.13.1 d:\\Interview Assignment\\Four_Junctions\\four_junctions_selenium_assignment\\.venv\\Scripts\\python.exe\n\n------------------------------ Captured log call -------------------------------\nINFO     root:home_page.py:29 Info :: MicrosoftEdge :: Navigating to Amazon home page.\nINFO     root:home_page.py:29 Info :: MicrosoftEdge :: Attempt 1 to check CAPTCHA.\nINFO     root:home_page.py:29 Info :: MicrosoftEdge :: No CAPTCHA element found on the page.\nINFO     root:home_page.py:29 Info :: MicrosoftEdge :: Amazon home page loaded successfully.\nINFO     root:home_page.py:29 Info :: MicrosoftEdge :: Attempting to search for: headphones\nINFO     root:home_page.py:29 Info :: MicrosoftEdge :: Search executed successfully.\nINFO     root:search_result_page.py:32 Info :: MicrosoftEdge :: Starting to extract product information.\nINFO     root:search_result_page.py:32 Info :: MicrosoftEdge :: Found product details in the search results.\nINFO     root:search_result_page.py:32 Info :: MicrosoftEdge :: Finished extracting product information.\nINFO     root:search_result_page.py:32 Info :: MicrosoftEdge :: Attempting to click the Next Page link.\nINFO     root:search_result_page.py:32 Info :: MicrosoftEdge :: Successfully clicked the Next Page link.\nINFO     root:search_result_page.py:32 Info :: MicrosoftEdge :: Starting to extract product information.\nINFO     root:search_result_page.py:32 Info :: MicrosoftEdge :: Found product details in the search results.\nINFO     root:search_result_page.py:32 Info :: MicrosoftEdge :: Finished extracting product information.\nINFO     root:search_result_page.py:32 Info :: MicrosoftEdge :: Saving product information for headphones.\nINFO     root:search_result_page.py:32 Info :: MicrosoftEdge :: Product information for headphones saved successfully.\n\n&#34;}], &#34;test_cases/test_basic_crawling.py::TestBasicCrawling::test_amazon_product_search_and_product_details[chrome-mobile-mobile]&#34;: [{&#34;extras&#34;: [{&#34;name&#34;: null, &#34;format_type&#34;: &#34;html&#34;, &#34;content&#34;: &#34;&lt;div&gt;&lt;img src=\&#34;01_02_2025_14_36_40_401401022025.png\&#34; alt=\&#34;screenshot\&#34; style=\&#34;width:304px;height:228px;\&#34; onclick=\&#34;window.open(this.src)\&#34; align=\&#34;right\&#34;/&gt;&lt;/div&gt;&#34;, &#34;mime_type&#34;: null, &#34;extension&#34;: null}], &#34;result&#34;: &#34;Passed&#34;, &#34;testId&#34;: &#34;test_cases/test_basic_crawling.py::TestBasicCrawling::test_amazon_product_search_and_product_details[chrome-mobile-mobile]&#34;, &#34;duration&#34;: &#34;00:00:51&#34;, &#34;resultsTableRow&#34;: [&#34;&lt;td class=\&#34;col-result\&#34;&gt;Passed&lt;/td&gt;&#34;, &#34;&lt;td class=\&#34;col-testId\&#34;&gt;test_cases/test_basic_crawling.py::TestBasicCrawling::test_amazon_product_search_and_product_details[chrome-mobile-mobile]&lt;/td&gt;&#34;, &#34;&lt;td class=\&#34;col-duration\&#34;&gt;00:00:51&lt;/td&gt;&#34;, &#34;&lt;td class=\&#34;col-links\&#34;&gt;&lt;/td&gt;&#34;], &#34;log&#34;: &#34;[gw2] win32 -- Python 3.13.1 d:\\Interview Assignment\\Four_Junctions\\four_junctions_selenium_assignment\\.venv\\Scripts\\python.exe\n\n------------------------------ Captured log call -------------------------------\nINFO     root:home_page.py:29 Info :: chrome :: Navigating to Amazon home page.\nINFO     root:home_page.py:29 Info :: chrome :: Attempt 1 to check CAPTCHA.\nINFO     root:home_page.py:29 Info :: chrome :: No CAPTCHA element found on the page.\nINFO     root:home_page.py:29 Info :: chrome :: Amazon home page loaded successfully.\nINFO     root:home_page.py:29 Info :: chrome :: Attempting to search for: mobile\nINFO     root:home_page.py:29 Info :: chrome :: Search executed successfully.\nINFO     root:search_result_page.py:32 Info :: chrome :: Starting to extract product information.\nINFO     root:search_result_page.py:32 Info :: chrome :: Found product details in the search results.\nINFO     root:search_result_page.py:32 Info :: chrome :: Finished extracting product information.\nINFO     root:search_result_page.py:32 Info :: chrome :: Attempting to click the Next Page link.\nINFO     root:search_result_page.py:32 Info :: chrome :: Successfully clicked the Next Page link.\nINFO     root:search_result_page.py:32 Info :: chrome :: Starting to extract product information.\nINFO     root:search_result_page.py:32 Info :: chrome :: Found product details in the search results.\nINFO     root:search_result_page.py:32 Info :: chrome :: Finished extracting product information.\nINFO     root:search_result_page.py:32 Info :: chrome :: Saving product information for mobile.\nINFO     root:search_result_page.py:32 Info :: chrome :: Product information for mobile saved successfully.\n\n&#34;}], &#34;test_cases/test_basic_crawling.py::TestBasicCrawling::test_amazon_product_search_and_product_details[chrome-laptop-desktop]&#34;: [{&#34;extras&#34;: [{&#34;name&#34;: null, &#34;format_type&#34;: &#34;html&#34;, &#34;content&#34;: &#34;&lt;div&gt;&lt;img src=\&#34;01_02_2025_14_37_35_351401022025.png\&#34; alt=\&#34;screenshot\&#34; style=\&#34;width:304px;height:228px;\&#34; onclick=\&#34;window.open(this.src)\&#34; align=\&#34;right\&#34;/&gt;&lt;/div&gt;&#34;, &#34;mime_type&#34;: null, &#34;extension&#34;: null}], &#34;result&#34;: &#34;Passed&#34;, &#34;testId&#34;: &#34;test_cases/test_basic_crawling.py::TestBasicCrawling::test_amazon_product_search_and_product_details[chrome-laptop-desktop]&#34;, &#34;duration&#34;: &#34;00:01:12&#34;, &#34;resultsTableRow&#34;: [&#34;&lt;td class=\&#34;col-result\&#34;&gt;Passed&lt;/td&gt;&#34;, &#34;&lt;td class=\&#34;col-testId\&#34;&gt;test_cases/test_basic_crawling.py::TestBasicCrawling::test_amazon_product_search_and_product_details[chrome-laptop-desktop]&lt;/td&gt;&#34;, &#34;&lt;td class=\&#34;col-duration\&#34;&gt;00:01:12&lt;/td&gt;&#34;, &#34;&lt;td class=\&#34;col-links\&#34;&gt;&lt;/td&gt;&#34;], &#34;log&#34;: &#34;[gw0] win32 -- Python 3.13.1 d:\\Interview Assignment\\Four_Junctions\\four_junctions_selenium_assignment\\.venv\\Scripts\\python.exe\n\n------------------------------ Captured log setup ------------------------------\nINFO     root:conftest.py:75 Closing the Edge Browser\nINFO     WDM:logger.py:11 xdist worker is: gw0\nINFO     WDM:logger.py:11 ====== WebDriver manager ======\nINFO     WDM:logger.py:11 Get LATEST chromedriver version for google-chrome\nINFO     WDM:logger.py:11 Get LATEST chromedriver version for google-chrome\nINFO     WDM:logger.py:11 Driver [C:\\Users\\Gokul Dev P\\.wdm\\gw0\\drivers\\chromedriver\\win64\\132.0.6834.159\\chromedriver-win32/chromedriver.exe] found in cache\nINFO     root:conftest.py:68 Launching Chrome Browser\n\n------------------------------ Captured log call -------------------------------\nINFO     root:home_page.py:29 Info :: chrome :: Navigating to Amazon home page.\nINFO     root:home_page.py:29 Info :: chrome :: Attempt 1 to check CAPTCHA.\nINFO     root:home_page.py:29 Info :: chrome :: CAPTCHA detected, refreshing the page.\nINFO     root:home_page.py:29 Info :: chrome :: Page refreshed successfully.\nINFO     root:home_page.py:29 Info :: chrome :: No CAPTCHA element found on the page.\nINFO     root:home_page.py:29 Info :: chrome :: Amazon home page loaded successfully.\nINFO     root:home_page.py:29 Info :: chrome :: Attempting to search for: laptop\nINFO     root:home_page.py:29 Info :: chrome :: Search executed successfully.\nINFO     root:search_result_page.py:32 Info :: chrome :: Starting to extract product information.\nINFO     root:search_result_page.py:32 Info :: chrome :: Found product details in the search results.\nINFO     root:search_result_page.py:32 Info :: chrome :: Finished extracting product information.\nINFO     root:search_result_page.py:32 Info :: chrome :: Attempting to click the Next Page link.\nINFO     root:search_result_page.py:32 Info :: chrome :: Successfully clicked the Next Page link.\nINFO     root:search_result_page.py:32 Info :: chrome :: Starting to extract product information.\nINFO     root:search_result_page.py:32 Info :: chrome :: Found product details in the search results.\nINFO     root:search_result_page.py:32 Info :: chrome :: Finished extracting product information.\nINFO     root:search_result_page.py:32 Info :: chrome :: Saving product information for laptop.\nINFO     root:search_result_page.py:32 Info :: chrome :: Product information for laptop saved successfully.\n\n&#34;}], &#34;test_cases/test_basic_crawling.py::TestBasicCrawling::test_amazon_product_search_and_product_details[firefox-mobile-desktop]&#34;: [{&#34;extras&#34;: [{&#34;name&#34;: null, &#34;format_type&#34;: &#34;html&#34;, &#34;content&#34;: &#34;&lt;div&gt;&lt;img src=\&#34;01_02_2025_14_37_56_561401022025.png\&#34; alt=\&#34;screenshot\&#34; style=\&#34;width:304px;height:228px;\&#34; onclick=\&#34;window.open(this.src)\&#34; align=\&#34;right\&#34;/&gt;&lt;/div&gt;&#34;, &#34;mime_type&#34;: null, &#34;extension&#34;: null}], &#34;result&#34;: &#34;Passed&#34;, &#34;testId&#34;: &#34;test_cases/test_basic_crawling.py::TestBasicCrawling::test_amazon_product_search_and_product_details[firefox-mobile-desktop]&#34;, &#34;duration&#34;: &#34;00:01:22&#34;, &#34;resultsTableRow&#34;: [&#34;&lt;td class=\&#34;col-result\&#34;&gt;Passed&lt;/td&gt;&#34;, &#34;&lt;td class=\&#34;col-testId\&#34;&gt;test_cases/test_basic_crawling.py::TestBasicCrawling::test_amazon_product_search_and_product_details[firefox-mobile-desktop]&lt;/td&gt;&#34;, &#34;&lt;td class=\&#34;col-duration\&#34;&gt;00:01:22&lt;/td&gt;&#34;, &#34;&lt;td class=\&#34;col-links\&#34;&gt;&lt;/td&gt;&#34;], &#34;log&#34;: &#34;[gw1] win32 -- Python 3.13.1 d:\\Interview Assignment\\Four_Junctions\\four_junctions_selenium_assignment\\.venv\\Scripts\\python.exe\n\n------------------------------ Captured log setup ------------------------------\nINFO     root:conftest.py:75 Closing the Edge Browser\nINFO     WDM:logger.py:11 xdist worker is: gw1\nINFO     WDM:logger.py:11 ====== WebDriver manager ======\nINFO     WDM:logger.py:11 Get LATEST geckodriver version for 134.0 firefox\nINFO     WDM:logger.py:11 Get LATEST geckodriver version for 134.0 firefox\nINFO     WDM:logger.py:11 Get LATEST geckodriver version for 134.0 firefox\nINFO     WDM:logger.py:11 Getting latest mozilla release info for v0.35.0\nINFO     WDM:logger.py:11 About to download new driver from https://github.com/mozilla/geckodriver/releases/download/v0.35.0/geckodriver-v0.35.0-win64.zip\nINFO     WDM:logger.py:11 Driver downloading response is 200\nINFO     WDM:logger.py:11 Get LATEST geckodriver version for 134.0 firefox\nINFO     WDM:logger.py:11 Driver has been saved in cache [C:\\Users\\Gokul Dev P\\.wdm\\gw1\\drivers\\geckodriver\\win64\\v0.35.0]\nINFO     root:conftest.py:68 Launching Firefox Browser\n\n------------------------------ Captured log call -------------------------------\nINFO     root:home_page.py:29 Info :: firefox :: Navigating to Amazon home page.\nINFO     root:home_page.py:29 Info :: firefox :: Attempt 1 to check CAPTCHA.\nINFO     root:home_page.py:29 Info :: firefox :: No CAPTCHA element found on the page.\nINFO     root:home_page.py:29 Info :: firefox :: Amazon home page loaded successfully.\nINFO     root:home_page.py:29 Info :: firefox :: Attempting to search for: mobile\nINFO     root:home_page.py:29 Info :: firefox :: Search executed successfully.\nINFO     root:search_result_page.py:32 Info :: firefox :: Starting to extract product information.\nINFO     root:search_result_page.py:32 Info :: firefox :: Found product details in the search results.\nINFO     root:search_result_page.py:32 Info :: firefox :: Finished extracting product information.\nINFO     root:search_result_page.py:32 Info :: firefox :: Attempting to click the Next Page link.\nINFO     root:search_result_page.py:32 Info :: firefox :: Successfully clicked the Next Page link.\nINFO     root:search_result_page.py:32 Info :: firefox :: Starting to extract product information.\nINFO     root:search_result_page.py:32 Info :: firefox :: Found product details in the search results.\nINFO     root:search_result_page.py:32 Info :: firefox :: Finished extracting product information.\nINFO     root:search_result_page.py:32 Info :: firefox :: Saving product information for mobile.\nINFO     root:search_result_page.py:32 Info :: firefox :: Product information for mobile saved successfully.\n\n&#34;}], &#34;test_cases/test_basic_crawling.py::TestBasicCrawling::test_amazon_product_search_and_product_details[firefox-laptop-mobile]&#34;: [{&#34;extras&#34;: [{&#34;name&#34;: null, &#34;format_type&#34;: &#34;html&#34;, &#34;content&#34;: &#34;&lt;div&gt;&lt;img src=\&#34;01_02_2025_14_38_05_051401022025.png\&#34; alt=\&#34;screenshot\&#34; style=\&#34;width:304px;height:228px;\&#34; onclick=\&#34;window.open(this.src)\&#34; align=\&#34;right\&#34;/&gt;&lt;/div&gt;&#34;, &#34;mime_type&#34;: null, &#34;extension&#34;: null}], &#34;result&#34;: &#34;Passed&#34;, &#34;testId&#34;: &#34;test_cases/test_basic_crawling.py::TestBasicCrawling::test_amazon_product_search_and_product_details[firefox-laptop-mobile]&#34;, &#34;duration&#34;: &#34;00:01:25&#34;, &#34;resultsTableRow&#34;: [&#34;&lt;td class=\&#34;col-result\&#34;&gt;Passed&lt;/td&gt;&#34;, &#34;&lt;td class=\&#34;col-testId\&#34;&gt;test_cases/test_basic_crawling.py::TestBasicCrawling::test_amazon_product_search_and_product_details[firefox-laptop-mobile]&lt;/td&gt;&#34;, &#34;&lt;td class=\&#34;col-duration\&#34;&gt;00:01:25&lt;/td&gt;&#34;, &#34;&lt;td class=\&#34;col-links\&#34;&gt;&lt;/td&gt;&#34;], &#34;log&#34;: &#34;[gw2] win32 -- Python 3.13.1 d:\\Interview Assignment\\Four_Junctions\\four_junctions_selenium_assignment\\.venv\\Scripts\\python.exe\n\n------------------------------ Captured log setup ------------------------------\nINFO     root:conftest.py:75 Closing the Chrome Browser\nINFO     WDM:logger.py:11 xdist worker is: gw2\nINFO     WDM:logger.py:11 ====== WebDriver manager ======\nINFO     WDM:logger.py:11 Get LATEST geckodriver version for 134.0 firefox\nINFO     WDM:logger.py:11 Get LATEST geckodriver version for 134.0 firefox\nINFO     WDM:logger.py:11 Get LATEST geckodriver version for 134.0 firefox\nINFO     WDM:logger.py:11 Getting latest mozilla release info for v0.35.0\nINFO     WDM:logger.py:11 About to download new driver from https://github.com/mozilla/geckodriver/releases/download/v0.35.0/geckodriver-v0.35.0-win64.zip\nINFO     WDM:logger.py:11 Driver downloading response is 200\nINFO     WDM:logger.py:11 Get LATEST geckodriver version for 134.0 firefox\nINFO     WDM:logger.py:11 Driver has been saved in cache [C:\\Users\\Gokul Dev P\\.wdm\\gw2\\drivers\\geckodriver\\win64\\v0.35.0]\nINFO     root:conftest.py:68 Launching Firefox Browser\n\n------------------------------ Captured log call -------------------------------\nINFO     root:home_page.py:29 Info :: firefox :: Navigating to Amazon home page.\nINFO     root:home_page.py:29 Info :: firefox :: Attempt 1 to check CAPTCHA.\nINFO     root:home_page.py:29 Info :: firefox :: No CAPTCHA element found on the page.\nINFO     root:home_page.py:29 Info :: firefox :: Amazon home page loaded successfully.\nINFO     root:home_page.py:29 Info :: firefox :: Attempting to search for: laptop\nINFO     root:home_page.py:29 Info :: firefox :: Search executed successfully.\nINFO     root:search_result_page.py:32 Info :: firefox :: Starting to extract product information.\nINFO     root:search_result_page.py:32 Info :: firefox :: Found product details in the search results.\nINFO     root:search_result_page.py:32 Info :: firefox :: Finished extracting product information.\nINFO     root:search_result_page.py:32 Info :: firefox :: Attempting to click the Next Page link.\nINFO     root:search_result_page.py:32 Info :: firefox :: Successfully clicked the Next Page link.\nINFO     root:search_result_page.py:32 Info :: firefox :: Starting to extract product information.\nINFO     root:search_result_page.py:32 Info :: firefox :: Found product details in the search results.\nINFO     root:search_result_page.py:32 Info :: firefox :: Finished extracting product information.\nINFO     root:search_result_page.py:32 Info :: firefox :: Saving product information for laptop.\nINFO     root:search_result_page.py:32 Info :: firefox :: Product information for laptop saved successfully.\n\n&#34;}], &#34;test_cases/test_basic_crawling.py::TestBasicCrawling::test_amazon_product_search_and_product_details[chrome-laptop-tablet]&#34;: [{&#34;extras&#34;: [{&#34;name&#34;: null, &#34;format_type&#34;: &#34;html&#34;, &#34;content&#34;: &#34;&lt;div&gt;&lt;img src=\&#34;01_02_2025_14_38_25_251401022025.png\&#34; alt=\&#34;screenshot\&#34; style=\&#34;width:304px;height:228px;\&#34; onclick=\&#34;window.open(this.src)\&#34; align=\&#34;right\&#34;/&gt;&lt;/div&gt;&#34;, &#34;mime_type&#34;: null, &#34;extension&#34;: null}], &#34;result&#34;: &#34;Passed&#34;, &#34;testId&#34;: &#34;test_cases/test_basic_crawling.py::TestBasicCrawling::test_amazon_product_search_and_product_details[chrome-laptop-tablet]&#34;, &#34;duration&#34;: &#34;00:00:49&#34;, &#34;resultsTableRow&#34;: [&#34;&lt;td class=\&#34;col-result\&#34;&gt;Passed&lt;/td&gt;&#34;, &#34;&lt;td class=\&#34;col-testId\&#34;&gt;test_cases/test_basic_crawling.py::TestBasicCrawling::test_amazon_product_search_and_product_details[chrome-laptop-tablet]&lt;/td&gt;&#34;, &#34;&lt;td class=\&#34;col-duration\&#34;&gt;00:00:49&lt;/td&gt;&#34;, &#34;&lt;td class=\&#34;col-links\&#34;&gt;&lt;/td&gt;&#34;], &#34;log&#34;: &#34;[gw0] win32 -- Python 3.13.1 d:\\Interview Assignment\\Four_Junctions\\four_junctions_selenium_assignment\\.venv\\Scripts\\python.exe\n\n------------------------------ Captured log call -------------------------------\nINFO     root:home_page.py:29 Info :: chrome :: Navigating to Amazon home page.\nINFO     root:home_page.py:29 Info :: chrome :: Attempt 1 to check CAPTCHA.\nINFO     root:home_page.py:29 Info :: chrome :: No CAPTCHA element found on the page.\nINFO     root:home_page.py:29 Info :: chrome :: Amazon home page loaded successfully.\nINFO     root:home_page.py:29 Info :: chrome :: Attempting to search for: laptop\nINFO     root:home_page.py:29 Info :: chrome :: Search executed successfully.\nINFO     root:search_result_page.py:32 Info :: chrome :: Starting to extract product information.\nINFO     root:search_result_page.py:32 Info :: chrome :: Found product details in the search results.\nINFO     root:search_result_page.py:32 Info :: chrome :: Finished extracting product information.\nINFO     root:search_result_page.py:32 Info :: chrome :: Attempting to click the Next Page link.\nINFO     root:search_result_page.py:32 Info :: chrome :: Successfully clicked the Next Page link.\nINFO     root:search_result_page.py:32 Info :: chrome :: Starting to extract product information.\nINFO     root:search_result_page.py:32 Info :: chrome :: Found product details in the search results.\nINFO     root:search_result_page.py:32 Info :: chrome :: Finished extracting product information.\nINFO     root:search_result_page.py:32 Info :: chrome :: Saving product information for laptop.\nINFO     root:search_result_page.py:32 Info :: chrome :: Product information for laptop saved successfully.\n\n&#34;}], &#34;test_cases/test_basic_crawling.py::TestBasicCrawling::test_amazon_product_search_and_product_details[firefox-mobile-tablet]&#34;: [{&#34;extras&#34;: [{&#34;name&#34;: null, &#34;format_type&#34;: &#34;html&#34;, &#34;content&#34;: &#34;&lt;div&gt;&lt;img src=\&#34;01_02_2025_14_38_49_491401022025.png\&#34; alt=\&#34;screenshot\&#34; style=\&#34;width:304px;height:228px;\&#34; onclick=\&#34;window.open(this.src)\&#34; align=\&#34;right\&#34;/&gt;&lt;/div&gt;&#34;, &#34;mime_type&#34;: null, &#34;extension&#34;: null}], &#34;result&#34;: &#34;Passed&#34;, &#34;testId&#34;: &#34;test_cases/test_basic_crawling.py::TestBasicCrawling::test_amazon_product_search_and_product_details[firefox-mobile-tablet]&#34;, &#34;duration&#34;: &#34;00:00:51&#34;, &#34;resultsTableRow&#34;: [&#34;&lt;td class=\&#34;col-result\&#34;&gt;Passed&lt;/td&gt;&#34;, &#34;&lt;td class=\&#34;col-testId\&#34;&gt;test_cases/test_basic_crawling.py::TestBasicCrawling::test_amazon_product_search_and_product_details[firefox-mobile-tablet]&lt;/td&gt;&#34;, &#34;&lt;td class=\&#34;col-duration\&#34;&gt;00:00:51&lt;/td&gt;&#34;, &#34;&lt;td class=\&#34;col-links\&#34;&gt;&lt;/td&gt;&#34;], &#34;log&#34;: &#34;[gw1] win32 -- Python 3.13.1 d:\\Interview Assignment\\Four_Junctions\\four_junctions_selenium_assignment\\.venv\\Scripts\\python.exe\n\n------------------------------ Captured log call -------------------------------\nINFO     root:home_page.py:29 Info :: firefox :: Navigating to Amazon home page.\nINFO     root:home_page.py:29 Info :: firefox :: Attempt 1 to check CAPTCHA.\nINFO     root:home_page.py:29 Info :: firefox :: No CAPTCHA element found on the page.\nINFO     root:home_page.py:29 Info :: firefox :: Amazon home page loaded successfully.\nINFO     root:home_page.py:29 Info :: firefox :: Attempting to search for: mobile\nINFO     root:home_page.py:29 Info :: firefox :: Search executed successfully.\nINFO     root:search_result_page.py:32 Info :: firefox :: Starting to extract product information.\nINFO     root:search_result_page.py:32 Info :: firefox :: Found product details in the search results.\nINFO     root:search_result_page.py:32 Info :: firefox :: Finished extracting product information.\nINFO     root:search_result_page.py:32 Info :: firefox :: Attempting to click the Next Page link.\nINFO     root:search_result_page.py:32 Info :: firefox :: Successfully clicked the Next Page link.\nINFO     root:search_result_page.py:32 Info :: firefox :: Starting to extract product information.\nINFO     root:search_result_page.py:32 Info :: firefox :: Found product details in the search results.\nINFO     root:search_result_page.py:32 Info :: firefox :: Finished extracting product information.\nINFO     root:search_result_page.py:32 Info :: firefox :: Saving product information for mobile.\nINFO     root:search_result_page.py:32 Info :: firefox :: Product information for mobile saved successfully.\n\n&#34;}], &#34;test_cases/test_basic_crawling.py::TestBasicCrawling::test_amazon_product_search_and_product_details[firefox-headphones-desktop]&#34;: [{&#34;extras&#34;: [{&#34;name&#34;: null, &#34;format_type&#34;: &#34;html&#34;, &#34;content&#34;: &#34;&lt;div&gt;&lt;img src=\&#34;01_02_2025_14_38_56_561401022025.png\&#34; alt=\&#34;screenshot\&#34; style=\&#34;width:304px;height:228px;\&#34; onclick=\&#34;window.open(this.src)\&#34; align=\&#34;right\&#34;/&gt;&lt;/div&gt;&#34;, &#34;mime_type&#34;: null, &#34;extension&#34;: null}], &#34;result&#34;: &#34;Passed&#34;, &#34;testId&#34;: &#34;test_cases/test_basic_crawling.py::TestBasicCrawling::test_amazon_product_search_and_product_details[firefox-headphones-desktop]&#34;, &#34;duration&#34;: &#34;00:00:51&#34;, &#34;resultsTableRow&#34;: [&#34;&lt;td class=\&#34;col-result\&#34;&gt;Passed&lt;/td&gt;&#34;, &#34;&lt;td class=\&#34;col-testId\&#34;&gt;test_cases/test_basic_crawling.py::TestBasicCrawling::test_amazon_product_search_and_product_details[firefox-headphones-desktop]&lt;/td&gt;&#34;, &#34;&lt;td class=\&#34;col-duration\&#34;&gt;00:00:51&lt;/td&gt;&#34;, &#34;&lt;td class=\&#34;col-links\&#34;&gt;&lt;/td&gt;&#34;], &#34;log&#34;: &#34;[gw2] win32 -- Python 3.13.1 d:\\Interview Assignment\\Four_Junctions\\four_junctions_selenium_assignment\\.venv\\Scripts\\python.exe\n\n------------------------------ Captured log call -------------------------------\nINFO     root:home_page.py:29 Info :: firefox :: Navigating to Amazon home page.\nINFO     root:home_page.py:29 Info :: firefox :: Attempt 1 to check CAPTCHA.\nINFO     root:home_page.py:29 Info :: firefox :: No CAPTCHA element found on the page.\nINFO     root:home_page.py:29 Info :: firefox :: Amazon home page loaded successfully.\nINFO     root:home_page.py:29 Info :: firefox :: Attempting to search for: headphones\nINFO     root:home_page.py:29 Info :: firefox :: Search executed successfully.\nINFO     root:search_result_page.py:32 Info :: firefox :: Starting to extract product information.\nINFO     root:search_result_page.py:32 Info :: firefox :: Found product details in the search results.\nINFO     root:search_result_page.py:32 Info :: firefox :: Finished extracting product information.\nINFO     root:search_result_page.py:32 Info :: firefox :: Attempting to click the Next Page link.\nINFO     root:search_result_page.py:32 Info :: firefox :: Successfully clicked the Next Page link.\nINFO     root:search_result_page.py:32 Info :: firefox :: Starting to extract product information.\nINFO     root:search_result_page.py:32 Info :: firefox :: Found product details in the search results.\nINFO     root:search_result_page.py:32 Info :: firefox :: Finished extracting product information.\nINFO     root:search_result_page.py:32 Info :: firefox :: Saving product information for headphones.\nINFO     root:search_result_page.py:32 Info :: firefox :: Product information for headphones saved successfully.\n\n&#34;}], &#34;test_cases/test_basic_crawling.py::TestBasicCrawling::test_amazon_product_search_and_product_details[chrome-laptop-mobile]&#34;: [{&#34;extras&#34;: [{&#34;name&#34;: null, &#34;format_type&#34;: &#34;html&#34;, &#34;content&#34;: &#34;&lt;div&gt;&lt;img src=\&#34;01_02_2025_14_39_10_101401022025.png\&#34; alt=\&#34;screenshot\&#34; style=\&#34;width:304px;height:228px;\&#34; onclick=\&#34;window.open(this.src)\&#34; align=\&#34;right\&#34;/&gt;&lt;/div&gt;&#34;, &#34;mime_type&#34;: null, &#34;extension&#34;: null}], &#34;result&#34;: &#34;Passed&#34;, &#34;testId&#34;: &#34;test_cases/test_basic_crawling.py::TestBasicCrawling::test_amazon_product_search_and_product_details[chrome-laptop-mobile]&#34;, &#34;duration&#34;: &#34;00:00:45&#34;, &#34;resultsTableRow&#34;: [&#34;&lt;td class=\&#34;col-result\&#34;&gt;Passed&lt;/td&gt;&#34;, &#34;&lt;td class=\&#34;col-testId\&#34;&gt;test_cases/test_basic_crawling.py::TestBasicCrawling::test_amazon_product_search_and_product_details[chrome-laptop-mobile]&lt;/td&gt;&#34;, &#34;&lt;td class=\&#34;col-duration\&#34;&gt;00:00:45&lt;/td&gt;&#34;, &#34;&lt;td class=\&#34;col-links\&#34;&gt;&lt;/td&gt;&#34;], &#34;log&#34;: &#34;[gw0] win32 -- Python 3.13.1 d:\\Interview Assignment\\Four_Junctions\\four_junctions_selenium_assignment\\.venv\\Scripts\\python.exe\n\n------------------------------ Captured log call -------------------------------\nINFO     root:home_page.py:29 Info :: chrome :: Navigating to Amazon home page.\nINFO     root:home_page.py:29 Info :: chrome :: Attempt 1 to check CAPTCHA.\nINFO     root:home_page.py:29 Info :: chrome :: No CAPTCHA element found on the page.\nINFO     root:home_page.py:29 Info :: chrome :: Amazon home page loaded successfully.\nINFO     root:home_page.py:29 Info :: chrome :: Attempting to search for: laptop\nINFO     root:home_page.py:29 Info :: chrome :: Search executed successfully.\nINFO     root:search_result_page.py:32 Info :: chrome :: Starting to extract product information.\nINFO     root:search_result_page.py:32 Info :: chrome :: Found product details in the search results.\nINFO     root:search_result_page.py:32 Info :: chrome :: Finished extracting product information.\nINFO     root:search_result_page.py:32 Info :: chrome :: Attempting to click the Next Page link.\nINFO     root:search_result_page.py:32 Info :: chrome :: Successfully clicked the Next Page link.\nINFO     root:search_result_page.py:32 Info :: chrome :: Starting to extract product information.\nINFO     root:search_result_page.py:32 Info :: chrome :: Found product details in the search results.\nINFO     root:search_result_page.py:32 Info :: chrome :: Finished extracting product information.\nINFO     root:search_result_page.py:32 Info :: chrome :: Saving product information for laptop.\nINFO     root:search_result_page.py:32 Info :: chrome :: Product information for laptop saved successfully.\n\n&#34;}], &#34;test_cases/test_basic_crawling.py::TestBasicCrawling::test_amazon_product_search_and_product_details[firefox-mobile-mobile]&#34;: [{&#34;extras&#34;: [{&#34;name&#34;: null, &#34;format_type&#34;: &#34;html&#34;, &#34;content&#34;: &#34;&lt;div&gt;&lt;img src=\&#34;01_02_2025_14_39_34_341401022025.png\&#34; alt=\&#34;screenshot\&#34; style=\&#34;width:304px;height:228px;\&#34; onclick=\&#34;window.open(this.src)\&#34; align=\&#34;right\&#34;/&gt;&lt;/div&gt;&#34;, &#34;mime_type&#34;: null, &#34;extension&#34;: null}], &#34;result&#34;: &#34;Passed&#34;, &#34;testId&#34;: &#34;test_cases/test_basic_crawling.py::TestBasicCrawling::test_amazon_product_search_and_product_details[firefox-mobile-mobile]&#34;, &#34;duration&#34;: &#34;00:00:44&#34;, &#34;resultsTableRow&#34;: [&#34;&lt;td class=\&#34;col-result\&#34;&gt;Passed&lt;/td&gt;&#34;, &#34;&lt;td class=\&#34;col-testId\&#34;&gt;test_cases/test_basic_crawling.py::TestBasicCrawling::test_amazon_product_search_and_product_details[firefox-mobile-mobile]&lt;/td&gt;&#34;, &#34;&lt;td class=\&#34;col-duration\&#34;&gt;00:00:44&lt;/td&gt;&#34;, &#34;&lt;td class=\&#34;col-links\&#34;&gt;&lt;/td&gt;&#34;], &#34;log&#34;: &#34;[gw1] win32 -- Python 3.13.1 d:\\Interview Assignment\\Four_Junctions\\four_junctions_selenium_assignment\\.venv\\Scripts\\python.exe\n\n------------------------------ Captured log call -------------------------------\nINFO     root:home_page.py:29 Info :: firefox :: Navigating to Amazon home page.\nINFO     root:home_page.py:29 Info :: firefox :: Attempt 1 to check CAPTCHA.\nINFO     root:home_page.py:29 Info :: firefox :: No CAPTCHA element found on the page.\nINFO     root:home_page.py:29 Info :: firefox :: Amazon home page loaded successfully.\nINFO     root:home_page.py:29 Info :: firefox :: Attempting to search for: mobile\nINFO     root:home_page.py:29 Info :: firefox :: Search executed successfully.\nINFO     root:search_result_page.py:32 Info :: firefox :: Starting to extract product information.\nINFO     root:search_result_page.py:32 Info :: firefox :: Found product details in the search results.\nINFO     root:search_result_page.py:32 Info :: firefox :: Finished extracting product information.\nINFO     root:search_result_page.py:32 Info :: firefox :: Attempting to click the Next Page link.\nINFO     root:search_result_page.py:32 Info :: firefox :: Successfully clicked the Next Page link.\nINFO     root:search_result_page.py:32 Info :: firefox :: Starting to extract product information.\nINFO     root:search_result_page.py:32 Info :: firefox :: Found product details in the search results.\nINFO     root:search_result_page.py:32 Info :: firefox :: Finished extracting product information.\nINFO     root:search_result_page.py:32 Info :: firefox :: Saving product information for mobile.\nINFO     root:search_result_page.py:32 Info :: firefox :: Product information for mobile saved successfully.\n\n&#34;}], &#34;test_cases/test_basic_crawling.py::TestBasicCrawling::test_amazon_product_search_and_product_details[firefox-headphones-tablet]&#34;: [{&#34;extras&#34;: [{&#34;name&#34;: null, &#34;format_type&#34;: &#34;html&#34;, &#34;content&#34;: &#34;&lt;div&gt;&lt;img src=\&#34;01_02_2025_14_39_50_501401022025.png\&#34; alt=\&#34;screenshot\&#34; style=\&#34;width:304px;height:228px;\&#34; onclick=\&#34;window.open(this.src)\&#34; align=\&#34;right\&#34;/&gt;&lt;/div&gt;&#34;, &#34;mime_type&#34;: null, &#34;extension&#34;: null}], &#34;result&#34;: &#34;Passed&#34;, &#34;testId&#34;: &#34;test_cases/test_basic_crawling.py::TestBasicCrawling::test_amazon_product_search_and_product_details[firefox-headphones-tablet]&#34;, &#34;duration&#34;: &#34;00:00:54&#34;, &#34;resultsTableRow&#34;: [&#34;&lt;td class=\&#34;col-result\&#34;&gt;Passed&lt;/td&gt;&#34;, &#34;&lt;td class=\&#34;col-testId\&#34;&gt;test_cases/test_basic_crawling.py::TestBasicCrawling::test_amazon_product_search_and_product_details[firefox-headphones-tablet]&lt;/td&gt;&#34;, &#34;&lt;td class=\&#34;col-duration\&#34;&gt;00:00:54&lt;/td&gt;&#34;, &#34;&lt;td class=\&#34;col-links\&#34;&gt;&lt;/td&gt;&#34;], &#34;log&#34;: &#34;[gw2] win32 -- Python 3.13.1 d:\\Interview Assignment\\Four_Junctions\\four_junctions_selenium_assignment\\.venv\\Scripts\\python.exe\n\n------------------------------ Captured log call -------------------------------\nINFO     root:home_page.py:29 Info :: firefox :: Navigating to Amazon home page.\nINFO     root:home_page.py:29 Info :: firefox :: Attempt 1 to check CAPTCHA.\nINFO     root:home_page.py:29 Info :: firefox :: No CAPTCHA element found on the page.\nINFO     root:home_page.py:29 Info :: firefox :: Amazon home page loaded successfully.\nINFO     root:home_page.py:29 Info :: firefox :: Attempting to search for: headphones\nINFO     root:home_page.py:29 Info :: firefox :: Search executed successfully.\nINFO     root:search_result_page.py:32 Info :: firefox :: Starting to extract product information.\nINFO     root:search_result_page.py:32 Info :: firefox :: Found product details in the search results.\nINFO     root:search_result_page.py:32 Info :: firefox :: Finished extracting product information.\nINFO     root:search_result_page.py:32 Info :: firefox :: Attempting to click the Next Page link.\nINFO     root:search_result_page.py:32 Info :: firefox :: Successfully clicked the Next Page link.\nINFO     root:search_result_page.py:32 Info :: firefox :: Starting to extract product information.\nINFO     root:search_result_page.py:32 Info :: firefox :: Found product details in the search results.\nINFO     root:search_result_page.py:32 Info :: firefox :: Finished extracting product information.\nINFO     root:search_result_page.py:32 Info :: firefox :: Saving product information for headphones.\nINFO     root:search_result_page.py:32 Info :: firefox :: Product information for headphones saved successfully.\n\n&#34;}], &#34;test_cases/test_basic_crawling.py::TestBasicCrawling::test_amazon_product_search_and_product_details[chrome-headphones-desktop]&#34;: [{&#34;extras&#34;: [{&#34;name&#34;: null, &#34;format_type&#34;: &#34;html&#34;, &#34;content&#34;: &#34;&lt;div&gt;&lt;img src=\&#34;01_02_2025_14_39_59_591401022025.png\&#34; alt=\&#34;screenshot\&#34; style=\&#34;width:304px;height:228px;\&#34; onclick=\&#34;window.open(this.src)\&#34; align=\&#34;right\&#34;/&gt;&lt;/div&gt;&#34;, &#34;mime_type&#34;: null, &#34;extension&#34;: null}], &#34;result&#34;: &#34;Passed&#34;, &#34;testId&#34;: &#34;test_cases/test_basic_crawling.py::TestBasicCrawling::test_amazon_product_search_and_product_details[chrome-headphones-desktop]&#34;, &#34;duration&#34;: &#34;00:00:49&#34;, &#34;resultsTableRow&#34;: [&#34;&lt;td class=\&#34;col-result\&#34;&gt;Passed&lt;/td&gt;&#34;, &#34;&lt;td class=\&#34;col-testId\&#34;&gt;test_cases/test_basic_crawling.py::TestBasicCrawling::test_amazon_product_search_and_product_details[chrome-headphones-desktop]&lt;/td&gt;&#34;, &#34;&lt;td class=\&#34;col-duration\&#34;&gt;00:00:49&lt;/td&gt;&#34;, &#34;&lt;td class=\&#34;col-links\&#34;&gt;&lt;/td&gt;&#34;], &#34;log&#34;: &#34;[gw0] win32 -- Python 3.13.1 d:\\Interview Assignment\\Four_Junctions\\four_junctions_selenium_assignment\\.venv\\Scripts\\python.exe\n\n------------------------------ Captured log call -------------------------------\nINFO     root:home_page.py:29 Info :: chrome :: Navigating to Amazon home page.\nINFO     root:home_page.py:29 Info :: chrome :: Attempt 1 to check CAPTCHA.\nINFO     root:home_page.py:29 Info :: chrome :: No CAPTCHA element found on the page.\nINFO     root:home_page.py:29 Info :: chrome :: Amazon home page loaded successfully.\nINFO     root:home_page.py:29 Info :: chrome :: Attempting to search for: headphones\nINFO     root:home_page.py:29 Info :: chrome :: Search executed successfully.\nINFO     root:search_result_page.py:32 Info :: chrome :: Starting to extract product information.\nINFO     root:search_result_page.py:32 Info :: chrome :: Found product details in the search results.\nINFO     root:search_result_page.py:32 Info :: chrome :: Finished extracting product information.\nINFO     root:search_result_page.py:32 Info :: chrome :: Attempting to click the Next Page link.\nINFO     root:search_result_page.py:32 Info :: chrome :: Successfully clicked the Next Page link.\nINFO     root:search_result_page.py:32 Info :: chrome :: Starting to extract product information.\nINFO     root:search_result_page.py:32 Info :: chrome :: Found product details in the search results.\nINFO     root:search_result_page.py:32 Info :: chrome :: Finished extracting product information.\nINFO     root:search_result_page.py:32 Info :: chrome :: Saving product information for headphones.\nINFO     root:search_result_page.py:32 Info :: chrome :: Product information for headphones saved successfully.\n\n&#34;}], &#34;test_cases/test_basic_crawling.py::TestBasicCrawling::test_amazon_product_search_and_product_details[firefox-laptop-desktop]&#34;: [{&#34;extras&#34;: [{&#34;name&#34;: null, &#34;format_type&#34;: &#34;html&#34;, &#34;content&#34;: &#34;&lt;div&gt;&lt;img src=\&#34;01_02_2025_14_40_21_211401022025.png\&#34; alt=\&#34;screenshot\&#34; style=\&#34;width:304px;height:228px;\&#34; onclick=\&#34;window.open(this.src)\&#34; align=\&#34;right\&#34;/&gt;&lt;/div&gt;&#34;, &#34;mime_type&#34;: null, &#34;extension&#34;: null}], &#34;result&#34;: &#34;Passed&#34;, &#34;testId&#34;: &#34;test_cases/test_basic_crawling.py::TestBasicCrawling::test_amazon_product_search_and_product_details[firefox-laptop-desktop]&#34;, &#34;duration&#34;: &#34;00:00:47&#34;, &#34;resultsTableRow&#34;: [&#34;&lt;td class=\&#34;col-result\&#34;&gt;Passed&lt;/td&gt;&#34;, &#34;&lt;td class=\&#34;col-testId\&#34;&gt;test_cases/test_basic_crawling.py::TestBasicCrawling::test_amazon_product_search_and_product_details[firefox-laptop-desktop]&lt;/td&gt;&#34;, &#34;&lt;td class=\&#34;col-duration\&#34;&gt;00:00:47&lt;/td&gt;&#34;, &#34;&lt;td class=\&#34;col-links\&#34;&gt;&lt;/td&gt;&#34;], &#34;log&#34;: &#34;[gw1] win32 -- Python 3.13.1 d:\\Interview Assignment\\Four_Junctions\\four_junctions_selenium_assignment\\.venv\\Scripts\\python.exe\n\n------------------------------ Captured log call -------------------------------\nINFO     root:home_page.py:29 Info :: firefox :: Navigating to Amazon home page.\nINFO     root:home_page.py:29 Info :: firefox :: Attempt 1 to check CAPTCHA.\nINFO     root:home_page.py:29 Info :: firefox :: No CAPTCHA element found on the page.\nINFO     root:home_page.py:29 Info :: firefox :: Amazon home page loaded successfully.\nINFO     root:home_page.py:29 Info :: firefox :: Attempting to search for: laptop\nINFO     root:home_page.py:29 Info :: firefox :: Search executed successfully.\nINFO     root:search_result_page.py:32 Info :: firefox :: Starting to extract product information.\nINFO     root:search_result_page.py:32 Info :: firefox :: Found product details in the search results.\nINFO     root:search_result_page.py:32 Info :: firefox :: Finished extracting product information.\nINFO     root:search_result_page.py:32 Info :: firefox :: Attempting to click the Next Page link.\nINFO     root:search_result_page.py:32 Info :: firefox :: Successfully clicked the Next Page link.\nINFO     root:search_result_page.py:32 Info :: firefox :: Starting to extract product information.\nINFO     root:search_result_page.py:32 Info :: firefox :: Found product details in the search results.\nINFO     root:search_result_page.py:32 Info :: firefox :: Finished extracting product information.\nINFO     root:search_result_page.py:32 Info :: firefox :: Saving product information for laptop.\nINFO     root:search_result_page.py:32 Info :: firefox :: Product information for laptop saved successfully.\n\n&#34;}], &#34;test_cases/test_basic_crawling.py::TestBasicCrawling::test_amazon_product_search_and_product_details[firefox-headphones-mobile]&#34;: [{&#34;extras&#34;: [{&#34;name&#34;: null, &#34;format_type&#34;: &#34;html&#34;, &#34;content&#34;: &#34;&lt;div&gt;&lt;img src=\&#34;01_02_2025_14_40_41_411401022025.png\&#34; alt=\&#34;screenshot\&#34; style=\&#34;width:304px;height:228px;\&#34; onclick=\&#34;window.open(this.src)\&#34; align=\&#34;right\&#34;/&gt;&lt;/div&gt;&#34;, &#34;mime_type&#34;: null, &#34;extension&#34;: null}], &#34;result&#34;: &#34;Passed&#34;, &#34;testId&#34;: &#34;test_cases/test_basic_crawling.py::TestBasicCrawling::test_amazon_product_search_and_product_details[firefox-headphones-mobile]&#34;, &#34;duration&#34;: &#34;00:00:54&#34;, &#34;resultsTableRow&#34;: [&#34;&lt;td class=\&#34;col-result\&#34;&gt;Passed&lt;/td&gt;&#34;, &#34;&lt;td class=\&#34;col-testId\&#34;&gt;test_cases/test_basic_crawling.py::TestBasicCrawling::test_amazon_product_search_and_product_details[firefox-headphones-mobile]&lt;/td&gt;&#34;, &#34;&lt;td class=\&#34;col-duration\&#34;&gt;00:00:54&lt;/td&gt;&#34;, &#34;&lt;td class=\&#34;col-links\&#34;&gt;&lt;/td&gt;&#34;], &#34;log&#34;: &#34;[gw2] win32 -- Python 3.13.1 d:\\Interview Assignment\\Four_Junctions\\four_junctions_selenium_assignment\\.venv\\Scripts\\python.exe\n\n------------------------------ Captured log call -------------------------------\nINFO     root:home_page.py:29 Info :: firefox :: Navigating to Amazon home page.\nINFO     root:home_page.py:29 Info :: firefox :: Attempt 1 to check CAPTCHA.\nINFO     root:home_page.py:29 Info :: firefox :: No CAPTCHA element found on the page.\nINFO     root:home_page.py:29 Info :: firefox :: Amazon home page loaded successfully.\nINFO     root:home_page.py:29 Info :: firefox :: Attempting to search for: headphones\nINFO     root:home_page.py:29 Info :: firefox :: Search executed successfully.\nINFO     root:search_result_page.py:32 Info :: firefox :: Starting to extract product information.\nINFO     root:search_result_page.py:32 Info :: firefox :: Found product details in the search results.\nINFO     root:search_result_page.py:32 Info :: firefox :: Finished extracting product information.\nINFO     root:search_result_page.py:32 Info :: firefox :: Attempting to click the Next Page link.\nINFO     root:search_result_page.py:32 Info :: firefox :: Successfully clicked the Next Page link.\nINFO     root:search_result_page.py:32 Info :: firefox :: Starting to extract product information.\nINFO     root:search_result_page.py:32 Info :: firefox :: Found product details in the search results.\nINFO     root:search_result_page.py:32 Info :: firefox :: Finished extracting product information.\nINFO     root:search_result_page.py:32 Info :: firefox :: Saving product information for headphones.\nINFO     root:search_result_page.py:32 Info :: firefox :: Product information for headphones saved successfully.\n\n---------------------------- Captured log teardown -----------------------------\nINFO     root:conftest.py:75 Closing the Firefox Browser&#34;}], &#34;test_cases/test_basic_crawling.py::TestBasicCrawling::test_amazon_product_search_and_product_details[chrome-headphones-tablet]&#34;: [{&#34;extras&#34;: [{&#34;name&#34;: null, &#34;format_type&#34;: &#34;html&#34;, &#34;content&#34;: &#34;&lt;div&gt;&lt;img src=\&#34;01_02_2025_14_40_49_491401022025.png\&#34; alt=\&#34;screenshot\&#34; style=\&#34;width:304px;height:228px;\&#34; onclick=\&#34;window.open(this.src)\&#34; align=\&#34;right\&#34;/&gt;&lt;/div&gt;&#34;, &#34;mime_type&#34;: null, &#34;extension&#34;: null}], &#34;result&#34;: &#34;Passed&#34;, &#34;testId&#34;: &#34;test_cases/test_basic_crawling.py::TestBasicCrawling::test_amazon_product_search_and_product_details[chrome-headphones-tablet]&#34;, &#34;duration&#34;: &#34;00:00:49&#34;, &#34;resultsTableRow&#34;: [&#34;&lt;td class=\&#34;col-result\&#34;&gt;Passed&lt;/td&gt;&#34;, &#34;&lt;td class=\&#34;col-testId\&#34;&gt;test_cases/test_basic_crawling.py::TestBasicCrawling::test_amazon_product_search_and_product_details[chrome-headphones-tablet]&lt;/td&gt;&#34;, &#34;&lt;td class=\&#34;col-duration\&#34;&gt;00:00:49&lt;/td&gt;&#34;, &#34;&lt;td class=\&#34;col-links\&#34;&gt;&lt;/td&gt;&#34;], &#34;log&#34;: &#34;[gw0] win32 -- Python 3.13.1 d:\\Interview Assignment\\Four_Junctions\\four_junctions_selenium_assignment\\.venv\\Scripts\\python.exe\n\n------------------------------ Captured log call -------------------------------\nINFO     root:home_page.py:29 Info :: chrome :: Navigating to Amazon home page.\nINFO     root:home_page.py:29 Info :: chrome :: Attempt 1 to check CAPTCHA.\nINFO     root:home_page.py:29 Info :: chrome :: No CAPTCHA element found on the page.\nINFO     root:home_page.py:29 Info :: chrome :: Amazon home page loaded successfully.\nINFO     root:home_page.py:29 Info :: chrome :: Attempting to search for: headphones\nINFO     root:home_page.py:29 Info :: chrome :: Search executed successfully.\nINFO     root:search_result_page.py:32 Info :: chrome :: Starting to extract product information.\nINFO     root:search_result_page.py:32 Info :: chrome :: Found product details in the search results.\nINFO     root:search_result_page.py:32 Info :: chrome :: Finished extracting product information.\nINFO     root:search_result_page.py:32 Info :: chrome :: Attempting to click the Next Page link.\nINFO     root:search_result_page.py:32 Info :: chrome :: Successfully clicked the Next Page link.\nINFO     root:search_result_page.py:32 Info :: chrome :: Starting to extract product information.\nINFO     root:search_result_page.py:32 Info :: chrome :: Found product details in the search results.\nINFO     root:search_result_page.py:32 Info :: chrome :: Finished extracting product information.\nINFO     root:search_result_page.py:32 Info :: chrome :: Saving product information for headphones.\nINFO     root:search_result_page.py:32 Info :: chrome :: Product information for headphones saved successfully.\n\n&#34;}], &#34;test_cases/test_basic_crawling.py::TestBasicCrawling::test_amazon_product_search_and_product_details[firefox-laptop-tablet]&#34;: [{&#34;extras&#34;: [{&#34;name&#34;: null, &#34;format_type&#34;: &#34;html&#34;, &#34;content&#34;: &#34;&lt;div&gt;&lt;img src=\&#34;01_02_2025_14_41_12_121401022025.png\&#34; alt=\&#34;screenshot\&#34; style=\&#34;width:304px;height:228px;\&#34; onclick=\&#34;window.open(this.src)\&#34; align=\&#34;right\&#34;/&gt;&lt;/div&gt;&#34;, &#34;mime_type&#34;: null, &#34;extension&#34;: null}], &#34;result&#34;: &#34;Passed&#34;, &#34;testId&#34;: &#34;test_cases/test_basic_crawling.py::TestBasicCrawling::test_amazon_product_search_and_product_details[firefox-laptop-tablet]&#34;, &#34;duration&#34;: &#34;00:00:54&#34;, &#34;resultsTableRow&#34;: [&#34;&lt;td class=\&#34;col-result\&#34;&gt;Passed&lt;/td&gt;&#34;, &#34;&lt;td class=\&#34;col-testId\&#34;&gt;test_cases/test_basic_crawling.py::TestBasicCrawling::test_amazon_product_search_and_product_details[firefox-laptop-tablet]&lt;/td&gt;&#34;, &#34;&lt;td class=\&#34;col-duration\&#34;&gt;00:00:54&lt;/td&gt;&#34;, &#34;&lt;td class=\&#34;col-links\&#34;&gt;&lt;/td&gt;&#34;], &#34;log&#34;: &#34;[gw1] win32 -- Python 3.13.1 d:\\Interview Assignment\\Four_Junctions\\four_junctions_selenium_assignment\\.venv\\Scripts\\python.exe\n\n------------------------------ Captured log call -------------------------------\nINFO     root:home_page.py:29 Info :: firefox :: Navigating to Amazon home page.\nINFO     root:home_page.py:29 Info :: firefox :: Attempt 1 to check CAPTCHA.\nINFO     root:home_page.py:29 Info :: firefox :: No CAPTCHA element found on the page.\nINFO     root:home_page.py:29 Info :: firefox :: Amazon home page loaded successfully.\nINFO     root:home_page.py:29 Info :: firefox :: Attempting to search for: laptop\nINFO     root:home_page.py:29 Info :: firefox :: Search executed successfully.\nINFO     root:search_result_page.py:32 Info :: firefox :: Starting to extract product information.\nINFO     root:search_result_page.py:32 Info :: firefox :: Found product details in the search results.\nINFO     root:search_result_page.py:32 Info :: firefox :: Finished extracting product information.\nINFO     root:search_result_page.py:32 Info :: firefox :: Attempting to click the Next Page link.\nINFO     root:search_result_page.py:32 Info :: firefox :: Successfully clicked the Next Page link.\nINFO     root:search_result_page.py:32 Info :: firefox :: Starting to extract product information.\nINFO     root:search_result_page.py:32 Info :: firefox :: Found product details in the search results.\nINFO     root:search_result_page.py:32 Info :: firefox :: Finished extracting product information.\nINFO     root:search_result_page.py:32 Info :: firefox :: Saving product information for laptop.\nINFO     root:search_result_page.py:32 Info :: firefox :: Product information for laptop saved successfully.\n\n---------------------------- Captured log teardown -----------------------------\nINFO     root:conftest.py:75 Closing the Firefox Browser&#34;}], &#34;test_cases/test_basic_crawling.py::TestBasicCrawling::test_amazon_product_search_and_product_details[chrome-headphones-mobile]&#34;: [{&#34;extras&#34;: [{&#34;name&#34;: null, &#34;format_type&#34;: &#34;html&#34;, &#34;content&#34;: &#34;&lt;div&gt;&lt;img src=\&#34;01_02_2025_14_41_42_421401022025.png\&#34; alt=\&#34;screenshot\&#34; style=\&#34;width:304px;height:228px;\&#34; onclick=\&#34;window.open(this.src)\&#34; align=\&#34;right\&#34;/&gt;&lt;/div&gt;&#34;, &#34;mime_type&#34;: null, &#34;extension&#34;: null}], &#34;result&#34;: &#34;Passed&#34;, &#34;testId&#34;: &#34;test_cases/test_basic_crawling.py::TestBasicCrawling::test_amazon_product_search_and_product_details[chrome-headphones-mobile]&#34;, &#34;duration&#34;: &#34;00:00:56&#34;, &#34;resultsTableRow&#34;: [&#34;&lt;td class=\&#34;col-result\&#34;&gt;Passed&lt;/td&gt;&#34;, &#34;&lt;td class=\&#34;col-testId\&#34;&gt;test_cases/test_basic_crawling.py::TestBasicCrawling::test_amazon_product_search_and_product_details[chrome-headphones-mobile]&lt;/td&gt;&#34;, &#34;&lt;td class=\&#34;col-duration\&#34;&gt;00:00:56&lt;/td&gt;&#34;, &#34;&lt;td class=\&#34;col-links\&#34;&gt;&lt;/td&gt;&#34;], &#34;log&#34;: &#34;[gw0] win32 -- Python 3.13.1 d:\\Interview Assignment\\Four_Junctions\\four_junctions_selenium_assignment\\.venv\\Scripts\\python.exe\n\n------------------------------ Captured log call -------------------------------\nINFO     root:home_page.py:29 Info :: chrome :: Navigating to Amazon home page.\nINFO     root:home_page.py:29 Info :: chrome :: Attempt 1 to check CAPTCHA.\nINFO     root:home_page.py:29 Info :: chrome :: No CAPTCHA element found on the page.\nINFO     root:home_page.py:29 Info :: chrome :: Amazon home page loaded successfully.\nINFO     root:home_page.py:29 Info :: chrome :: Attempting to search for: headphones\nINFO     root:home_page.py:29 Info :: chrome :: Search executed successfully.\nINFO     root:search_result_page.py:32 Info :: chrome :: Starting to extract product information.\nINFO     root:search_result_page.py:32 Info :: chrome :: Found product details in the search results.\nINFO     root:search_result_page.py:32 Info :: chrome :: Finished extracting product information.\nINFO     root:search_result_page.py:32 Info :: chrome :: Attempting to click the Next Page link.\nINFO     root:search_result_page.py:32 Info :: chrome :: Successfully clicked the Next Page link.\nINFO     root:search_result_page.py:32 Info :: chrome :: Starting to extract product information.\nINFO     root:search_result_page.py:32 Info :: chrome :: Found product details in the search results.\nINFO     root:search_result_page.py:32 Info :: chrome :: Finished extracting product information.\nINFO     root:search_result_page.py:32 Info :: chrome :: Saving product information for headphones.\nINFO     root:search_result_page.py:32 Info :: chrome :: Product information for headphones saved successfully.\n\n---------------------------- Captured log teardown -----------------------------\nINFO     root:conftest.py:75 Closing the Chrome Browser&#34;}], &#34;test_cases/test_functional_testing.py::TestFunctionalTesting::test_amazon_product_search_and_export[edge-mobile-desktop]&#34;: [{&#34;extras&#34;: [{&#34;name&#34;: null, &#34;format_type&#34;: &#34;html&#34;, &#34;content&#34;: &#34;&lt;div&gt;&lt;img src=\&#34;01_02_2025_14_41_52_521401022025.png\&#34; alt=\&#34;screenshot\&#34; style=\&#34;width:304px;height:228px;\&#34; onclick=\&#34;window.open(this.src)\&#34; align=\&#34;right\&#34;/&gt;&lt;/div&gt;&#34;, &#34;mime_type&#34;: null, &#34;extension&#34;: null}], &#34;result&#34;: &#34;Passed&#34;, &#34;testId&#34;: &#34;test_cases/test_functional_testing.py::TestFunctionalTesting::test_amazon_product_search_and_export[edge-mobile-desktop]&#34;, &#34;duration&#34;: &#34;00:01:07&#34;, &#34;resultsTableRow&#34;: [&#34;&lt;td class=\&#34;col-result\&#34;&gt;Passed&lt;/td&gt;&#34;, &#34;&lt;td class=\&#34;col-testId\&#34;&gt;test_cases/test_functional_testing.py::TestFunctionalTesting::test_amazon_product_search_and_export[edge-mobile-desktop]&lt;/td&gt;&#34;, &#34;&lt;td class=\&#34;col-duration\&#34;&gt;00:01:07&lt;/td&gt;&#34;, &#34;&lt;td class=\&#34;col-links\&#34;&gt;&lt;/td&gt;&#34;], &#34;log&#34;: &#34;[gw2] win32 -- Python 3.13.1 d:\\Interview Assignment\\Four_Junctions\\four_junctions_selenium_assignment\\.venv\\Scripts\\python.exe\n\n------------------------------ Captured log setup ------------------------------\nINFO     WDM:logger.py:11 xdist worker is: gw2\nINFO     WDM:logger.py:11 ====== WebDriver manager ======\nINFO     WDM:logger.py:11 Get LATEST edgedriver version for Edge 132.0.2957\nINFO     WDM:logger.py:11 Get LATEST edgedriver version for Edge 132.0.2957\nINFO     WDM:logger.py:11 Driver [C:\\Users\\Gokul Dev P\\.wdm\\gw2\\drivers\\edgedriver\\win64\\132.0.2957.127\\msedgedriver.exe] found in cache\nINFO     root:conftest.py:68 Launching Edge Browser\n\n------------------------------ Captured log call -------------------------------\nINFO     root:home_page.py:29 Info :: MicrosoftEdge :: Navigating to Amazon home page.\nINFO     root:home_page.py:29 Info :: MicrosoftEdge :: Attempt 1 to check CAPTCHA.\nINFO     root:home_page.py:29 Info :: MicrosoftEdge :: No CAPTCHA element found on the page.\nINFO     root:home_page.py:29 Info :: MicrosoftEdge :: Amazon home page loaded successfully.\nINFO     root:home_page.py:29 Info :: MicrosoftEdge :: Attempting to search for: mobile\nINFO     root:home_page.py:29 Info :: MicrosoftEdge :: Search executed successfully.\nINFO     root:search_result_page.py:32 Info :: MicrosoftEdge :: Attempting to retrieve the name of the first product.\nINFO     root:search_result_page.py:32 Info :: MicrosoftEdge :: First product name retrieved successfully\nINFO     root:search_result_page.py:32 Info :: MicrosoftEdge :: Attempting to click the first product.\nINFO     root:search_result_page.py:32 Info :: MicrosoftEdge :: First product link clicked successfully.\nINFO     root:search_result_page.py:32 Info :: MicrosoftEdge :: Switched to the new tab successfully.\nINFO     root:product_detailed_page.py:24 Info :: MicrosoftEdge :: Attempting to verify product page is loaded for Samsung Galaxy S23 Ultra 5G AI Smartphone (Green, 12GB, 256GB Storage).\nINFO     root:product_detailed_page.py:24 Info :: MicrosoftEdge :: Product page loaded successfully.\nINFO     root:product_detailed_page.py:24 Info :: MicrosoftEdge :: Attempting to verify presence of Add to Cart button.\nINFO     root:product_detailed_page.py:24 Info :: MicrosoftEdge :: Add to Cart button is present.\nINFO     root:product_detailed_page.py:24 Info :: MicrosoftEdge :: Attempting to verify presence of Product overview section.\nINFO     root:product_detailed_page.py:24 Info :: MicrosoftEdge :: Product overview section is present.\nINFO     root:product_detailed_page.py:24 Info :: MicrosoftEdge :: Attempting to verify presence of Product details section.\nINFO     root:product_detailed_page.py:24 Info :: MicrosoftEdge :: Product details section is present.\nINFO     root:product_detailed_page.py:24 Info :: MicrosoftEdge :: Attempting to verify presence of Image gallery.\nINFO     root:product_detailed_page.py:24 Info :: MicrosoftEdge :: Image gallery is present.\n\n&#34;}], &#34;test_cases/test_functional_testing.py::TestFunctionalTesting::test_amazon_product_search_and_export[edge-laptop-desktop]&#34;: [{&#34;extras&#34;: [{&#34;name&#34;: null, &#34;format_type&#34;: &#34;html&#34;, &#34;content&#34;: &#34;&lt;div&gt;&lt;img src=\&#34;01_02_2025_14_42_15_151401022025.png\&#34; alt=\&#34;screenshot\&#34; style=\&#34;width:304px;height:228px;\&#34; onclick=\&#34;window.open(this.src)\&#34; align=\&#34;right\&#34;/&gt;&lt;/div&gt;&#34;, &#34;mime_type&#34;: null, &#34;extension&#34;: null}], &#34;result&#34;: &#34;Passed&#34;, &#34;testId&#34;: &#34;test_cases/test_functional_testing.py::TestFunctionalTesting::test_amazon_product_search_and_export[edge-laptop-desktop]&#34;, &#34;duration&#34;: &#34;00:00:59&#34;, &#34;resultsTableRow&#34;: [&#34;&lt;td class=\&#34;col-result\&#34;&gt;Passed&lt;/td&gt;&#34;, &#34;&lt;td class=\&#34;col-testId\&#34;&gt;test_cases/test_functional_testing.py::TestFunctionalTesting::test_amazon_product_search_and_export[edge-laptop-desktop]&lt;/td&gt;&#34;, &#34;&lt;td class=\&#34;col-duration\&#34;&gt;00:00:59&lt;/td&gt;&#34;, &#34;&lt;td class=\&#34;col-links\&#34;&gt;&lt;/td&gt;&#34;], &#34;log&#34;: &#34;[gw1] win32 -- Python 3.13.1 d:\\Interview Assignment\\Four_Junctions\\four_junctions_selenium_assignment\\.venv\\Scripts\\python.exe\n\n------------------------------ Captured log setup ------------------------------\nINFO     WDM:logger.py:11 xdist worker is: gw1\nINFO     WDM:logger.py:11 ====== WebDriver manager ======\nINFO     WDM:logger.py:11 Get LATEST edgedriver version for Edge 132.0.2957\nINFO     WDM:logger.py:11 Get LATEST edgedriver version for Edge 132.0.2957\nINFO     WDM:logger.py:11 Driver [C:\\Users\\Gokul Dev P\\.wdm\\gw1\\drivers\\edgedriver\\win64\\132.0.2957.127\\msedgedriver.exe] found in cache\nINFO     root:conftest.py:68 Launching Edge Browser\n\n------------------------------ Captured log call -------------------------------\nINFO     root:home_page.py:29 Info :: MicrosoftEdge :: Navigating to Amazon home page.\nINFO     root:home_page.py:29 Info :: MicrosoftEdge :: Attempt 1 to check CAPTCHA.\nINFO     root:home_page.py:29 Info :: MicrosoftEdge :: No CAPTCHA element found on the page.\nINFO     root:home_page.py:29 Info :: MicrosoftEdge :: Amazon home page loaded successfully.\nINFO     root:home_page.py:29 Info :: MicrosoftEdge :: Attempting to search for: laptop\nINFO     root:home_page.py:29 Info :: MicrosoftEdge :: Search executed successfully.\nINFO     root:search_result_page.py:32 Info :: MicrosoftEdge :: Attempting to retrieve the name of the first product.\nINFO     root:search_result_page.py:32 Info :: MicrosoftEdge :: First product name retrieved successfully\nINFO     root:search_result_page.py:32 Info :: MicrosoftEdge :: Attempting to click the first product.\nINFO     root:search_result_page.py:32 Info :: MicrosoftEdge :: First product link clicked successfully.\nINFO     root:search_result_page.py:32 Info :: MicrosoftEdge :: Switched to the new tab successfully.\nINFO     root:product_detailed_page.py:24 Info :: MicrosoftEdge :: Attempting to verify product page is loaded for Dell Inspiron 3530 Thin &amp;amp; Light Laptop, 13th Gen Intel Core i3-1305U/8GB/512GB SSD/15.6&amp;quot; (39.62cm) 120Hz Refresh Rate on a FHD IPS Display/Windows 11 + MSO&amp;#x27;21+McAfee 15 Month/Carbon Black/1.62kg.\nINFO     root:product_detailed_page.py:24 Info :: MicrosoftEdge :: Product page loaded successfully.\nINFO     root:product_detailed_page.py:24 Info :: MicrosoftEdge :: Attempting to verify presence of Add to Cart button.\nINFO     root:product_detailed_page.py:24 Info :: MicrosoftEdge :: Add to Cart button is present.\nINFO     root:product_detailed_page.py:24 Info :: MicrosoftEdge :: Attempting to verify presence of Product overview section.\nINFO     root:product_detailed_page.py:24 Info :: MicrosoftEdge :: Product overview section is present.\nINFO     root:product_detailed_page.py:24 Info :: MicrosoftEdge :: Attempting to verify presence of Product details section.\nINFO     root:product_detailed_page.py:24 Info :: MicrosoftEdge :: Product details section is present.\nINFO     root:product_detailed_page.py:24 Info :: MicrosoftEdge :: Attempting to verify presence of Image gallery.\nINFO     root:product_detailed_page.py:24 Info :: MicrosoftEdge :: Image gallery is present.\n\n&#34;}], &#34;test_cases/test_functional_testing.py::TestFunctionalTesting::test_amazon_product_search_and_export[edge-headphones-desktop]&#34;: [{&#34;extras&#34;: [{&#34;name&#34;: null, &#34;format_type&#34;: &#34;html&#34;, &#34;content&#34;: &#34;&lt;div&gt;&lt;img src=\&#34;01_02_2025_14_42_45_451401022025.png\&#34; alt=\&#34;screenshot\&#34; style=\&#34;width:304px;height:228px;\&#34; onclick=\&#34;window.open(this.src)\&#34; align=\&#34;right\&#34;/&gt;&lt;/div&gt;&#34;, &#34;mime_type&#34;: null, &#34;extension&#34;: null}], &#34;result&#34;: &#34;Passed&#34;, &#34;testId&#34;: &#34;test_cases/test_functional_testing.py::TestFunctionalTesting::test_amazon_product_search_and_export[edge-headphones-desktop]&#34;, &#34;duration&#34;: &#34;00:00:59&#34;, &#34;resultsTableRow&#34;: [&#34;&lt;td class=\&#34;col-result\&#34;&gt;Passed&lt;/td&gt;&#34;, &#34;&lt;td class=\&#34;col-testId\&#34;&gt;test_cases/test_functional_testing.py::TestFunctionalTesting::test_amazon_product_search_and_export[edge-headphones-desktop]&lt;/td&gt;&#34;, &#34;&lt;td class=\&#34;col-duration\&#34;&gt;00:00:59&lt;/td&gt;&#34;, &#34;&lt;td class=\&#34;col-links\&#34;&gt;&lt;/td&gt;&#34;], &#34;log&#34;: &#34;[gw0] win32 -- Python 3.13.1 d:\\Interview Assignment\\Four_Junctions\\four_junctions_selenium_assignment\\.venv\\Scripts\\python.exe\n\n------------------------------ Captured log setup ------------------------------\nINFO     WDM:logger.py:11 xdist worker is: gw0\nINFO     WDM:logger.py:11 ====== WebDriver manager ======\nINFO     WDM:logger.py:11 Get LATEST edgedriver version for Edge 132.0.2957\nINFO     WDM:logger.py:11 Get LATEST edgedriver version for Edge 132.0.2957\nINFO     WDM:logger.py:11 Driver [C:\\Users\\Gokul Dev P\\.wdm\\gw0\\drivers\\edgedriver\\win64\\132.0.2957.140\\msedgedriver.exe] found in cache\nINFO     root:conftest.py:68 Launching Edge Browser\n\n------------------------------ Captured log call -------------------------------\nINFO     root:home_page.py:29 Info :: MicrosoftEdge :: Navigating to Amazon home page.\nINFO     root:home_page.py:29 Info :: MicrosoftEdge :: Attempt 1 to check CAPTCHA.\nINFO     root:home_page.py:29 Info :: MicrosoftEdge :: No CAPTCHA element found on the page.\nINFO     root:home_page.py:29 Info :: MicrosoftEdge :: Amazon home page loaded successfully.\nINFO     root:home_page.py:29 Info :: MicrosoftEdge :: Attempting to search for: headphones\nINFO     root:home_page.py:29 Info :: MicrosoftEdge :: Search executed successfully.\nINFO     root:search_result_page.py:32 Info :: MicrosoftEdge :: Attempting to retrieve the name of the first product.\nINFO     root:search_result_page.py:32 Info :: MicrosoftEdge :: First product name retrieved successfully\nINFO     root:search_result_page.py:32 Info :: MicrosoftEdge :: Attempting to click the first product.\nINFO     root:search_result_page.py:32 Info :: MicrosoftEdge :: First product link clicked successfully.\nINFO     root:search_result_page.py:32 Info :: MicrosoftEdge :: Switched to the new tab successfully.\nINFO     root:product_detailed_page.py:24 Info :: MicrosoftEdge :: Attempting to verify product page is loaded for Noise Newly Launched Airwave Max 5 Wireless Over-Ear Headphones with Adaptive Hybrid ANC (up to 50dB), HFA Tech, 80H Playtime, Dual Pairing(Calm Beige).\nINFO     root:product_detailed_page.py:24 Info :: MicrosoftEdge :: Product page loaded successfully.\nINFO     root:product_detailed_page.py:24 Info :: MicrosoftEdge :: Attempting to verify presence of Add to Cart button.\nINFO     root:product_detailed_page.py:24 Info :: MicrosoftEdge :: Add to Cart button is present.\nINFO     root:product_detailed_page.py:24 Info :: MicrosoftEdge :: Attempting to verify presence of Product overview section.\nINFO     root:product_detailed_page.py:24 Info :: MicrosoftEdge :: Product overview section is present.\nINFO     root:product_detailed_page.py:24 Info :: MicrosoftEdge :: Attempting to verify presence of Product details section.\nINFO     root:product_detailed_page.py:24 Info :: MicrosoftEdge :: Product details section is present.\nINFO     root:product_detailed_page.py:24 Info :: MicrosoftEdge :: Attempting to verify presence of Image gallery.\nINFO     root:product_detailed_page.py:24 Info :: MicrosoftEdge :: Image gallery is present.\n\n&#34;}], &#34;test_cases/test_functional_testing.py::TestFunctionalTesting::test_amazon_product_search_and_export[edge-mobile-tablet]&#34;: [{&#34;extras&#34;: [{&#34;name&#34;: null, &#34;format_type&#34;: &#34;html&#34;, &#34;content&#34;: &#34;&lt;div&gt;&lt;img src=\&#34;01_02_2025_14_43_03_031401022025.png\&#34; alt=\&#34;screenshot\&#34; style=\&#34;width:304px;height:228px;\&#34; onclick=\&#34;window.open(this.src)\&#34; align=\&#34;right\&#34;/&gt;&lt;/div&gt;&#34;, &#34;mime_type&#34;: null, &#34;extension&#34;: null}], &#34;result&#34;: &#34;Passed&#34;, &#34;testId&#34;: &#34;test_cases/test_functional_testing.py::TestFunctionalTesting::test_amazon_product_search_and_export[edge-mobile-tablet]&#34;, &#34;duration&#34;: &#34;00:01:10&#34;, &#34;resultsTableRow&#34;: [&#34;&lt;td class=\&#34;col-result\&#34;&gt;Passed&lt;/td&gt;&#34;, &#34;&lt;td class=\&#34;col-testId\&#34;&gt;test_cases/test_functional_testing.py::TestFunctionalTesting::test_amazon_product_search_and_export[edge-mobile-tablet]&lt;/td&gt;&#34;, &#34;&lt;td class=\&#34;col-duration\&#34;&gt;00:01:10&lt;/td&gt;&#34;, &#34;&lt;td class=\&#34;col-links\&#34;&gt;&lt;/td&gt;&#34;], &#34;log&#34;: &#34;[gw2] win32 -- Python 3.13.1 d:\\Interview Assignment\\Four_Junctions\\four_junctions_selenium_assignment\\.venv\\Scripts\\python.exe\n\n------------------------------ Captured log call -------------------------------\nINFO     root:home_page.py:29 Info :: MicrosoftEdge :: Navigating to Amazon home page.\nINFO     root:home_page.py:29 Info :: MicrosoftEdge :: Attempt 1 to check CAPTCHA.\nINFO     root:home_page.py:29 Info :: MicrosoftEdge :: No CAPTCHA element found on the page.\nINFO     root:home_page.py:29 Info :: MicrosoftEdge :: Amazon home page loaded successfully.\nINFO     root:home_page.py:29 Info :: MicrosoftEdge :: Attempting to search for: mobile\nINFO     root:home_page.py:29 Info :: MicrosoftEdge :: Search executed successfully.\nINFO     root:search_result_page.py:32 Info :: MicrosoftEdge :: Attempting to retrieve the name of the first product.\nINFO     root:search_result_page.py:32 Info :: MicrosoftEdge :: First product name retrieved successfully\nINFO     root:search_result_page.py:32 Info :: MicrosoftEdge :: Attempting to click the first product.\nINFO     root:search_result_page.py:32 Info :: MicrosoftEdge :: First product link clicked successfully.\nINFO     root:search_result_page.py:32 Info :: MicrosoftEdge :: Switched to the new tab successfully.\nINFO     root:product_detailed_page.py:24 Info :: MicrosoftEdge :: Attempting to verify product page is loaded for Samsung Galaxy S23 Ultra 5G AI Smartphone (Green, 12GB, 256GB Storage).\nINFO     root:product_detailed_page.py:24 Info :: MicrosoftEdge :: Product page loaded successfully.\nINFO     root:product_detailed_page.py:24 Info :: MicrosoftEdge :: Attempting to verify presence of Add to Cart button.\nINFO     root:product_detailed_page.py:24 Info :: MicrosoftEdge :: Add to Cart button is present.\nINFO     root:product_detailed_page.py:24 Info :: MicrosoftEdge :: Attempting to verify presence of Product overview section.\nINFO     root:product_detailed_page.py:24 Info :: MicrosoftEdge :: Product overview section is present.\nINFO     root:product_detailed_page.py:24 Info :: MicrosoftEdge :: Attempting to verify presence of Product details section.\nINFO     root:product_detailed_page.py:24 Info :: MicrosoftEdge :: Product details section is present.\nINFO     root:product_detailed_page.py:24 Info :: MicrosoftEdge :: Attempting to verify presence of Image gallery.\nINFO     root:product_detailed_page.py:24 Info :: MicrosoftEdge :: Image gallery is present.\n\n&#34;}], &#34;test_cases/test_functional_testing.py::TestFunctionalTesting::test_amazon_product_search_and_export[edge-laptop-tablet]&#34;: [{&#34;extras&#34;: [{&#34;name&#34;: null, &#34;format_type&#34;: &#34;html&#34;, &#34;content&#34;: &#34;&lt;div&gt;&lt;img src=\&#34;01_02_2025_14_43_11_111401022025.png\&#34; alt=\&#34;screenshot\&#34; style=\&#34;width:304px;height:228px;\&#34; onclick=\&#34;window.open(this.src)\&#34; align=\&#34;right\&#34;/&gt;&lt;/div&gt;&#34;, &#34;mime_type&#34;: null, &#34;extension&#34;: null}], &#34;result&#34;: &#34;Passed&#34;, &#34;testId&#34;: &#34;test_cases/test_functional_testing.py::TestFunctionalTesting::test_amazon_product_search_and_export[edge-laptop-tablet]&#34;, &#34;duration&#34;: &#34;00:00:55&#34;, &#34;resultsTableRow&#34;: [&#34;&lt;td class=\&#34;col-result\&#34;&gt;Passed&lt;/td&gt;&#34;, &#34;&lt;td class=\&#34;col-testId\&#34;&gt;test_cases/test_functional_testing.py::TestFunctionalTesting::test_amazon_product_search_and_export[edge-laptop-tablet]&lt;/td&gt;&#34;, &#34;&lt;td class=\&#34;col-duration\&#34;&gt;00:00:55&lt;/td&gt;&#34;, &#34;&lt;td class=\&#34;col-links\&#34;&gt;&lt;/td&gt;&#34;], &#34;log&#34;: &#34;[gw1] win32 -- Python 3.13.1 d:\\Interview Assignment\\Four_Junctions\\four_junctions_selenium_assignment\\.venv\\Scripts\\python.exe\n\n------------------------------ Captured log call -------------------------------\nINFO     root:home_page.py:29 Info :: MicrosoftEdge :: Navigating to Amazon home page.\nINFO     root:home_page.py:29 Info :: MicrosoftEdge :: Attempt 1 to check CAPTCHA.\nINFO     root:home_page.py:29 Info :: MicrosoftEdge :: No CAPTCHA element found on the page.\nINFO     root:home_page.py:29 Info :: MicrosoftEdge :: Amazon home page loaded successfully.\nINFO     root:home_page.py:29 Info :: MicrosoftEdge :: Attempting to search for: laptop\nINFO     root:home_page.py:29 Info :: MicrosoftEdge :: Search executed successfully.\nINFO     root:search_result_page.py:32 Info :: MicrosoftEdge :: Attempting to retrieve the name of the first product.\nINFO     root:search_result_page.py:32 Info :: MicrosoftEdge :: First product name retrieved successfully\nINFO     root:search_result_page.py:32 Info :: MicrosoftEdge :: Attempting to click the first product.\nINFO     root:search_result_page.py:32 Info :: MicrosoftEdge :: First product link clicked successfully.\nINFO     root:search_result_page.py:32 Info :: MicrosoftEdge :: Switched to the new tab successfully.\nINFO     root:product_detailed_page.py:24 Info :: MicrosoftEdge :: Attempting to verify product page is loaded for Dell Inspiron 3530 Thin &amp;amp; Light Laptop, 13th Gen Intel Core i3-1305U/8GB/512GB SSD/15.6&amp;quot; (39.62cm) 120Hz Refresh Rate on a FHD IPS Display/Windows 11 + MSO&amp;#x27;21+McAfee 15 Month/Carbon Black/1.62kg.\nINFO     root:product_detailed_page.py:24 Info :: MicrosoftEdge :: Product page loaded successfully.\nINFO     root:product_detailed_page.py:24 Info :: MicrosoftEdge :: Attempting to verify presence of Add to Cart button.\nINFO     root:product_detailed_page.py:24 Info :: MicrosoftEdge :: Add to Cart button is present.\nINFO     root:product_detailed_page.py:24 Info :: MicrosoftEdge :: Attempting to verify presence of Product overview section.\nINFO     root:product_detailed_page.py:24 Info :: MicrosoftEdge :: Product overview section is present.\nINFO     root:product_detailed_page.py:24 Info :: MicrosoftEdge :: Attempting to verify presence of Product details section.\nINFO     root:product_detailed_page.py:24 Info :: MicrosoftEdge :: Product details section is present.\nINFO     root:product_detailed_page.py:24 Info :: MicrosoftEdge :: Attempting to verify presence of Image gallery.\nINFO     root:product_detailed_page.py:24 Info :: MicrosoftEdge :: Image gallery is present.\n\n&#34;}], &#34;test_cases/test_functional_testing.py::TestFunctionalTesting::test_amazon_product_search_and_export[edge-headphones-tablet]&#34;: [{&#34;extras&#34;: [{&#34;name&#34;: null, &#34;format_type&#34;: &#34;html&#34;, &#34;content&#34;: &#34;&lt;div&gt;&lt;img src=\&#34;01_02_2025_14_43_32_321401022025.png\&#34; alt=\&#34;screenshot\&#34; style=\&#34;width:304px;height:228px;\&#34; onclick=\&#34;window.open(this.src)\&#34; align=\&#34;right\&#34;/&gt;&lt;/div&gt;&#34;, &#34;mime_type&#34;: null, &#34;extension&#34;: null}], &#34;result&#34;: &#34;Passed&#34;, &#34;testId&#34;: &#34;test_cases/test_functional_testing.py::TestFunctionalTesting::test_amazon_product_search_and_export[edge-headphones-tablet]&#34;, &#34;duration&#34;: &#34;00:00:46&#34;, &#34;resultsTableRow&#34;: [&#34;&lt;td class=\&#34;col-result\&#34;&gt;Passed&lt;/td&gt;&#34;, &#34;&lt;td class=\&#34;col-testId\&#34;&gt;test_cases/test_functional_testing.py::TestFunctionalTesting::test_amazon_product_search_and_export[edge-headphones-tablet]&lt;/td&gt;&#34;, &#34;&lt;td class=\&#34;col-duration\&#34;&gt;00:00:46&lt;/td&gt;&#34;, &#34;&lt;td class=\&#34;col-links\&#34;&gt;&lt;/td&gt;&#34;], &#34;log&#34;: &#34;[gw0] win32 -- Python 3.13.1 d:\\Interview Assignment\\Four_Junctions\\four_junctions_selenium_assignment\\.venv\\Scripts\\python.exe\n\n------------------------------ Captured log call -------------------------------\nINFO     root:home_page.py:29 Info :: MicrosoftEdge :: Navigating to Amazon home page.\nINFO     root:home_page.py:29 Info :: MicrosoftEdge :: Attempt 1 to check CAPTCHA.\nINFO     root:home_page.py:29 Info :: MicrosoftEdge :: No CAPTCHA element found on the page.\nINFO     root:home_page.py:29 Info :: MicrosoftEdge :: Amazon home page loaded successfully.\nINFO     root:home_page.py:29 Info :: MicrosoftEdge :: Attempting to search for: headphones\nINFO     root:home_page.py:29 Info :: MicrosoftEdge :: Search executed successfully.\nINFO     root:search_result_page.py:32 Info :: MicrosoftEdge :: Attempting to retrieve the name of the first product.\nINFO     root:search_result_page.py:32 Info :: MicrosoftEdge :: First product name retrieved successfully\nINFO     root:search_result_page.py:32 Info :: MicrosoftEdge :: Attempting to click the first product.\nINFO     root:search_result_page.py:32 Info :: MicrosoftEdge :: First product link clicked successfully.\nINFO     root:search_result_page.py:32 Info :: MicrosoftEdge :: Switched to the new tab successfully.\nINFO     root:product_detailed_page.py:24 Info :: MicrosoftEdge :: Attempting to verify product page is loaded for Noise Newly Launched Airwave Max 5 Wireless Over-Ear Headphones with Adaptive Hybrid ANC (up to 50dB), HFA Tech, 80H Playtime, Dual Pairing(Calm Beige).\nINFO     root:product_detailed_page.py:24 Info :: MicrosoftEdge :: Product page loaded successfully.\nINFO     root:product_detailed_page.py:24 Info :: MicrosoftEdge :: Attempting to verify presence of Add to Cart button.\nINFO     root:product_detailed_page.py:24 Info :: MicrosoftEdge :: Add to Cart button is present.\nINFO     root:product_detailed_page.py:24 Info :: MicrosoftEdge :: Attempting to verify presence of Product overview section.\nINFO     root:product_detailed_page.py:24 Info :: MicrosoftEdge :: Product overview section is present.\nINFO     root:product_detailed_page.py:24 Info :: MicrosoftEdge :: Attempting to verify presence of Product details section.\nINFO     root:product_detailed_page.py:24 Info :: MicrosoftEdge :: Product details section is present.\nINFO     root:product_detailed_page.py:24 Info :: MicrosoftEdge :: Attempting to verify presence of Image gallery.\nINFO     root:product_detailed_page.py:24 Info :: MicrosoftEdge :: Image gallery is present.\n\n&#34;}], &#34;test_cases/test_functional_testing.py::TestFunctionalTesting::test_amazon_product_search_and_export[edge-mobile-mobile]&#34;: [{&#34;extras&#34;: [{&#34;name&#34;: null, &#34;format_type&#34;: &#34;html&#34;, &#34;content&#34;: &#34;&lt;div&gt;&lt;img src=\&#34;01_02_2025_14_43_55_551401022025.png\&#34; alt=\&#34;screenshot\&#34; style=\&#34;width:304px;height:228px;\&#34; onclick=\&#34;window.open(this.src)\&#34; align=\&#34;right\&#34;/&gt;&lt;/div&gt;&#34;, &#34;mime_type&#34;: null, &#34;extension&#34;: null}], &#34;result&#34;: &#34;Passed&#34;, &#34;testId&#34;: &#34;test_cases/test_functional_testing.py::TestFunctionalTesting::test_amazon_product_search_and_export[edge-mobile-mobile]&#34;, &#34;duration&#34;: &#34;00:00:52&#34;, &#34;resultsTableRow&#34;: [&#34;&lt;td class=\&#34;col-result\&#34;&gt;Passed&lt;/td&gt;&#34;, &#34;&lt;td class=\&#34;col-testId\&#34;&gt;test_cases/test_functional_testing.py::TestFunctionalTesting::test_amazon_product_search_and_export[edge-mobile-mobile]&lt;/td&gt;&#34;, &#34;&lt;td class=\&#34;col-duration\&#34;&gt;00:00:52&lt;/td&gt;&#34;, &#34;&lt;td class=\&#34;col-links\&#34;&gt;&lt;/td&gt;&#34;], &#34;log&#34;: &#34;[gw2] win32 -- Python 3.13.1 d:\\Interview Assignment\\Four_Junctions\\four_junctions_selenium_assignment\\.venv\\Scripts\\python.exe\n\n------------------------------ Captured log call -------------------------------\nINFO     root:home_page.py:29 Info :: MicrosoftEdge :: Navigating to Amazon home page.\nINFO     root:home_page.py:29 Info :: MicrosoftEdge :: Attempt 1 to check CAPTCHA.\nINFO     root:home_page.py:29 Info :: MicrosoftEdge :: No CAPTCHA element found on the page.\nINFO     root:home_page.py:29 Info :: MicrosoftEdge :: Amazon home page loaded successfully.\nINFO     root:home_page.py:29 Info :: MicrosoftEdge :: Attempting to search for: mobile\nINFO     root:home_page.py:29 Info :: MicrosoftEdge :: Search executed successfully.\nINFO     root:search_result_page.py:32 Info :: MicrosoftEdge :: Attempting to retrieve the name of the first product.\nINFO     root:search_result_page.py:32 Info :: MicrosoftEdge :: First product name retrieved successfully\nINFO     root:search_result_page.py:32 Info :: MicrosoftEdge :: Attempting to click the first product.\nINFO     root:search_result_page.py:32 Info :: MicrosoftEdge :: First product link clicked successfully.\nINFO     root:search_result_page.py:32 Info :: MicrosoftEdge :: Switched to the new tab successfully.\nINFO     root:product_detailed_page.py:24 Info :: MicrosoftEdge :: Attempting to verify product page is loaded for Samsung Galaxy S23 Ultra 5G AI Smartphone (Green, 12GB, 256GB Storage).\nINFO     root:product_detailed_page.py:24 Info :: MicrosoftEdge :: Product page loaded successfully.\nINFO     root:product_detailed_page.py:24 Info :: MicrosoftEdge :: Attempting to verify presence of Add to Cart button.\nINFO     root:product_detailed_page.py:24 Info :: MicrosoftEdge :: Add to Cart button is present.\nINFO     root:product_detailed_page.py:24 Info :: MicrosoftEdge :: Attempting to verify presence of Product overview section.\nINFO     root:product_detailed_page.py:24 Info :: MicrosoftEdge :: Product overview section is present.\nINFO     root:product_detailed_page.py:24 Info :: MicrosoftEdge :: Attempting to verify presence of Product details section.\nINFO     root:product_detailed_page.py:24 Info :: MicrosoftEdge :: Product details section is present.\nINFO     root:product_detailed_page.py:24 Info :: MicrosoftEdge :: Attempting to verify presence of Image gallery.\nINFO     root:product_detailed_page.py:24 Info :: MicrosoftEdge :: Image gallery is present.\n\n&#34;}], &#34;test_cases/test_functional_testing.py::TestFunctionalTesting::test_amazon_product_search_and_export[edge-laptop-mobile]&#34;: [{&#34;extras&#34;: [{&#34;name&#34;: null, &#34;format_type&#34;: &#34;html&#34;, &#34;content&#34;: &#34;&lt;div&gt;&lt;img src=\&#34;01_02_2025_14_44_06_061401022025.png\&#34; alt=\&#34;screenshot\&#34; style=\&#34;width:304px;height:228px;\&#34; onclick=\&#34;window.open(this.src)\&#34; align=\&#34;right\&#34;/&gt;&lt;/div&gt;&#34;, &#34;mime_type&#34;: null, &#34;extension&#34;: null}], &#34;result&#34;: &#34;Passed&#34;, &#34;testId&#34;: &#34;test_cases/test_functional_testing.py::TestFunctionalTesting::test_amazon_product_search_and_export[edge-laptop-mobile]&#34;, &#34;duration&#34;: &#34;00:00:55&#34;, &#34;resultsTableRow&#34;: [&#34;&lt;td class=\&#34;col-result\&#34;&gt;Passed&lt;/td&gt;&#34;, &#34;&lt;td class=\&#34;col-testId\&#34;&gt;test_cases/test_functional_testing.py::TestFunctionalTesting::test_amazon_product_search_and_export[edge-laptop-mobile]&lt;/td&gt;&#34;, &#34;&lt;td class=\&#34;col-duration\&#34;&gt;00:00:55&lt;/td&gt;&#34;, &#34;&lt;td class=\&#34;col-links\&#34;&gt;&lt;/td&gt;&#34;], &#34;log&#34;: &#34;[gw1] win32 -- Python 3.13.1 d:\\Interview Assignment\\Four_Junctions\\four_junctions_selenium_assignment\\.venv\\Scripts\\python.exe\n\n------------------------------ Captured log call -------------------------------\nINFO     root:home_page.py:29 Info :: MicrosoftEdge :: Navigating to Amazon home page.\nINFO     root:home_page.py:29 Info :: MicrosoftEdge :: Attempt 1 to check CAPTCHA.\nINFO     root:home_page.py:29 Info :: MicrosoftEdge :: No CAPTCHA element found on the page.\nINFO     root:home_page.py:29 Info :: MicrosoftEdge :: Amazon home page loaded successfully.\nINFO     root:home_page.py:29 Info :: MicrosoftEdge :: Attempting to search for: laptop\nINFO     root:home_page.py:29 Info :: MicrosoftEdge :: Search executed successfully.\nINFO     root:search_result_page.py:32 Info :: MicrosoftEdge :: Attempting to retrieve the name of the first product.\nINFO     root:search_result_page.py:32 Info :: MicrosoftEdge :: First product name retrieved successfully\nINFO     root:search_result_page.py:32 Info :: MicrosoftEdge :: Attempting to click the first product.\nINFO     root:search_result_page.py:32 Info :: MicrosoftEdge :: First product link clicked successfully.\nINFO     root:search_result_page.py:32 Info :: MicrosoftEdge :: Switched to the new tab successfully.\nINFO     root:product_detailed_page.py:24 Info :: MicrosoftEdge :: Attempting to verify product page is loaded for Dell Inspiron 3530 Thin &amp;amp; Light Laptop, 13th Gen Intel Core i3-1305U/8GB/512GB SSD/15.6&amp;quot; (39.62cm) 120Hz Refresh Rate on a FHD IPS Display/Windows 11 + MSO&amp;#x27;21+McAfee 15 Month/Carbon Black/1.62kg.\nINFO     root:product_detailed_page.py:24 Info :: MicrosoftEdge :: Product page loaded successfully.\nINFO     root:product_detailed_page.py:24 Info :: MicrosoftEdge :: Attempting to verify presence of Add to Cart button.\nINFO     root:product_detailed_page.py:24 Info :: MicrosoftEdge :: Add to Cart button is present.\nINFO     root:product_detailed_page.py:24 Info :: MicrosoftEdge :: Attempting to verify presence of Product overview section.\nINFO     root:product_detailed_page.py:24 Info :: MicrosoftEdge :: Product overview section is present.\nINFO     root:product_detailed_page.py:24 Info :: MicrosoftEdge :: Attempting to verify presence of Product details section.\nINFO     root:product_detailed_page.py:24 Info :: MicrosoftEdge :: Product details section is present.\nINFO     root:product_detailed_page.py:24 Info :: MicrosoftEdge :: Attempting to verify presence of Image gallery.\nINFO     root:product_detailed_page.py:24 Info :: MicrosoftEdge :: Image gallery is present.\n\n&#34;}], &#34;test_cases/test_functional_testing.py::TestFunctionalTesting::test_amazon_product_search_and_export[edge-headphones-mobile]&#34;: [{&#34;extras&#34;: [{&#34;name&#34;: null, &#34;format_type&#34;: &#34;html&#34;, &#34;content&#34;: &#34;&lt;div&gt;&lt;img src=\&#34;01_02_2025_14_44_26_261401022025.png\&#34; alt=\&#34;screenshot\&#34; style=\&#34;width:304px;height:228px;\&#34; onclick=\&#34;window.open(this.src)\&#34; align=\&#34;right\&#34;/&gt;&lt;/div&gt;&#34;, &#34;mime_type&#34;: null, &#34;extension&#34;: null}], &#34;result&#34;: &#34;Passed&#34;, &#34;testId&#34;: &#34;test_cases/test_functional_testing.py::TestFunctionalTesting::test_amazon_product_search_and_export[edge-headphones-mobile]&#34;, &#34;duration&#34;: &#34;00:00:54&#34;, &#34;resultsTableRow&#34;: [&#34;&lt;td class=\&#34;col-result\&#34;&gt;Passed&lt;/td&gt;&#34;, &#34;&lt;td class=\&#34;col-testId\&#34;&gt;test_cases/test_functional_testing.py::TestFunctionalTesting::test_amazon_product_search_and_export[edge-headphones-mobile]&lt;/td&gt;&#34;, &#34;&lt;td class=\&#34;col-duration\&#34;&gt;00:00:54&lt;/td&gt;&#34;, &#34;&lt;td class=\&#34;col-links\&#34;&gt;&lt;/td&gt;&#34;], &#34;log&#34;: &#34;[gw0] win32 -- Python 3.13.1 d:\\Interview Assignment\\Four_Junctions\\four_junctions_selenium_assignment\\.venv\\Scripts\\python.exe\n\n------------------------------ Captured log call -------------------------------\nINFO     root:home_page.py:29 Info :: MicrosoftEdge :: Navigating to Amazon home page.\nINFO     root:home_page.py:29 Info :: MicrosoftEdge :: Attempt 1 to check CAPTCHA.\nINFO     root:home_page.py:29 Info :: MicrosoftEdge :: No CAPTCHA element found on the page.\nINFO     root:home_page.py:29 Info :: MicrosoftEdge :: Amazon home page loaded successfully.\nINFO     root:home_page.py:29 Info :: MicrosoftEdge :: Attempting to search for: headphones\nINFO     root:home_page.py:29 Info :: MicrosoftEdge :: Search executed successfully.\nINFO     root:search_result_page.py:32 Info :: MicrosoftEdge :: Attempting to retrieve the name of the first product.\nINFO     root:search_result_page.py:32 Info :: MicrosoftEdge :: First product name retrieved successfully\nINFO     root:search_result_page.py:32 Info :: MicrosoftEdge :: Attempting to click the first product.\nINFO     root:search_result_page.py:32 Info :: MicrosoftEdge :: First product link clicked successfully.\nINFO     root:search_result_page.py:32 Info :: MicrosoftEdge :: Switched to the new tab successfully.\nINFO     root:product_detailed_page.py:24 Info :: MicrosoftEdge :: Attempting to verify product page is loaded for Noise Newly Launched Airwave Max 5 Wireless Over-Ear Headphones with Adaptive Hybrid ANC (up to 50dB), HFA Tech, 80H Playtime, Dual Pairing(Calm Beige).\nINFO     root:product_detailed_page.py:24 Info :: MicrosoftEdge :: Product page loaded successfully.\nINFO     root:product_detailed_page.py:24 Info :: MicrosoftEdge :: Attempting to verify presence of Add to Cart button.\nINFO     root:product_detailed_page.py:24 Info :: MicrosoftEdge :: Add to Cart button is present.\nINFO     root:product_detailed_page.py:24 Info :: MicrosoftEdge :: Attempting to verify presence of Product overview section.\nINFO     root:product_detailed_page.py:24 Info :: MicrosoftEdge :: Product overview section is present.\nINFO     root:product_detailed_page.py:24 Info :: MicrosoftEdge :: Attempting to verify presence of Product details section.\nINFO     root:product_detailed_page.py:24 Info :: MicrosoftEdge :: Product details section is present.\nINFO     root:product_detailed_page.py:24 Info :: MicrosoftEdge :: Attempting to verify presence of Image gallery.\nINFO     root:product_detailed_page.py:24 Info :: MicrosoftEdge :: Image gallery is present.\n\n&#34;}], &#34;test_cases/test_functional_testing.py::TestFunctionalTesting::test_amazon_product_search_and_export[chrome-mobile-tablet]&#34;: [{&#34;extras&#34;: [{&#34;name&#34;: null, &#34;format_type&#34;: &#34;html&#34;, &#34;content&#34;: &#34;&lt;div&gt;&lt;img src=\&#34;01_02_2025_14_44_55_551401022025.png\&#34; alt=\&#34;screenshot\&#34; style=\&#34;width:304px;height:228px;\&#34; onclick=\&#34;window.open(this.src)\&#34; align=\&#34;right\&#34;/&gt;&lt;/div&gt;&#34;, &#34;mime_type&#34;: null, &#34;extension&#34;: null}], &#34;result&#34;: &#34;Passed&#34;, &#34;testId&#34;: &#34;test_cases/test_functional_testing.py::TestFunctionalTesting::test_amazon_product_search_and_export[chrome-mobile-tablet]&#34;, &#34;duration&#34;: &#34;00:00:59&#34;, &#34;resultsTableRow&#34;: [&#34;&lt;td class=\&#34;col-result\&#34;&gt;Passed&lt;/td&gt;&#34;, &#34;&lt;td class=\&#34;col-testId\&#34;&gt;test_cases/test_functional_testing.py::TestFunctionalTesting::test_amazon_product_search_and_export[chrome-mobile-tablet]&lt;/td&gt;&#34;, &#34;&lt;td class=\&#34;col-duration\&#34;&gt;00:00:59&lt;/td&gt;&#34;, &#34;&lt;td class=\&#34;col-links\&#34;&gt;&lt;/td&gt;&#34;], &#34;log&#34;: &#34;[gw2] win32 -- Python 3.13.1 d:\\Interview Assignment\\Four_Junctions\\four_junctions_selenium_assignment\\.venv\\Scripts\\python.exe\n\n------------------------------ Captured log setup ------------------------------\nINFO     root:conftest.py:75 Closing the Edge Browser\nINFO     WDM:logger.py:11 xdist worker is: gw2\nINFO     WDM:logger.py:11 ====== WebDriver manager ======\nINFO     WDM:logger.py:11 Get LATEST chromedriver version for google-chrome\nINFO     WDM:logger.py:11 Get LATEST chromedriver version for google-chrome\nINFO     WDM:logger.py:11 Driver [C:\\Users\\Gokul Dev P\\.wdm\\gw2\\drivers\\chromedriver\\win64\\132.0.6834.159\\chromedriver-win32/chromedriver.exe] found in cache\nINFO     root:conftest.py:68 Launching Chrome Browser\n\n------------------------------ Captured log call -------------------------------\nINFO     root:home_page.py:29 Info :: chrome :: Navigating to Amazon home page.\nINFO     root:home_page.py:29 Info :: chrome :: Attempt 1 to check CAPTCHA.\nINFO     root:home_page.py:29 Info :: chrome :: CAPTCHA detected, refreshing the page.\nINFO     root:home_page.py:29 Info :: chrome :: Page refreshed successfully.\nINFO     root:home_page.py:29 Info :: chrome :: No CAPTCHA element found on the page.\nINFO     root:home_page.py:29 Info :: chrome :: Amazon home page loaded successfully.\nINFO     root:home_page.py:29 Info :: chrome :: Attempting to search for: mobile\nINFO     root:home_page.py:29 Info :: chrome :: Search executed successfully.\nINFO     root:search_result_page.py:32 Info :: chrome :: Attempting to retrieve the name of the first product.\nINFO     root:search_result_page.py:32 Info :: chrome :: First product name retrieved successfully\nINFO     root:search_result_page.py:32 Info :: chrome :: Attempting to click the first product.\nINFO     root:search_result_page.py:32 Info :: chrome :: First product link clicked successfully.\nINFO     root:search_result_page.py:32 Info :: chrome :: Switched to the new tab successfully.\nINFO     root:product_detailed_page.py:24 Info :: chrome :: Attempting to verify product page is loaded for Samsung Galaxy S23 Ultra 5G AI Smartphone (Green, 12GB, 256GB Storage).\nINFO     root:product_detailed_page.py:24 Info :: chrome :: Product page loaded successfully.\nINFO     root:product_detailed_page.py:24 Info :: chrome :: Attempting to verify presence of Add to Cart button.\nINFO     root:product_detailed_page.py:24 Info :: chrome :: Add to Cart button is present.\nINFO     root:product_detailed_page.py:24 Info :: chrome :: Attempting to verify presence of Product overview section.\nINFO     root:product_detailed_page.py:24 Info :: chrome :: Product overview section is present.\nINFO     root:product_detailed_page.py:24 Info :: chrome :: Attempting to verify presence of Product details section.\nINFO     root:product_detailed_page.py:24 Info :: chrome :: Product details section is present.\nINFO     root:product_detailed_page.py:24 Info :: chrome :: Attempting to verify presence of Image gallery.\nINFO     root:product_detailed_page.py:24 Info :: chrome :: Image gallery is present.\n\n&#34;}], &#34;test_cases/test_functional_testing.py::TestFunctionalTesting::test_amazon_product_search_and_export[chrome-mobile-mobile]&#34;: [{&#34;extras&#34;: [{&#34;name&#34;: null, &#34;format_type&#34;: &#34;html&#34;, &#34;content&#34;: &#34;&lt;div&gt;&lt;img src=\&#34;01_02_2025_14_45_23_231401022025.png\&#34; alt=\&#34;screenshot\&#34; style=\&#34;width:304px;height:228px;\&#34; onclick=\&#34;window.open(this.src)\&#34; align=\&#34;right\&#34;/&gt;&lt;/div&gt;&#34;, &#34;mime_type&#34;: null, &#34;extension&#34;: null}], &#34;result&#34;: &#34;Passed&#34;, &#34;testId&#34;: &#34;test_cases/test_functional_testing.py::TestFunctionalTesting::test_amazon_product_search_and_export[chrome-mobile-mobile]&#34;, &#34;duration&#34;: &#34;00:01:15&#34;, &#34;resultsTableRow&#34;: [&#34;&lt;td class=\&#34;col-result\&#34;&gt;Passed&lt;/td&gt;&#34;, &#34;&lt;td class=\&#34;col-testId\&#34;&gt;test_cases/test_functional_testing.py::TestFunctionalTesting::test_amazon_product_search_and_export[chrome-mobile-mobile]&lt;/td&gt;&#34;, &#34;&lt;td class=\&#34;col-duration\&#34;&gt;00:01:15&lt;/td&gt;&#34;, &#34;&lt;td class=\&#34;col-links\&#34;&gt;&lt;/td&gt;&#34;], &#34;log&#34;: &#34;[gw1] win32 -- Python 3.13.1 d:\\Interview Assignment\\Four_Junctions\\four_junctions_selenium_assignment\\.venv\\Scripts\\python.exe\n\n------------------------------ Captured log setup ------------------------------\nINFO     root:conftest.py:75 Closing the Edge Browser\nINFO     WDM:logger.py:11 xdist worker is: gw1\nINFO     WDM:logger.py:11 ====== WebDriver manager ======\nINFO     WDM:logger.py:11 Get LATEST chromedriver version for google-chrome\nINFO     WDM:logger.py:11 Get LATEST chromedriver version for google-chrome\nINFO     WDM:logger.py:11 Driver [C:\\Users\\Gokul Dev P\\.wdm\\gw1\\drivers\\chromedriver\\win64\\132.0.6834.159\\chromedriver-win32/chromedriver.exe] found in cache\nINFO     root:conftest.py:68 Launching Chrome Browser\n\n------------------------------ Captured log call -------------------------------\nINFO     root:home_page.py:29 Info :: chrome :: Navigating to Amazon home page.\nINFO     root:home_page.py:29 Info :: chrome :: Attempt 1 to check CAPTCHA.\nINFO     root:home_page.py:29 Info :: chrome :: CAPTCHA detected, refreshing the page.\nINFO     root:home_page.py:29 Info :: chrome :: Page refreshed successfully.\nINFO     root:home_page.py:29 Info :: chrome :: No CAPTCHA element found on the page.\nINFO     root:home_page.py:29 Info :: chrome :: Amazon home page loaded successfully.\nINFO     root:home_page.py:29 Info :: chrome :: Attempting to search for: mobile\nINFO     root:home_page.py:29 Info :: chrome :: Search executed successfully.\nINFO     root:search_result_page.py:32 Info :: chrome :: Attempting to retrieve the name of the first product.\nINFO     root:search_result_page.py:32 Info :: chrome :: First product name retrieved successfully\nINFO     root:search_result_page.py:32 Info :: chrome :: Attempting to click the first product.\nINFO     root:search_result_page.py:32 Info :: chrome :: First product link clicked successfully.\nINFO     root:search_result_page.py:32 Info :: chrome :: Switched to the new tab successfully.\nINFO     root:product_detailed_page.py:24 Info :: chrome :: Attempting to verify product page is loaded for Samsung Galaxy S23 Ultra 5G AI Smartphone (Green, 12GB, 256GB Storage).\nINFO     root:product_detailed_page.py:24 Info :: chrome :: Product page loaded successfully.\nINFO     root:product_detailed_page.py:24 Info :: chrome :: Attempting to verify presence of Add to Cart button.\nINFO     root:product_detailed_page.py:24 Info :: chrome :: Add to Cart button is present.\nINFO     root:product_detailed_page.py:24 Info :: chrome :: Attempting to verify presence of Product overview section.\nINFO     root:product_detailed_page.py:24 Info :: chrome :: Product overview section is present.\nINFO     root:product_detailed_page.py:24 Info :: chrome :: Attempting to verify presence of Product details section.\nINFO     root:product_detailed_page.py:24 Info :: chrome :: Product details section is present.\nINFO     root:product_detailed_page.py:24 Info :: chrome :: Attempting to verify presence of Image gallery.\nINFO     root:product_detailed_page.py:24 Info :: chrome :: Image gallery is present.\n\n&#34;}], &#34;test_cases/test_functional_testing.py::TestFunctionalTesting::test_amazon_product_search_and_export[chrome-mobile-desktop]&#34;: [{&#34;extras&#34;: [{&#34;name&#34;: null, &#34;format_type&#34;: &#34;html&#34;, &#34;content&#34;: &#34;&lt;div&gt;&lt;img src=\&#34;01_02_2025_14_45_40_401401022025.png\&#34; alt=\&#34;screenshot\&#34; style=\&#34;width:304px;height:228px;\&#34; onclick=\&#34;window.open(this.src)\&#34; align=\&#34;right\&#34;/&gt;&lt;/div&gt;&#34;, &#34;mime_type&#34;: null, &#34;extension&#34;: null}], &#34;result&#34;: &#34;Passed&#34;, &#34;testId&#34;: &#34;test_cases/test_functional_testing.py::TestFunctionalTesting::test_amazon_product_search_and_export[chrome-mobile-desktop]&#34;, &#34;duration&#34;: &#34;00:01:13&#34;, &#34;resultsTableRow&#34;: [&#34;&lt;td class=\&#34;col-result\&#34;&gt;Passed&lt;/td&gt;&#34;, &#34;&lt;td class=\&#34;col-testId\&#34;&gt;test_cases/test_functional_testing.py::TestFunctionalTesting::test_amazon_product_search_and_export[chrome-mobile-desktop]&lt;/td&gt;&#34;, &#34;&lt;td class=\&#34;col-duration\&#34;&gt;00:01:13&lt;/td&gt;&#34;, &#34;&lt;td class=\&#34;col-links\&#34;&gt;&lt;/td&gt;&#34;], &#34;log&#34;: &#34;[gw0] win32 -- Python 3.13.1 d:\\Interview Assignment\\Four_Junctions\\four_junctions_selenium_assignment\\.venv\\Scripts\\python.exe\n\n------------------------------ Captured log setup ------------------------------\nINFO     root:conftest.py:75 Closing the Edge Browser\nINFO     WDM:logger.py:11 xdist worker is: gw0\nINFO     WDM:logger.py:11 ====== WebDriver manager ======\nINFO     WDM:logger.py:11 Get LATEST chromedriver version for google-chrome\nINFO     WDM:logger.py:11 Get LATEST chromedriver version for google-chrome\nINFO     WDM:logger.py:11 Driver [C:\\Users\\Gokul Dev P\\.wdm\\gw0\\drivers\\chromedriver\\win64\\132.0.6834.159\\chromedriver-win32/chromedriver.exe] found in cache\nINFO     root:conftest.py:68 Launching Chrome Browser\n\n------------------------------ Captured log call -------------------------------\nINFO     root:home_page.py:29 Info :: chrome :: Navigating to Amazon home page.\nINFO     root:home_page.py:29 Info :: chrome :: Attempt 1 to check CAPTCHA.\nINFO     root:home_page.py:29 Info :: chrome :: No CAPTCHA element found on the page.\nINFO     root:home_page.py:29 Info :: chrome :: Amazon home page loaded successfully.\nINFO     root:home_page.py:29 Info :: chrome :: Attempting to search for: mobile\nINFO     root:home_page.py:29 Info :: chrome :: Search executed successfully.\nINFO     root:search_result_page.py:32 Info :: chrome :: Attempting to retrieve the name of the first product.\nINFO     root:search_result_page.py:32 Info :: chrome :: First product name retrieved successfully\nINFO     root:search_result_page.py:32 Info :: chrome :: Attempting to click the first product.\nINFO     root:search_result_page.py:32 Info :: chrome :: First product link clicked successfully.\nINFO     root:search_result_page.py:32 Info :: chrome :: Switched to the new tab successfully.\nINFO     root:product_detailed_page.py:24 Info :: chrome :: Attempting to verify product page is loaded for Samsung Galaxy S23 Ultra 5G AI Smartphone (Green, 12GB, 256GB Storage).\nINFO     root:product_detailed_page.py:24 Info :: chrome :: Product page loaded successfully.\nINFO     root:product_detailed_page.py:24 Info :: chrome :: Attempting to verify presence of Add to Cart button.\nINFO     root:product_detailed_page.py:24 Info :: chrome :: Add to Cart button is present.\nINFO     root:product_detailed_page.py:24 Info :: chrome :: Attempting to verify presence of Product overview section.\nINFO     root:product_detailed_page.py:24 Info :: chrome :: Product overview section is present.\nINFO     root:product_detailed_page.py:24 Info :: chrome :: Attempting to verify presence of Product details section.\nINFO     root:product_detailed_page.py:24 Info :: chrome :: Product details section is present.\nINFO     root:product_detailed_page.py:24 Info :: chrome :: Attempting to verify presence of Image gallery.\nINFO     root:product_detailed_page.py:24 Info :: chrome :: Image gallery is present.\n\n&#34;}], &#34;test_cases/test_functional_testing.py::TestFunctionalTesting::test_amazon_product_search_and_export[chrome-laptop-desktop]&#34;: [{&#34;extras&#34;: [{&#34;name&#34;: null, &#34;format_type&#34;: &#34;html&#34;, &#34;content&#34;: &#34;&lt;div&gt;&lt;img src=\&#34;01_02_2025_14_45_50_501401022025.png\&#34; alt=\&#34;screenshot\&#34; style=\&#34;width:304px;height:228px;\&#34; onclick=\&#34;window.open(this.src)\&#34; align=\&#34;right\&#34;/&gt;&lt;/div&gt;&#34;, &#34;mime_type&#34;: null, &#34;extension&#34;: null}], &#34;result&#34;: &#34;Passed&#34;, &#34;testId&#34;: &#34;test_cases/test_functional_testing.py::TestFunctionalTesting::test_amazon_product_search_and_export[chrome-laptop-desktop]&#34;, &#34;duration&#34;: &#34;00:00:54&#34;, &#34;resultsTableRow&#34;: [&#34;&lt;td class=\&#34;col-result\&#34;&gt;Passed&lt;/td&gt;&#34;, &#34;&lt;td class=\&#34;col-testId\&#34;&gt;test_cases/test_functional_testing.py::TestFunctionalTesting::test_amazon_product_search_and_export[chrome-laptop-desktop]&lt;/td&gt;&#34;, &#34;&lt;td class=\&#34;col-duration\&#34;&gt;00:00:54&lt;/td&gt;&#34;, &#34;&lt;td class=\&#34;col-links\&#34;&gt;&lt;/td&gt;&#34;], &#34;log&#34;: &#34;[gw2] win32 -- Python 3.13.1 d:\\Interview Assignment\\Four_Junctions\\four_junctions_selenium_assignment\\.venv\\Scripts\\python.exe\n\n------------------------------ Captured log call -------------------------------\nINFO     root:home_page.py:29 Info :: chrome :: Navigating to Amazon home page.\nINFO     root:home_page.py:29 Info :: chrome :: Attempt 1 to check CAPTCHA.\nINFO     root:home_page.py:29 Info :: chrome :: No CAPTCHA element found on the page.\nINFO     root:home_page.py:29 Info :: chrome :: Amazon home page loaded successfully.\nINFO     root:home_page.py:29 Info :: chrome :: Attempting to search for: laptop\nINFO     root:home_page.py:29 Info :: chrome :: Search executed successfully.\nINFO     root:search_result_page.py:32 Info :: chrome :: Attempting to retrieve the name of the first product.\nINFO     root:search_result_page.py:32 Info :: chrome :: First product name retrieved successfully\nINFO     root:search_result_page.py:32 Info :: chrome :: Attempting to click the first product.\nINFO     root:search_result_page.py:32 Info :: chrome :: First product link clicked successfully.\nINFO     root:search_result_page.py:32 Info :: chrome :: Switched to the new tab successfully.\nINFO     root:product_detailed_page.py:24 Info :: chrome :: Attempting to verify product page is loaded for Dell Inspiron 3530 Thin &amp;amp; Light Laptop, 13th Gen Intel Core i3-1305U/8GB/512GB SSD/15.6&amp;quot; (39.62cm) 120Hz Refresh Rate on a FHD IPS Display/Windows 11 + MSO&amp;#x27;21+McAfee 15 Month/Carbon Black/1.62kg.\nINFO     root:product_detailed_page.py:24 Info :: chrome :: Product page loaded successfully.\nINFO     root:product_detailed_page.py:24 Info :: chrome :: Attempting to verify presence of Add to Cart button.\nINFO     root:product_detailed_page.py:24 Info :: chrome :: Add to Cart button is present.\nINFO     root:product_detailed_page.py:24 Info :: chrome :: Attempting to verify presence of Product overview section.\nINFO     root:product_detailed_page.py:24 Info :: chrome :: Product overview section is present.\nINFO     root:product_detailed_page.py:24 Info :: chrome :: Attempting to verify presence of Product details section.\nINFO     root:product_detailed_page.py:24 Info :: chrome :: Product details section is present.\nINFO     root:product_detailed_page.py:24 Info :: chrome :: Attempting to verify presence of Image gallery.\nINFO     root:product_detailed_page.py:24 Info :: chrome :: Image gallery is present.\n\n&#34;}], &#34;test_cases/test_functional_testing.py::TestFunctionalTesting::test_amazon_product_search_and_export[chrome-laptop-tablet]&#34;: [{&#34;extras&#34;: [{&#34;name&#34;: null, &#34;format_type&#34;: &#34;html&#34;, &#34;content&#34;: &#34;&lt;div&gt;&lt;img src=\&#34;01_02_2025_14_46_13_131401022025.png\&#34; alt=\&#34;screenshot\&#34; style=\&#34;width:304px;height:228px;\&#34; onclick=\&#34;window.open(this.src)\&#34; align=\&#34;right\&#34;/&gt;&lt;/div&gt;&#34;, &#34;mime_type&#34;: null, &#34;extension&#34;: null}], &#34;result&#34;: &#34;Passed&#34;, &#34;testId&#34;: &#34;test_cases/test_functional_testing.py::TestFunctionalTesting::test_amazon_product_search_and_export[chrome-laptop-tablet]&#34;, &#34;duration&#34;: &#34;00:00:49&#34;, &#34;resultsTableRow&#34;: [&#34;&lt;td class=\&#34;col-result\&#34;&gt;Passed&lt;/td&gt;&#34;, &#34;&lt;td class=\&#34;col-testId\&#34;&gt;test_cases/test_functional_testing.py::TestFunctionalTesting::test_amazon_product_search_and_export[chrome-laptop-tablet]&lt;/td&gt;&#34;, &#34;&lt;td class=\&#34;col-duration\&#34;&gt;00:00:49&lt;/td&gt;&#34;, &#34;&lt;td class=\&#34;col-links\&#34;&gt;&lt;/td&gt;&#34;], &#34;log&#34;: &#34;[gw1] win32 -- Python 3.13.1 d:\\Interview Assignment\\Four_Junctions\\four_junctions_selenium_assignment\\.venv\\Scripts\\python.exe\n\n------------------------------ Captured log call -------------------------------\nINFO     root:home_page.py:29 Info :: chrome :: Navigating to Amazon home page.\nINFO     root:home_page.py:29 Info :: chrome :: Attempt 1 to check CAPTCHA.\nINFO     root:home_page.py:29 Info :: chrome :: No CAPTCHA element found on the page.\nINFO     root:home_page.py:29 Info :: chrome :: Amazon home page loaded successfully.\nINFO     root:home_page.py:29 Info :: chrome :: Attempting to search for: laptop\nINFO     root:home_page.py:29 Info :: chrome :: Search executed successfully.\nINFO     root:search_result_page.py:32 Info :: chrome :: Attempting to retrieve the name of the first product.\nINFO     root:search_result_page.py:32 Info :: chrome :: First product name retrieved successfully\nINFO     root:search_result_page.py:32 Info :: chrome :: Attempting to click the first product.\nINFO     root:search_result_page.py:32 Info :: chrome :: First product link clicked successfully.\nINFO     root:search_result_page.py:32 Info :: chrome :: Switched to the new tab successfully.\nINFO     root:product_detailed_page.py:24 Info :: chrome :: Attempting to verify product page is loaded for Dell Inspiron 3530 Thin &amp;amp; Light Laptop, 13th Gen Intel Core i3-1305U/8GB/512GB SSD/15.6&amp;quot; (39.62cm) 120Hz Refresh Rate on a FHD IPS Display/Windows 11 + MSO&amp;#x27;21+McAfee 15 Month/Carbon Black/1.62kg.\nINFO     root:product_detailed_page.py:24 Info :: chrome :: Product page loaded successfully.\nINFO     root:product_detailed_page.py:24 Info :: chrome :: Attempting to verify presence of Add to Cart button.\nINFO     root:product_detailed_page.py:24 Info :: chrome :: Add to Cart button is present.\nINFO     root:product_detailed_page.py:24 Info :: chrome :: Attempting to verify presence of Product overview section.\nINFO     root:product_detailed_page.py:24 Info :: chrome :: Product overview section is present.\nINFO     root:product_detailed_page.py:24 Info :: chrome :: Attempting to verify presence of Product details section.\nINFO     root:product_detailed_page.py:24 Info :: chrome :: Product details section is present.\nINFO     root:product_detailed_page.py:24 Info :: chrome :: Attempting to verify presence of Image gallery.\nINFO     root:product_detailed_page.py:24 Info :: chrome :: Image gallery is present.\n\n&#34;}], &#34;test_cases/test_functional_testing.py::TestFunctionalTesting::test_amazon_product_search_and_export[chrome-laptop-mobile]&#34;: [{&#34;extras&#34;: [{&#34;name&#34;: null, &#34;format_type&#34;: &#34;html&#34;, &#34;content&#34;: &#34;&lt;div&gt;&lt;img src=\&#34;01_02_2025_14_46_33_331401022025.png\&#34; alt=\&#34;screenshot\&#34; style=\&#34;width:304px;height:228px;\&#34; onclick=\&#34;window.open(this.src)\&#34; align=\&#34;right\&#34;/&gt;&lt;/div&gt;&#34;, &#34;mime_type&#34;: null, &#34;extension&#34;: null}], &#34;result&#34;: &#34;Passed&#34;, &#34;testId&#34;: &#34;test_cases/test_functional_testing.py::TestFunctionalTesting::test_amazon_product_search_and_export[chrome-laptop-mobile]&#34;, &#34;duration&#34;: &#34;00:00:52&#34;, &#34;resultsTableRow&#34;: [&#34;&lt;td class=\&#34;col-result\&#34;&gt;Passed&lt;/td&gt;&#34;, &#34;&lt;td class=\&#34;col-testId\&#34;&gt;test_cases/test_functional_testing.py::TestFunctionalTesting::test_amazon_product_search_and_export[chrome-laptop-mobile]&lt;/td&gt;&#34;, &#34;&lt;td class=\&#34;col-duration\&#34;&gt;00:00:52&lt;/td&gt;&#34;, &#34;&lt;td class=\&#34;col-links\&#34;&gt;&lt;/td&gt;&#34;], &#34;log&#34;: &#34;[gw0] win32 -- Python 3.13.1 d:\\Interview Assignment\\Four_Junctions\\four_junctions_selenium_assignment\\.venv\\Scripts\\python.exe\n\n------------------------------ Captured log call -------------------------------\nINFO     root:home_page.py:29 Info :: chrome :: Navigating to Amazon home page.\nINFO     root:home_page.py:29 Info :: chrome :: Attempt 1 to check CAPTCHA.\nINFO     root:home_page.py:29 Info :: chrome :: No CAPTCHA element found on the page.\nINFO     root:home_page.py:29 Info :: chrome :: Amazon home page loaded successfully.\nINFO     root:home_page.py:29 Info :: chrome :: Attempting to search for: laptop\nINFO     root:home_page.py:29 Info :: chrome :: Search executed successfully.\nINFO     root:search_result_page.py:32 Info :: chrome :: Attempting to retrieve the name of the first product.\nINFO     root:search_result_page.py:32 Info :: chrome :: First product name retrieved successfully\nINFO     root:search_result_page.py:32 Info :: chrome :: Attempting to click the first product.\nINFO     root:search_result_page.py:32 Info :: chrome :: First product link clicked successfully.\nINFO     root:search_result_page.py:32 Info :: chrome :: Switched to the new tab successfully.\nINFO     root:product_detailed_page.py:24 Info :: chrome :: Attempting to verify product page is loaded for Dell Inspiron 3530 Thin &amp;amp; Light Laptop, 13th Gen Intel Core i3-1305U/8GB/512GB SSD/15.6&amp;quot; (39.62cm) 120Hz Refresh Rate on a FHD IPS Display/Windows 11 + MSO&amp;#x27;21+McAfee 15 Month/Carbon Black/1.62kg.\nINFO     root:product_detailed_page.py:24 Info :: chrome :: Product page loaded successfully.\nINFO     root:product_detailed_page.py:24 Info :: chrome :: Attempting to verify presence of Add to Cart button.\nINFO     root:product_detailed_page.py:24 Info :: chrome :: Add to Cart button is present.\nINFO     root:product_detailed_page.py:24 Info :: chrome :: Attempting to verify presence of Product overview section.\nINFO     root:product_detailed_page.py:24 Info :: chrome :: Product overview section is present.\nINFO     root:product_detailed_page.py:24 Info :: chrome :: Attempting to verify presence of Product details section.\nINFO     root:product_detailed_page.py:24 Info :: chrome :: Product details section is present.\nINFO     root:product_detailed_page.py:24 Info :: chrome :: Attempting to verify presence of Image gallery.\nINFO     root:product_detailed_page.py:24 Info :: chrome :: Image gallery is present.\n\n&#34;}], &#34;test_cases/test_functional_testing.py::TestFunctionalTesting::test_amazon_product_search_and_export[chrome-headphones-desktop]&#34;: [{&#34;extras&#34;: [{&#34;name&#34;: null, &#34;format_type&#34;: &#34;html&#34;, &#34;content&#34;: &#34;&lt;div&gt;&lt;img src=\&#34;01_02_2025_14_46_42_421401022025.png\&#34; alt=\&#34;screenshot\&#34; style=\&#34;width:304px;height:228px;\&#34; onclick=\&#34;window.open(this.src)\&#34; align=\&#34;right\&#34;/&gt;&lt;/div&gt;&#34;, &#34;mime_type&#34;: null, &#34;extension&#34;: null}], &#34;result&#34;: &#34;Passed&#34;, &#34;testId&#34;: &#34;test_cases/test_functional_testing.py::TestFunctionalTesting::test_amazon_product_search_and_export[chrome-headphones-desktop]&#34;, &#34;duration&#34;: &#34;00:00:51&#34;, &#34;resultsTableRow&#34;: [&#34;&lt;td class=\&#34;col-result\&#34;&gt;Passed&lt;/td&gt;&#34;, &#34;&lt;td class=\&#34;col-testId\&#34;&gt;test_cases/test_functional_testing.py::TestFunctionalTesting::test_amazon_product_search_and_export[chrome-headphones-desktop]&lt;/td&gt;&#34;, &#34;&lt;td class=\&#34;col-duration\&#34;&gt;00:00:51&lt;/td&gt;&#34;, &#34;&lt;td class=\&#34;col-links\&#34;&gt;&lt;/td&gt;&#34;], &#34;log&#34;: &#34;[gw2] win32 -- Python 3.13.1 d:\\Interview Assignment\\Four_Junctions\\four_junctions_selenium_assignment\\.venv\\Scripts\\python.exe\n\n------------------------------ Captured log call -------------------------------\nINFO     root:home_page.py:29 Info :: chrome :: Navigating to Amazon home page.\nINFO     root:home_page.py:29 Info :: chrome :: Attempt 1 to check CAPTCHA.\nINFO     root:home_page.py:29 Info :: chrome :: No CAPTCHA element found on the page.\nINFO     root:home_page.py:29 Info :: chrome :: Amazon home page loaded successfully.\nINFO     root:home_page.py:29 Info :: chrome :: Attempting to search for: headphones\nINFO     root:home_page.py:29 Info :: chrome :: Search executed successfully.\nINFO     root:search_result_page.py:32 Info :: chrome :: Attempting to retrieve the name of the first product.\nINFO     root:search_result_page.py:32 Info :: chrome :: First product name retrieved successfully\nINFO     root:search_result_page.py:32 Info :: chrome :: Attempting to click the first product.\nINFO     root:search_result_page.py:32 Info :: chrome :: First product link clicked successfully.\nINFO     root:search_result_page.py:32 Info :: chrome :: Switched to the new tab successfully.\nINFO     root:product_detailed_page.py:24 Info :: chrome :: Attempting to verify product page is loaded for Noise Newly Launched Airwave Max 5 Wireless Over-Ear Headphones with Adaptive Hybrid ANC (up to 50dB), HFA Tech, 80H Playtime, Dual Pairing(Calm Beige).\nINFO     root:product_detailed_page.py:24 Info :: chrome :: Product page loaded successfully.\nINFO     root:product_detailed_page.py:24 Info :: chrome :: Attempting to verify presence of Add to Cart button.\nINFO     root:product_detailed_page.py:24 Info :: chrome :: Add to Cart button is present.\nINFO     root:product_detailed_page.py:24 Info :: chrome :: Attempting to verify presence of Product overview section.\nINFO     root:product_detailed_page.py:24 Info :: chrome :: Product overview section is present.\nINFO     root:product_detailed_page.py:24 Info :: chrome :: Attempting to verify presence of Product details section.\nINFO     root:product_detailed_page.py:24 Info :: chrome :: Product details section is present.\nINFO     root:product_detailed_page.py:24 Info :: chrome :: Attempting to verify presence of Image gallery.\nINFO     root:product_detailed_page.py:24 Info :: chrome :: Image gallery is present.\n\n&#34;}], &#34;test_cases/test_functional_testing.py::TestFunctionalTesting::test_amazon_product_search_and_export[chrome-headphones-tablet]&#34;: [{&#34;extras&#34;: [{&#34;name&#34;: null, &#34;format_type&#34;: &#34;html&#34;, &#34;content&#34;: &#34;&lt;div&gt;&lt;img src=\&#34;01_02_2025_14_47_01_011401022025.png\&#34; alt=\&#34;screenshot\&#34; style=\&#34;width:304px;height:228px;\&#34; onclick=\&#34;window.open(this.src)\&#34; align=\&#34;right\&#34;/&gt;&lt;/div&gt;&#34;, &#34;mime_type&#34;: null, &#34;extension&#34;: null}], &#34;result&#34;: &#34;Passed&#34;, &#34;testId&#34;: &#34;test_cases/test_functional_testing.py::TestFunctionalTesting::test_amazon_product_search_and_export[chrome-headphones-tablet]&#34;, &#34;duration&#34;: &#34;00:00:48&#34;, &#34;resultsTableRow&#34;: [&#34;&lt;td class=\&#34;col-result\&#34;&gt;Passed&lt;/td&gt;&#34;, &#34;&lt;td class=\&#34;col-testId\&#34;&gt;test_cases/test_functional_testing.py::TestFunctionalTesting::test_amazon_product_search_and_export[chrome-headphones-tablet]&lt;/td&gt;&#34;, &#34;&lt;td class=\&#34;col-duration\&#34;&gt;00:00:48&lt;/td&gt;&#34;, &#34;&lt;td class=\&#34;col-links\&#34;&gt;&lt;/td&gt;&#34;], &#34;log&#34;: &#34;[gw1] win32 -- Python 3.13.1 d:\\Interview Assignment\\Four_Junctions\\four_junctions_selenium_assignment\\.venv\\Scripts\\python.exe\n\n------------------------------ Captured log call -------------------------------\nINFO     root:home_page.py:29 Info :: chrome :: Navigating to Amazon home page.\nINFO     root:home_page.py:29 Info :: chrome :: Attempt 1 to check CAPTCHA.\nINFO     root:home_page.py:29 Info :: chrome :: No CAPTCHA element found on the page.\nINFO     root:home_page.py:29 Info :: chrome :: Amazon home page loaded successfully.\nINFO     root:home_page.py:29 Info :: chrome :: Attempting to search for: headphones\nINFO     root:home_page.py:29 Info :: chrome :: Search executed successfully.\nINFO     root:search_result_page.py:32 Info :: chrome :: Attempting to retrieve the name of the first product.\nINFO     root:search_result_page.py:32 Info :: chrome :: First product name retrieved successfully\nINFO     root:search_result_page.py:32 Info :: chrome :: Attempting to click the first product.\nINFO     root:search_result_page.py:32 Info :: chrome :: First product link clicked successfully.\nINFO     root:search_result_page.py:32 Info :: chrome :: Switched to the new tab successfully.\nINFO     root:product_detailed_page.py:24 Info :: chrome :: Attempting to verify product page is loaded for Noise Newly Launched Airwave Max 5 Wireless Over-Ear Headphones with Adaptive Hybrid ANC (up to 50dB), HFA Tech, 80H Playtime, Dual Pairing(Calm Beige).\nINFO     root:product_detailed_page.py:24 Info :: chrome :: Product page loaded successfully.\nINFO     root:product_detailed_page.py:24 Info :: chrome :: Attempting to verify presence of Add to Cart button.\nINFO     root:product_detailed_page.py:24 Info :: chrome :: Add to Cart button is present.\nINFO     root:product_detailed_page.py:24 Info :: chrome :: Attempting to verify presence of Product overview section.\nINFO     root:product_detailed_page.py:24 Info :: chrome :: Product overview section is present.\nINFO     root:product_detailed_page.py:24 Info :: chrome :: Attempting to verify presence of Product details section.\nINFO     root:product_detailed_page.py:24 Info :: chrome :: Product details section is present.\nINFO     root:product_detailed_page.py:24 Info :: chrome :: Attempting to verify presence of Image gallery.\nINFO     root:product_detailed_page.py:24 Info :: chrome :: Image gallery is present.\n\n&#34;}], &#34;test_cases/test_functional_testing.py::TestFunctionalTesting::test_amazon_product_search_and_export[chrome-headphones-mobile]&#34;: [{&#34;extras&#34;: [{&#34;name&#34;: null, &#34;format_type&#34;: &#34;html&#34;, &#34;content&#34;: &#34;&lt;div&gt;&lt;img src=\&#34;01_02_2025_14_47_37_371401022025.png\&#34; alt=\&#34;screenshot\&#34; style=\&#34;width:304px;height:228px;\&#34; onclick=\&#34;window.open(this.src)\&#34; align=\&#34;right\&#34;/&gt;&lt;/div&gt;&#34;, &#34;mime_type&#34;: null, &#34;extension&#34;: null}], &#34;result&#34;: &#34;Passed&#34;, &#34;testId&#34;: &#34;test_cases/test_functional_testing.py::TestFunctionalTesting::test_amazon_product_search_and_export[chrome-headphones-mobile]&#34;, &#34;duration&#34;: &#34;00:01:03&#34;, &#34;resultsTableRow&#34;: [&#34;&lt;td class=\&#34;col-result\&#34;&gt;Passed&lt;/td&gt;&#34;, &#34;&lt;td class=\&#34;col-testId\&#34;&gt;test_cases/test_functional_testing.py::TestFunctionalTesting::test_amazon_product_search_and_export[chrome-headphones-mobile]&lt;/td&gt;&#34;, &#34;&lt;td class=\&#34;col-duration\&#34;&gt;00:01:03&lt;/td&gt;&#34;, &#34;&lt;td class=\&#34;col-links\&#34;&gt;&lt;/td&gt;&#34;], &#34;log&#34;: &#34;[gw0] win32 -- Python 3.13.1 d:\\Interview Assignment\\Four_Junctions\\four_junctions_selenium_assignment\\.venv\\Scripts\\python.exe\n\n------------------------------ Captured log call -------------------------------\nINFO     root:home_page.py:29 Info :: chrome :: Navigating to Amazon home page.\nINFO     root:home_page.py:29 Info :: chrome :: Attempt 1 to check CAPTCHA.\nINFO     root:home_page.py:29 Info :: chrome :: No CAPTCHA element found on the page.\nINFO     root:home_page.py:29 Info :: chrome :: Amazon home page loaded successfully.\nINFO     root:home_page.py:29 Info :: chrome :: Attempting to search for: headphones\nINFO     root:home_page.py:29 Info :: chrome :: Search executed successfully.\nINFO     root:search_result_page.py:32 Info :: chrome :: Attempting to retrieve the name of the first product.\nINFO     root:search_result_page.py:32 Info :: chrome :: First product name retrieved successfully\nINFO     root:search_result_page.py:32 Info :: chrome :: Attempting to click the first product.\nINFO     root:search_result_page.py:32 Info :: chrome :: First product link clicked successfully.\nINFO     root:search_result_page.py:32 Info :: chrome :: Switched to the new tab successfully.\nINFO     root:product_detailed_page.py:24 Info :: chrome :: Attempting to verify product page is loaded for Noise Newly Launched Airwave Max 5 Wireless Over-Ear Headphones with Adaptive Hybrid ANC (up to 50dB), HFA Tech, 80H Playtime, Dual Pairing(Calm Beige).\nINFO     root:product_detailed_page.py:24 Info :: chrome :: Product page loaded successfully.\nINFO     root:product_detailed_page.py:24 Info :: chrome :: Attempting to verify presence of Add to Cart button.\nINFO     root:product_detailed_page.py:24 Info :: chrome :: Add to Cart button is present.\nINFO     root:product_detailed_page.py:24 Info :: chrome :: Attempting to verify presence of Product overview section.\nINFO     root:product_detailed_page.py:24 Info :: chrome :: Product overview section is present.\nINFO     root:product_detailed_page.py:24 Info :: chrome :: Attempting to verify presence of Product details section.\nINFO     root:product_detailed_page.py:24 Info :: chrome :: Product details section is present.\nINFO     root:product_detailed_page.py:24 Info :: chrome :: Attempting to verify presence of Image gallery.\nINFO     root:product_detailed_page.py:24 Info :: chrome :: Image gallery is present.\n\n&#34;}], &#34;test_cases/test_functional_testing.py::TestFunctionalTesting::test_amazon_product_search_and_export[firefox-mobile-desktop]&#34;: [{&#34;extras&#34;: [{&#34;name&#34;: null, &#34;format_type&#34;: &#34;html&#34;, &#34;content&#34;: &#34;&lt;div&gt;&lt;img src=\&#34;01_02_2025_14_47_46_461401022025.png\&#34; alt=\&#34;screenshot\&#34; style=\&#34;width:304px;height:228px;\&#34; onclick=\&#34;window.open(this.src)\&#34; align=\&#34;right\&#34;/&gt;&lt;/div&gt;&#34;, &#34;mime_type&#34;: null, &#34;extension&#34;: null}], &#34;result&#34;: &#34;Passed&#34;, &#34;testId&#34;: &#34;test_cases/test_functional_testing.py::TestFunctionalTesting::test_amazon_product_search_and_export[firefox-mobile-desktop]&#34;, &#34;duration&#34;: &#34;00:01:04&#34;, &#34;resultsTableRow&#34;: [&#34;&lt;td class=\&#34;col-result\&#34;&gt;Passed&lt;/td&gt;&#34;, &#34;&lt;td class=\&#34;col-testId\&#34;&gt;test_cases/test_functional_testing.py::TestFunctionalTesting::test_amazon_product_search_and_export[firefox-mobile-desktop]&lt;/td&gt;&#34;, &#34;&lt;td class=\&#34;col-duration\&#34;&gt;00:01:04&lt;/td&gt;&#34;, &#34;&lt;td class=\&#34;col-links\&#34;&gt;&lt;/td&gt;&#34;], &#34;log&#34;: &#34;[gw2] win32 -- Python 3.13.1 d:\\Interview Assignment\\Four_Junctions\\four_junctions_selenium_assignment\\.venv\\Scripts\\python.exe\n\n------------------------------ Captured log setup ------------------------------\nINFO     root:conftest.py:75 Closing the Chrome Browser\nINFO     WDM:logger.py:11 xdist worker is: gw2\nINFO     WDM:logger.py:11 ====== WebDriver manager ======\nINFO     WDM:logger.py:11 Get LATEST geckodriver version for 134.0 firefox\nINFO     WDM:logger.py:11 Get LATEST geckodriver version for 134.0 firefox\nINFO     WDM:logger.py:11 Driver [C:\\Users\\Gokul Dev P\\.wdm\\gw2\\drivers\\geckodriver\\win64\\v0.35.0\\geckodriver.exe] found in cache\nINFO     root:conftest.py:68 Launching Firefox Browser\n\n------------------------------ Captured log call -------------------------------\nINFO     root:home_page.py:29 Info :: firefox :: Navigating to Amazon home page.\nINFO     root:home_page.py:29 Info :: firefox :: Attempt 1 to check CAPTCHA.\nINFO     root:home_page.py:29 Info :: firefox :: No CAPTCHA element found on the page.\nINFO     root:home_page.py:29 Info :: firefox :: Amazon home page loaded successfully.\nINFO     root:home_page.py:29 Info :: firefox :: Attempting to search for: mobile\nINFO     root:home_page.py:29 Info :: firefox :: Search executed successfully.\nINFO     root:search_result_page.py:32 Info :: firefox :: Attempting to retrieve the name of the first product.\nINFO     root:search_result_page.py:32 Info :: firefox :: First product name retrieved successfully\nINFO     root:search_result_page.py:32 Info :: firefox :: Attempting to click the first product.\nINFO     root:search_result_page.py:32 Info :: firefox :: First product link clicked successfully.\nINFO     root:search_result_page.py:32 Info :: firefox :: Switched to the new tab successfully.\nINFO     root:product_detailed_page.py:24 Info :: firefox :: Attempting to verify product page is loaded for Samsung Galaxy S23 Ultra 5G AI Smartphone (Green, 12GB, 256GB Storage).\nINFO     root:product_detailed_page.py:24 Info :: firefox :: Product page loaded successfully.\nINFO     root:product_detailed_page.py:24 Info :: firefox :: Attempting to verify presence of Add to Cart button.\nINFO     root:product_detailed_page.py:24 Info :: firefox :: Add to Cart button is present.\nINFO     root:product_detailed_page.py:24 Info :: firefox :: Attempting to verify presence of Product overview section.\nINFO     root:product_detailed_page.py:24 Info :: firefox :: Product overview section is present.\nINFO     root:product_detailed_page.py:24 Info :: firefox :: Attempting to verify presence of Product details section.\nINFO     root:product_detailed_page.py:24 Info :: firefox :: Product details section is present.\nINFO     root:product_detailed_page.py:24 Info :: firefox :: Attempting to verify presence of Image gallery.\nINFO     root:product_detailed_page.py:24 Info :: firefox :: Image gallery is present.\n\n&#34;}], &#34;test_cases/test_functional_testing.py::TestFunctionalTesting::test_amazon_product_search_and_export[firefox-mobile-tablet]&#34;: [{&#34;extras&#34;: [{&#34;name&#34;: null, &#34;format_type&#34;: &#34;html&#34;, &#34;content&#34;: &#34;&lt;div&gt;&lt;img src=\&#34;01_02_2025_14_48_11_111401022025.png\&#34; alt=\&#34;screenshot\&#34; style=\&#34;width:304px;height:228px;\&#34; onclick=\&#34;window.open(this.src)\&#34; align=\&#34;right\&#34;/&gt;&lt;/div&gt;&#34;, &#34;mime_type&#34;: null, &#34;extension&#34;: null}], &#34;result&#34;: &#34;Passed&#34;, &#34;testId&#34;: &#34;test_cases/test_functional_testing.py::TestFunctionalTesting::test_amazon_product_search_and_export[firefox-mobile-tablet]&#34;, &#34;duration&#34;: &#34;00:01:09&#34;, &#34;resultsTableRow&#34;: [&#34;&lt;td class=\&#34;col-result\&#34;&gt;Passed&lt;/td&gt;&#34;, &#34;&lt;td class=\&#34;col-testId\&#34;&gt;test_cases/test_functional_testing.py::TestFunctionalTesting::test_amazon_product_search_and_export[firefox-mobile-tablet]&lt;/td&gt;&#34;, &#34;&lt;td class=\&#34;col-duration\&#34;&gt;00:01:09&lt;/td&gt;&#34;, &#34;&lt;td class=\&#34;col-links\&#34;&gt;&lt;/td&gt;&#34;], &#34;log&#34;: &#34;[gw1] win32 -- Python 3.13.1 d:\\Interview Assignment\\Four_Junctions\\four_junctions_selenium_assignment\\.venv\\Scripts\\python.exe\n\n------------------------------ Captured log setup ------------------------------\nINFO     root:conftest.py:75 Closing the Chrome Browser\nINFO     WDM:logger.py:11 xdist worker is: gw1\nINFO     WDM:logger.py:11 ====== WebDriver manager ======\nINFO     WDM:logger.py:11 Get LATEST geckodriver version for 134.0 firefox\nINFO     WDM:logger.py:11 Get LATEST geckodriver version for 134.0 firefox\nINFO     WDM:logger.py:11 Driver [C:\\Users\\Gokul Dev P\\.wdm\\gw1\\drivers\\geckodriver\\win64\\v0.35.0\\geckodriver.exe] found in cache\nINFO     root:conftest.py:68 Launching Firefox Browser\n\n------------------------------ Captured log call -------------------------------\nINFO     root:home_page.py:29 Info :: firefox :: Navigating to Amazon home page.\nINFO     root:home_page.py:29 Info :: firefox :: Attempt 1 to check CAPTCHA.\nINFO     root:home_page.py:29 Info :: firefox :: No CAPTCHA element found on the page.\nINFO     root:home_page.py:29 Info :: firefox :: Amazon home page loaded successfully.\nINFO     root:home_page.py:29 Info :: firefox :: Attempting to search for: mobile\nINFO     root:home_page.py:29 Info :: firefox :: Search executed successfully.\nINFO     root:search_result_page.py:32 Info :: firefox :: Attempting to retrieve the name of the first product.\nINFO     root:search_result_page.py:32 Info :: firefox :: First product name retrieved successfully\nINFO     root:search_result_page.py:32 Info :: firefox :: Attempting to click the first product.\nINFO     root:search_result_page.py:32 Info :: firefox :: First product link clicked successfully.\nINFO     root:search_result_page.py:32 Info :: firefox :: Switched to the new tab successfully.\nINFO     root:product_detailed_page.py:24 Info :: firefox :: Attempting to verify product page is loaded for Samsung Galaxy S23 Ultra 5G AI Smartphone (Green, 12GB, 256GB Storage).\nINFO     root:product_detailed_page.py:24 Info :: firefox :: Product page loaded successfully.\nINFO     root:product_detailed_page.py:24 Info :: firefox :: Attempting to verify presence of Add to Cart button.\nINFO     root:product_detailed_page.py:24 Info :: firefox :: Add to Cart button is present.\nINFO     root:product_detailed_page.py:24 Info :: firefox :: Attempting to verify presence of Product overview section.\nINFO     root:product_detailed_page.py:24 Info :: firefox :: Product overview section is present.\nINFO     root:product_detailed_page.py:24 Info :: firefox :: Attempting to verify presence of Product details section.\nINFO     root:product_detailed_page.py:24 Info :: firefox :: Product details section is present.\nINFO     root:product_detailed_page.py:24 Info :: firefox :: Attempting to verify presence of Image gallery.\nINFO     root:product_detailed_page.py:24 Info :: firefox :: Image gallery is present.\n\n&#34;}], &#34;test_cases/test_functional_testing.py::TestFunctionalTesting::test_amazon_product_search_and_export[firefox-laptop-desktop]&#34;: [{&#34;extras&#34;: [{&#34;name&#34;: null, &#34;format_type&#34;: &#34;html&#34;, &#34;content&#34;: &#34;&lt;div&gt;&lt;img src=\&#34;01_02_2025_14_48_27_271401022025.png\&#34; alt=\&#34;screenshot\&#34; style=\&#34;width:304px;height:228px;\&#34; onclick=\&#34;window.open(this.src)\&#34; align=\&#34;right\&#34;/&gt;&lt;/div&gt;&#34;, &#34;mime_type&#34;: null, &#34;extension&#34;: null}], &#34;result&#34;: &#34;Passed&#34;, &#34;testId&#34;: &#34;test_cases/test_functional_testing.py::TestFunctionalTesting::test_amazon_product_search_and_export[firefox-laptop-desktop]&#34;, &#34;duration&#34;: &#34;00:00:40&#34;, &#34;resultsTableRow&#34;: [&#34;&lt;td class=\&#34;col-result\&#34;&gt;Passed&lt;/td&gt;&#34;, &#34;&lt;td class=\&#34;col-testId\&#34;&gt;test_cases/test_functional_testing.py::TestFunctionalTesting::test_amazon_product_search_and_export[firefox-laptop-desktop]&lt;/td&gt;&#34;, &#34;&lt;td class=\&#34;col-duration\&#34;&gt;00:00:40&lt;/td&gt;&#34;, &#34;&lt;td class=\&#34;col-links\&#34;&gt;&lt;/td&gt;&#34;], &#34;log&#34;: &#34;[gw2] win32 -- Python 3.13.1 d:\\Interview Assignment\\Four_Junctions\\four_junctions_selenium_assignment\\.venv\\Scripts\\python.exe\n\n------------------------------ Captured log call -------------------------------\nINFO     root:home_page.py:29 Info :: firefox :: Navigating to Amazon home page.\nINFO     root:home_page.py:29 Info :: firefox :: Attempt 1 to check CAPTCHA.\nINFO     root:home_page.py:29 Info :: firefox :: No CAPTCHA element found on the page.\nINFO     root:home_page.py:29 Info :: firefox :: Amazon home page loaded successfully.\nINFO     root:home_page.py:29 Info :: firefox :: Attempting to search for: laptop\nINFO     root:home_page.py:29 Info :: firefox :: Search executed successfully.\nINFO     root:search_result_page.py:32 Info :: firefox :: Attempting to retrieve the name of the first product.\nINFO     root:search_result_page.py:32 Info :: firefox :: First product name retrieved successfully\nINFO     root:search_result_page.py:32 Info :: firefox :: Attempting to click the first product.\nINFO     root:search_result_page.py:32 Info :: firefox :: First product link clicked successfully.\nINFO     root:search_result_page.py:32 Info :: firefox :: Switched to the new tab successfully.\nINFO     root:product_detailed_page.py:24 Info :: firefox :: Attempting to verify product page is loaded for Dell Inspiron 3530 Thin &amp;amp; Light Laptop, 13th Gen Intel Core i3-1305U/8GB/512GB SSD/15.6&amp;quot; (39.62cm) 120Hz Refresh Rate on a FHD IPS Display/Windows 11 + MSO&amp;#x27;21+McAfee 15 Month/Carbon Black/1.62kg.\nINFO     root:product_detailed_page.py:24 Info :: firefox :: Product page loaded successfully.\nINFO     root:product_detailed_page.py:24 Info :: firefox :: Attempting to verify presence of Add to Cart button.\nINFO     root:product_detailed_page.py:24 Info :: firefox :: Add to Cart button is present.\nINFO     root:product_detailed_page.py:24 Info :: firefox :: Attempting to verify presence of Product overview section.\nINFO     root:product_detailed_page.py:24 Info :: firefox :: Product overview section is present.\nINFO     root:product_detailed_page.py:24 Info :: firefox :: Attempting to verify presence of Product details section.\nINFO     root:product_detailed_page.py:24 Info :: firefox :: Product details section is present.\nINFO     root:product_detailed_page.py:24 Info :: firefox :: Attempting to verify presence of Image gallery.\nINFO     root:product_detailed_page.py:24 Info :: firefox :: Image gallery is present.\n\n&#34;}], &#34;test_cases/test_functional_testing.py::TestFunctionalTesting::test_amazon_product_search_and_export[firefox-mobile-mobile]&#34;: [{&#34;extras&#34;: [{&#34;name&#34;: null, &#34;format_type&#34;: &#34;html&#34;, &#34;content&#34;: &#34;&lt;div&gt;&lt;img src=\&#34;01_02_2025_14_48_40_391401022025.png\&#34; alt=\&#34;screenshot\&#34; style=\&#34;width:304px;height:228px;\&#34; onclick=\&#34;window.open(this.src)\&#34; align=\&#34;right\&#34;/&gt;&lt;/div&gt;&#34;, &#34;mime_type&#34;: null, &#34;extension&#34;: null}], &#34;result&#34;: &#34;Failed&#34;, &#34;testId&#34;: &#34;test_cases/test_functional_testing.py::TestFunctionalTesting::test_amazon_product_search_and_export[firefox-mobile-mobile]&#34;, &#34;duration&#34;: &#34;00:01:02&#34;, &#34;resultsTableRow&#34;: [&#34;&lt;td class=\&#34;col-result\&#34;&gt;Failed&lt;/td&gt;&#34;, &#34;&lt;td class=\&#34;col-testId\&#34;&gt;test_cases/test_functional_testing.py::TestFunctionalTesting::test_amazon_product_search_and_export[firefox-mobile-mobile]&lt;/td&gt;&#34;, &#34;&lt;td class=\&#34;col-duration\&#34;&gt;00:01:02&lt;/td&gt;&#34;, &#34;&lt;td class=\&#34;col-links\&#34;&gt;&lt;/td&gt;&#34;], &#34;log&#34;: &#34;[gw0] win32 -- Python 3.13.1 d:\\Interview Assignment\\Four_Junctions\\four_junctions_selenium_assignment\\.venv\\Scripts\\python.exe\n\nself = &amp;lt;test_cases.test_functional_testing.TestFunctionalTesting object at 0x000001CA58635E20&amp;gt;, search_term = &amp;#x27;mobile&amp;#x27;, device = &amp;#x27;mobile&amp;#x27;\n\n    @pytest.mark.parametrize(&amp;quot;device&amp;quot;, SCREEN_SIZES)\n    @pytest.mark.parametrize(&amp;quot;search_term&amp;quot;, SEARCH_ITEMS)\n    def test_amazon_product_search_and_export(self, search_term, device):\n        &amp;quot;&amp;quot;&amp;quot;\n        Test to search for a product and verify its details on Amazon.\n    \n        :param search_term: The search term to look for products.\n        :param device: The device type (e.g., desktop, tablet, mobile).\n        &amp;quot;&amp;quot;&amp;quot;\n        # Open Amazon homepage\n        assert self.home_page.open_amazon_website(device), &amp;quot;Failed to open Amazon homepage&amp;quot;\n    \n        # Step 1: Search for the product based on the given search term\n        self.home_page.search_product(search_term)\n        assert search_term in self.driver.current_url, f&amp;quot;Failed to search for the product {search_term}&amp;quot;\n    \n        # Step 2: Retrieve the name of the first product in the search results\n        product_name = self.search_result_page.return_first_product_name()\n    \n        # Step 3: Click on the first product and verify its details\n&amp;gt;       self.search_result_page.click_first_product()\n\ntest_cases\\test_functional_testing.py:40: \n_ _ _ _ _ _ _ _ _ _ _ _ _ _ _ _ _ _ _ _ _ _ _ _ _ _ _ _ _ _ _ _ _ _ _ _ _ _ _ _ _ _ _ _ _ _ _ _ _ _ _ _ _ _ _ _ _ _ _ _ _ _ _ _ _ _ _ _ _ _ _ _ _ _ _ _ _ _ _ _ _ _ _ _ _ _ _ _ _ _ _ _ _ _ _ _ _ _ _ _ _ _ _ _ \npage_objects\\search_result_page.py:126: in click_first_product\n    self.wait.until(EC.element_to_be_clickable((By.XPATH, self.TEXT_PRODUCT_URL_XPATH))).click()\n.venv\\Lib\\site-packages\\selenium\\webdriver\\remote\\webelement.py:119: in click\n    self._execute(Command.CLICK_ELEMENT)\n.venv\\Lib\\site-packages\\selenium\\webdriver\\remote\\webelement.py:570: in _execute\n    return self._parent.execute(command, params)\n.venv\\Lib\\site-packages\\selenium\\webdriver\\remote\\webdriver.py:429: in execute\n    self.error_handler.check_response(response)\n_ _ _ _ _ _ _ _ _ _ _ _ _ _ _ _ _ _ _ _ _ _ _ _ _ _ _ _ _ _ _ _ _ _ _ _ _ _ _ _ _ _ _ _ _ _ _ _ _ _ _ _ _ _ _ _ _ _ _ _ _ _ _ _ _ _ _ _ _ _ _ _ _ _ _ _ _ _ _ _ _ _ _ _ _ _ _ _ _ _ _ _ _ _ _ _ _ _ _ _ _ _ _ _ \n\nself = &amp;lt;selenium.webdriver.remote.errorhandler.ErrorHandler object at 0x000001CA586CA2C0&amp;gt;\nresponse = {&amp;#x27;status&amp;#x27;: 400, &amp;#x27;value&amp;#x27;: &amp;#x27;{&amp;quot;value&amp;quot;:{&amp;quot;error&amp;quot;:&amp;quot;element click intercepted&amp;quot;,&amp;quot;message&amp;quot;:&amp;quot;Element &amp;lt;a class=\\\\&amp;quot;a-link-normal s...ys.mjs:344:29\\\\nreceiveMessage@chrome://remote/content/marionette/actors/MarionetteCommandsChild.sys.mjs:220:31\\\\n&amp;quot;}}&amp;#x27;}\n\n    def check_response(self, response: Dict[str, Any]) -&amp;gt; None:\n        &amp;quot;&amp;quot;&amp;quot;Checks that a JSON response from the WebDriver does not have an\n        error.\n    \n        :Args:\n         - response - The JSON response from the WebDriver server as a dictionary\n           object.\n    \n        :Raises: If the response contains an error message.\n        &amp;quot;&amp;quot;&amp;quot;\n        status = response.get(&amp;quot;status&amp;quot;, None)\n        if not status or status == ErrorCode.SUCCESS:\n            return\n        value = None\n        message = response.get(&amp;quot;message&amp;quot;, &amp;quot;&amp;quot;)\n        screen: str = response.get(&amp;quot;screen&amp;quot;, &amp;quot;&amp;quot;)\n        stacktrace = None\n        if isinstance(status, int):\n            value_json = response.get(&amp;quot;value&amp;quot;, None)\n            if value_json and isinstance(value_json, str):\n                import json\n    \n                try:\n                    value = json.loads(value_json)\n                    if len(value) == 1:\n                        value = value[&amp;quot;value&amp;quot;]\n                    status = value.get(&amp;quot;error&amp;quot;, None)\n                    if not status:\n                        status = value.get(&amp;quot;status&amp;quot;, ErrorCode.UNKNOWN_ERROR)\n                        message = value.get(&amp;quot;value&amp;quot;) or value.get(&amp;quot;message&amp;quot;)\n                        if not isinstance(message, str):\n                            value = message\n                            message = message.get(&amp;quot;message&amp;quot;)\n                    else:\n                        message = value.get(&amp;quot;message&amp;quot;, None)\n                except ValueError:\n                    pass\n    \n        exception_class: Type[WebDriverException]\n        e = ErrorCode()\n        error_codes = [item for item in dir(e) if not item.startswith(&amp;quot;__&amp;quot;)]\n        for error_code in error_codes:\n            error_info = getattr(ErrorCode, error_code)\n            if isinstance(error_info, list) and status in error_info:\n                exception_class = getattr(ExceptionMapping, error_code, WebDriverException)\n                break\n        else:\n            exception_class = WebDriverException\n    \n        if not value:\n            value = response[&amp;quot;value&amp;quot;]\n        if isinstance(value, str):\n            raise exception_class(value)\n        if message == &amp;quot;&amp;quot; and &amp;quot;message&amp;quot; in value:\n            message = value[&amp;quot;message&amp;quot;]\n    \n        screen = None  # type: ignore[assignment]\n        if &amp;quot;screen&amp;quot; in value:\n            screen = value[&amp;quot;screen&amp;quot;]\n    \n        stacktrace = None\n        st_value = value.get(&amp;quot;stackTrace&amp;quot;) or value.get(&amp;quot;stacktrace&amp;quot;)\n        if st_value:\n            if isinstance(st_value, str):\n                stacktrace = st_value.split(&amp;quot;\\n&amp;quot;)\n            else:\n                stacktrace = []\n                try:\n                    for frame in st_value:\n                        line = frame.get(&amp;quot;lineNumber&amp;quot;, &amp;quot;&amp;quot;)\n                        file = frame.get(&amp;quot;fileName&amp;quot;, &amp;quot;&amp;lt;anonymous&amp;gt;&amp;quot;)\n                        if line:\n                            file = f&amp;quot;{file}:{line}&amp;quot;\n                        meth = frame.get(&amp;quot;methodName&amp;quot;, &amp;quot;&amp;lt;anonymous&amp;gt;&amp;quot;)\n                        if &amp;quot;className&amp;quot; in frame:\n                            meth = f&amp;quot;{frame[&amp;#x27;className&amp;#x27;]}.{meth}&amp;quot;\n                        msg = &amp;quot;    at %s (%s)&amp;quot;\n                        msg = msg % (meth, file)\n                        stacktrace.append(msg)\n                except TypeError:\n                    pass\n        if exception_class == UnexpectedAlertPresentException:\n            alert_text = None\n            if &amp;quot;data&amp;quot; in value:\n                alert_text = value[&amp;quot;data&amp;quot;].get(&amp;quot;text&amp;quot;)\n            elif &amp;quot;alert&amp;quot; in value:\n                alert_text = value[&amp;quot;alert&amp;quot;].get(&amp;quot;text&amp;quot;)\n            raise exception_class(message, screen, stacktrace, alert_text)  # type: ignore[call-arg]  # mypy is not smart enough here\n&amp;gt;       raise exception_class(message, screen, stacktrace)\nE       selenium.common.exceptions.ElementClickInterceptedException: Message: Element &amp;lt;a class=&amp;quot;a-link-normal s-no-outline&amp;quot; href=&amp;quot;/sspa/click?ie=UTF8&amp;amp;spc=MTo2NDcwODMyNTIxMDA3MTYyOjE3Mzg0MDE1MTc6c3BfYXRmOjIwMTE2MjE3NjQzMzk4OjowOjo&amp;amp;url=%2FSamsung-Galaxy-Ultra-Green-Storage%2Fdp%2FB0BT9CXXXX%2Fref%3Dsr_1_1_sspa%3Fcrid%3D2YWKTNIJ2G6RK%26dib%3DeyJ2IjoiMSJ9.YFHwfIh7GPJJ09bm1bBID75_ajivkMEuuHp-8IaH9c9SjxNNhbzRVvVRP2cfJO9X0ABrXStl1tfmxHzoUndjxA9Mh2tvfgu9QC4JSc7ZoDDDRz4Wpps66ebqsaQrAW9fUETiJZ_CunCb2k5bCrBBiSY0PdH9U27W-T6FDSLLFh4vuTJP29o_3JbZb46T8R5szNNGo-6BgPPpqSECxNsz2KeryNvgkALoManQ7Wpb2DM.f_nemiWc7uBL0p3_JeryY2cNABR3I3VBQgJiKFMsHVE%26dib_tag%3Dse%26keywords%3Dmobile%26qid%3D1738401517%26sprefix%3D%252Caps%252C220%26sr%3D8-1-spons%26sp_csd%3Dd2lkZ2V0TmFtZT1zcF9hdGY%26psc%3D1&amp;quot;&amp;gt; is not clickable at point (376,566) because another element &amp;lt;html class=&amp;quot; a-js a-audio a-video a-canvas a-svg a-drag-drop a-geolocation a-history a-webworker a-autofocus a-input-placeholder a-textarea-placeholder a-local-storage a-gradients a-transform3d a-touch-scrolling a-text-shadow a-text-stroke a-box-shadow a-border-radius a-border-image a-opacity a-transform a-transition a-ember&amp;quot;&amp;gt; obscures it\nE       Stacktrace:\nE       RemoteError@chrome://remote/content/shared/RemoteError.sys.mjs:8:8\nE       WebDriverError@chrome://remote/content/shared/webdriver/Errors.sys.mjs:193:5\nE       ElementClickInterceptedError@chrome://remote/content/shared/webdriver/Errors.sys.mjs:337:5\nE       webdriverClickElement@chrome://remote/content/marionette/interaction.sys.mjs:177:11\nE       interaction.clickElement@chrome://remote/content/marionette/interaction.sys.mjs:136:11\nE       clickElement@chrome://remote/content/marionette/actors/MarionetteCommandsChild.sys.mjs:344:29\nE       receiveMessage@chrome://remote/content/marionette/actors/MarionetteCommandsChild.sys.mjs:220:31\n\n.venv\\Lib\\site-packages\\selenium\\webdriver\\remote\\errorhandler.py:232: ElementClickInterceptedException\n\n------------------------------ Captured log setup ------------------------------\nINFO     root:conftest.py:75 Closing the Chrome Browser\nINFO     WDM:logger.py:11 xdist worker is: gw0\nINFO     WDM:logger.py:11 ====== WebDriver manager ======\nINFO     WDM:logger.py:11 Get LATEST geckodriver version for 134.0 firefox\nINFO     WDM:logger.py:11 Get LATEST geckodriver version for 134.0 firefox\nINFO     WDM:logger.py:11 Get LATEST geckodriver version for 134.0 firefox\nINFO     WDM:logger.py:11 Getting latest mozilla release info for v0.35.0\nINFO     WDM:logger.py:11 About to download new driver from https://github.com/mozilla/geckodriver/releases/download/v0.35.0/geckodriver-v0.35.0-win64.zip\nINFO     WDM:logger.py:11 Driver downloading response is 200\nINFO     WDM:logger.py:11 Get LATEST geckodriver version for 134.0 firefox\nINFO     WDM:logger.py:11 Driver has been saved in cache [C:\\Users\\Gokul Dev P\\.wdm\\gw0\\drivers\\geckodriver\\win64\\v0.35.0]\nINFO     root:conftest.py:68 Launching Firefox Browser\n\n------------------------------ Captured log call -------------------------------\nINFO     root:home_page.py:29 Info :: firefox :: Navigating to Amazon home page.\nINFO     root:home_page.py:29 Info :: firefox :: Attempt 1 to check CAPTCHA.\nINFO     root:home_page.py:29 Info :: firefox :: No CAPTCHA element found on the page.\nINFO     root:home_page.py:29 Info :: firefox :: Amazon home page loaded successfully.\nINFO     root:home_page.py:29 Info :: firefox :: Attempting to search for: mobile\nINFO     root:home_page.py:29 Info :: firefox :: Search executed successfully.\nINFO     root:search_result_page.py:32 Info :: firefox :: Attempting to retrieve the name of the first product.\nINFO     root:search_result_page.py:32 Info :: firefox :: First product name retrieved successfully\nINFO     root:search_result_page.py:32 Info :: firefox :: Attempting to click the first product.\n\n&#34;}], &#34;test_cases/test_functional_testing.py::TestFunctionalTesting::test_amazon_product_search_and_export[firefox-laptop-tablet]&#34;: [{&#34;extras&#34;: [{&#34;name&#34;: null, &#34;format_type&#34;: &#34;html&#34;, &#34;content&#34;: &#34;&lt;div&gt;&lt;img src=\&#34;01_02_2025_14_48_53_531401022025.png\&#34; alt=\&#34;screenshot\&#34; style=\&#34;width:304px;height:228px;\&#34; onclick=\&#34;window.open(this.src)\&#34; align=\&#34;right\&#34;/&gt;&lt;/div&gt;&#34;, &#34;mime_type&#34;: null, &#34;extension&#34;: null}], &#34;result&#34;: &#34;Passed&#34;, &#34;testId&#34;: &#34;test_cases/test_functional_testing.py::TestFunctionalTesting::test_amazon_product_search_and_export[firefox-laptop-tablet]&#34;, &#34;duration&#34;: &#34;00:00:40&#34;, &#34;resultsTableRow&#34;: [&#34;&lt;td class=\&#34;col-result\&#34;&gt;Passed&lt;/td&gt;&#34;, &#34;&lt;td class=\&#34;col-testId\&#34;&gt;test_cases/test_functional_testing.py::TestFunctionalTesting::test_amazon_product_search_and_export[firefox-laptop-tablet]&lt;/td&gt;&#34;, &#34;&lt;td class=\&#34;col-duration\&#34;&gt;00:00:40&lt;/td&gt;&#34;, &#34;&lt;td class=\&#34;col-links\&#34;&gt;&lt;/td&gt;&#34;], &#34;log&#34;: &#34;[gw1] win32 -- Python 3.13.1 d:\\Interview Assignment\\Four_Junctions\\four_junctions_selenium_assignment\\.venv\\Scripts\\python.exe\n\n------------------------------ Captured log call -------------------------------\nINFO     root:home_page.py:29 Info :: firefox :: Navigating to Amazon home page.\nINFO     root:home_page.py:29 Info :: firefox :: Attempt 1 to check CAPTCHA.\nINFO     root:home_page.py:29 Info :: firefox :: No CAPTCHA element found on the page.\nINFO     root:home_page.py:29 Info :: firefox :: Amazon home page loaded successfully.\nINFO     root:home_page.py:29 Info :: firefox :: Attempting to search for: laptop\nINFO     root:home_page.py:29 Info :: firefox :: Search executed successfully.\nINFO     root:search_result_page.py:32 Info :: firefox :: Attempting to retrieve the name of the first product.\nINFO     root:search_result_page.py:32 Info :: firefox :: First product name retrieved successfully\nINFO     root:search_result_page.py:32 Info :: firefox :: Attempting to click the first product.\nINFO     root:search_result_page.py:32 Info :: firefox :: First product link clicked successfully.\nINFO     root:search_result_page.py:32 Info :: firefox :: Switched to the new tab successfully.\nINFO     root:product_detailed_page.py:24 Info :: firefox :: Attempting to verify product page is loaded for Dell Inspiron 3530 Thin &amp;amp; Light Laptop, 13th Gen Intel Core i3-1305U/8GB/512GB SSD/15.6&amp;quot; (39.62cm) 120Hz Refresh Rate on a FHD IPS Display/Windows 11 + MSO&amp;#x27;21+McAfee 15 Month/Carbon Black/1.62kg.\nINFO     root:product_detailed_page.py:24 Info :: firefox :: Product page loaded successfully.\nINFO     root:product_detailed_page.py:24 Info :: firefox :: Attempting to verify presence of Add to Cart button.\nINFO     root:product_detailed_page.py:24 Info :: firefox :: Add to Cart button is present.\nINFO     root:product_detailed_page.py:24 Info :: firefox :: Attempting to verify presence of Product overview section.\nINFO     root:product_detailed_page.py:24 Info :: firefox :: Product overview section is present.\nINFO     root:product_detailed_page.py:24 Info :: firefox :: Attempting to verify presence of Product details section.\nINFO     root:product_detailed_page.py:24 Info :: firefox :: Product details section is present.\nINFO     root:product_detailed_page.py:24 Info :: firefox :: Attempting to verify presence of Image gallery.\nINFO     root:product_detailed_page.py:24 Info :: firefox :: Image gallery is present.\n\n&#34;}], &#34;test_cases/test_functional_testing.py::TestFunctionalTesting::test_amazon_product_search_and_export[firefox-headphones-desktop]&#34;: [{&#34;extras&#34;: [{&#34;name&#34;: null, &#34;format_type&#34;: &#34;html&#34;, &#34;content&#34;: &#34;&lt;div&gt;&lt;img src=\&#34;01_02_2025_14_49_09_091401022025.png\&#34; alt=\&#34;screenshot\&#34; style=\&#34;width:304px;height:228px;\&#34; onclick=\&#34;window.open(this.src)\&#34; align=\&#34;right\&#34;/&gt;&lt;/div&gt;&#34;, &#34;mime_type&#34;: null, &#34;extension&#34;: null}], &#34;result&#34;: &#34;Passed&#34;, &#34;testId&#34;: &#34;test_cases/test_functional_testing.py::TestFunctionalTesting::test_amazon_product_search_and_export[firefox-headphones-desktop]&#34;, &#34;duration&#34;: &#34;00:00:39&#34;, &#34;resultsTableRow&#34;: [&#34;&lt;td class=\&#34;col-result\&#34;&gt;Passed&lt;/td&gt;&#34;, &#34;&lt;td class=\&#34;col-testId\&#34;&gt;test_cases/test_functional_testing.py::TestFunctionalTesting::test_amazon_product_search_and_export[firefox-headphones-desktop]&lt;/td&gt;&#34;, &#34;&lt;td class=\&#34;col-duration\&#34;&gt;00:00:39&lt;/td&gt;&#34;, &#34;&lt;td class=\&#34;col-links\&#34;&gt;&lt;/td&gt;&#34;], &#34;log&#34;: &#34;[gw2] win32 -- Python 3.13.1 d:\\Interview Assignment\\Four_Junctions\\four_junctions_selenium_assignment\\.venv\\Scripts\\python.exe\n\n------------------------------ Captured log call -------------------------------\nINFO     root:home_page.py:29 Info :: firefox :: Navigating to Amazon home page.\nINFO     root:home_page.py:29 Info :: firefox :: Attempt 1 to check CAPTCHA.\nINFO     root:home_page.py:29 Info :: firefox :: No CAPTCHA element found on the page.\nINFO     root:home_page.py:29 Info :: firefox :: Amazon home page loaded successfully.\nINFO     root:home_page.py:29 Info :: firefox :: Attempting to search for: headphones\nINFO     root:home_page.py:29 Info :: firefox :: Search executed successfully.\nINFO     root:search_result_page.py:32 Info :: firefox :: Attempting to retrieve the name of the first product.\nINFO     root:search_result_page.py:32 Info :: firefox :: First product name retrieved successfully\nINFO     root:search_result_page.py:32 Info :: firefox :: Attempting to click the first product.\nINFO     root:search_result_page.py:32 Info :: firefox :: First product link clicked successfully.\nINFO     root:search_result_page.py:32 Info :: firefox :: Switched to the new tab successfully.\nINFO     root:product_detailed_page.py:24 Info :: firefox :: Attempting to verify product page is loaded for Noise Newly Launched Airwave Max 5 Wireless Over-Ear Headphones with Adaptive Hybrid ANC (up to 50dB), HFA Tech, 80H Playtime, Dual Pairing(Calm Beige).\nINFO     root:product_detailed_page.py:24 Info :: firefox :: Product page loaded successfully.\nINFO     root:product_detailed_page.py:24 Info :: firefox :: Attempting to verify presence of Add to Cart button.\nINFO     root:product_detailed_page.py:24 Info :: firefox :: Add to Cart button is present.\nINFO     root:product_detailed_page.py:24 Info :: firefox :: Attempting to verify presence of Product overview section.\nINFO     root:product_detailed_page.py:24 Info :: firefox :: Product overview section is present.\nINFO     root:product_detailed_page.py:24 Info :: firefox :: Attempting to verify presence of Product details section.\nINFO     root:product_detailed_page.py:24 Info :: firefox :: Product details section is present.\nINFO     root:product_detailed_page.py:24 Info :: firefox :: Attempting to verify presence of Image gallery.\nINFO     root:product_detailed_page.py:24 Info :: firefox :: Image gallery is present.\n\n&#34;}], &#34;test_cases/test_functional_testing.py::TestFunctionalTesting::test_amazon_product_search_and_export[firefox-laptop-mobile]&#34;: [{&#34;extras&#34;: [{&#34;name&#34;: null, &#34;format_type&#34;: &#34;html&#34;, &#34;content&#34;: &#34;&lt;div&gt;&lt;img src=\&#34;01_02_2025_14_49_19_181401022025.png\&#34; alt=\&#34;screenshot\&#34; style=\&#34;width:304px;height:228px;\&#34; onclick=\&#34;window.open(this.src)\&#34; align=\&#34;right\&#34;/&gt;&lt;/div&gt;&#34;, &#34;mime_type&#34;: null, &#34;extension&#34;: null}], &#34;result&#34;: &#34;Failed&#34;, &#34;testId&#34;: &#34;test_cases/test_functional_testing.py::TestFunctionalTesting::test_amazon_product_search_and_export[firefox-laptop-mobile]&#34;, &#34;duration&#34;: &#34;00:00:42&#34;, &#34;resultsTableRow&#34;: [&#34;&lt;td class=\&#34;col-result\&#34;&gt;Failed&lt;/td&gt;&#34;, &#34;&lt;td class=\&#34;col-testId\&#34;&gt;test_cases/test_functional_testing.py::TestFunctionalTesting::test_amazon_product_search_and_export[firefox-laptop-mobile]&lt;/td&gt;&#34;, &#34;&lt;td class=\&#34;col-duration\&#34;&gt;00:00:42&lt;/td&gt;&#34;, &#34;&lt;td class=\&#34;col-links\&#34;&gt;&lt;/td&gt;&#34;], &#34;log&#34;: &#34;[gw0] win32 -- Python 3.13.1 d:\\Interview Assignment\\Four_Junctions\\four_junctions_selenium_assignment\\.venv\\Scripts\\python.exe\n\nself = &amp;lt;test_cases.test_functional_testing.TestFunctionalTesting object at 0x000001CA586B78C0&amp;gt;, search_term = &amp;#x27;laptop&amp;#x27;, device = &amp;#x27;mobile&amp;#x27;\n\n    @pytest.mark.parametrize(&amp;quot;device&amp;quot;, SCREEN_SIZES)\n    @pytest.mark.parametrize(&amp;quot;search_term&amp;quot;, SEARCH_ITEMS)\n    def test_amazon_product_search_and_export(self, search_term, device):\n        &amp;quot;&amp;quot;&amp;quot;\n        Test to search for a product and verify its details on Amazon.\n    \n        :param search_term: The search term to look for products.\n        :param device: The device type (e.g., desktop, tablet, mobile).\n        &amp;quot;&amp;quot;&amp;quot;\n        # Open Amazon homepage\n        assert self.home_page.open_amazon_website(device), &amp;quot;Failed to open Amazon homepage&amp;quot;\n    \n        # Step 1: Search for the product based on the given search term\n        self.home_page.search_product(search_term)\n        assert search_term in self.driver.current_url, f&amp;quot;Failed to search for the product {search_term}&amp;quot;\n    \n        # Step 2: Retrieve the name of the first product in the search results\n        product_name = self.search_result_page.return_first_product_name()\n    \n        # Step 3: Click on the first product and verify its details\n&amp;gt;       self.search_result_page.click_first_product()\n\ntest_cases\\test_functional_testing.py:40: \n_ _ _ _ _ _ _ _ _ _ _ _ _ _ _ _ _ _ _ _ _ _ _ _ _ _ _ _ _ _ _ _ _ _ _ _ _ _ _ _ _ _ _ _ _ _ _ _ _ _ _ _ _ _ _ _ _ _ _ _ _ _ _ _ _ _ _ _ _ _ _ _ _ _ _ _ _ _ _ _ _ _ _ _ _ _ _ _ _ _ _ _ _ _ _ _ _ _ _ _ _ _ _ _ \npage_objects\\search_result_page.py:126: in click_first_product\n    self.wait.until(EC.element_to_be_clickable((By.XPATH, self.TEXT_PRODUCT_URL_XPATH))).click()\n.venv\\Lib\\site-packages\\selenium\\webdriver\\remote\\webelement.py:119: in click\n    self._execute(Command.CLICK_ELEMENT)\n.venv\\Lib\\site-packages\\selenium\\webdriver\\remote\\webelement.py:570: in _execute\n    return self._parent.execute(command, params)\n.venv\\Lib\\site-packages\\selenium\\webdriver\\remote\\webdriver.py:429: in execute\n    self.error_handler.check_response(response)\n_ _ _ _ _ _ _ _ _ _ _ _ _ _ _ _ _ _ _ _ _ _ _ _ _ _ _ _ _ _ _ _ _ _ _ _ _ _ _ _ _ _ _ _ _ _ _ _ _ _ _ _ _ _ _ _ _ _ _ _ _ _ _ _ _ _ _ _ _ _ _ _ _ _ _ _ _ _ _ _ _ _ _ _ _ _ _ _ _ _ _ _ _ _ _ _ _ _ _ _ _ _ _ _ \n\nself = &amp;lt;selenium.webdriver.remote.errorhandler.ErrorHandler object at 0x000001CA586CA2C0&amp;gt;\nresponse = {&amp;#x27;status&amp;#x27;: 400, &amp;#x27;value&amp;#x27;: &amp;#x27;{&amp;quot;value&amp;quot;:{&amp;quot;error&amp;quot;:&amp;quot;element click intercepted&amp;quot;,&amp;quot;message&amp;quot;:&amp;quot;Element &amp;lt;a class=\\\\&amp;quot;a-link-normal s...ys.mjs:344:29\\\\nreceiveMessage@chrome://remote/content/marionette/actors/MarionetteCommandsChild.sys.mjs:220:31\\\\n&amp;quot;}}&amp;#x27;}\n\n    def check_response(self, response: Dict[str, Any]) -&amp;gt; None:\n        &amp;quot;&amp;quot;&amp;quot;Checks that a JSON response from the WebDriver does not have an\n        error.\n    \n        :Args:\n         - response - The JSON response from the WebDriver server as a dictionary\n           object.\n    \n        :Raises: If the response contains an error message.\n        &amp;quot;&amp;quot;&amp;quot;\n        status = response.get(&amp;quot;status&amp;quot;, None)\n        if not status or status == ErrorCode.SUCCESS:\n            return\n        value = None\n        message = response.get(&amp;quot;message&amp;quot;, &amp;quot;&amp;quot;)\n        screen: str = response.get(&amp;quot;screen&amp;quot;, &amp;quot;&amp;quot;)\n        stacktrace = None\n        if isinstance(status, int):\n            value_json = response.get(&amp;quot;value&amp;quot;, None)\n            if value_json and isinstance(value_json, str):\n                import json\n    \n                try:\n                    value = json.loads(value_json)\n                    if len(value) == 1:\n                        value = value[&amp;quot;value&amp;quot;]\n                    status = value.get(&amp;quot;error&amp;quot;, None)\n                    if not status:\n                        status = value.get(&amp;quot;status&amp;quot;, ErrorCode.UNKNOWN_ERROR)\n                        message = value.get(&amp;quot;value&amp;quot;) or value.get(&amp;quot;message&amp;quot;)\n                        if not isinstance(message, str):\n                            value = message\n                            message = message.get(&amp;quot;message&amp;quot;)\n                    else:\n                        message = value.get(&amp;quot;message&amp;quot;, None)\n                except ValueError:\n                    pass\n    \n        exception_class: Type[WebDriverException]\n        e = ErrorCode()\n        error_codes = [item for item in dir(e) if not item.startswith(&amp;quot;__&amp;quot;)]\n        for error_code in error_codes:\n            error_info = getattr(ErrorCode, error_code)\n            if isinstance(error_info, list) and status in error_info:\n                exception_class = getattr(ExceptionMapping, error_code, WebDriverException)\n                break\n        else:\n            exception_class = WebDriverException\n    \n        if not value:\n            value = response[&amp;quot;value&amp;quot;]\n        if isinstance(value, str):\n            raise exception_class(value)\n        if message == &amp;quot;&amp;quot; and &amp;quot;message&amp;quot; in value:\n            message = value[&amp;quot;message&amp;quot;]\n    \n        screen = None  # type: ignore[assignment]\n        if &amp;quot;screen&amp;quot; in value:\n            screen = value[&amp;quot;screen&amp;quot;]\n    \n        stacktrace = None\n        st_value = value.get(&amp;quot;stackTrace&amp;quot;) or value.get(&amp;quot;stacktrace&amp;quot;)\n        if st_value:\n            if isinstance(st_value, str):\n                stacktrace = st_value.split(&amp;quot;\\n&amp;quot;)\n            else:\n                stacktrace = []\n                try:\n                    for frame in st_value:\n                        line = frame.get(&amp;quot;lineNumber&amp;quot;, &amp;quot;&amp;quot;)\n                        file = frame.get(&amp;quot;fileName&amp;quot;, &amp;quot;&amp;lt;anonymous&amp;gt;&amp;quot;)\n                        if line:\n                            file = f&amp;quot;{file}:{line}&amp;quot;\n                        meth = frame.get(&amp;quot;methodName&amp;quot;, &amp;quot;&amp;lt;anonymous&amp;gt;&amp;quot;)\n                        if &amp;quot;className&amp;quot; in frame:\n                            meth = f&amp;quot;{frame[&amp;#x27;className&amp;#x27;]}.{meth}&amp;quot;\n                        msg = &amp;quot;    at %s (%s)&amp;quot;\n                        msg = msg % (meth, file)\n                        stacktrace.append(msg)\n                except TypeError:\n                    pass\n        if exception_class == UnexpectedAlertPresentException:\n            alert_text = None\n            if &amp;quot;data&amp;quot; in value:\n                alert_text = value[&amp;quot;data&amp;quot;].get(&amp;quot;text&amp;quot;)\n            elif &amp;quot;alert&amp;quot; in value:\n                alert_text = value[&amp;quot;alert&amp;quot;].get(&amp;quot;text&amp;quot;)\n            raise exception_class(message, screen, stacktrace, alert_text)  # type: ignore[call-arg]  # mypy is not smart enough here\n&amp;gt;       raise exception_class(message, screen, stacktrace)\nE       selenium.common.exceptions.ElementClickInterceptedException: Message: Element &amp;lt;a class=&amp;quot;a-link-normal s-no-outline&amp;quot; href=&amp;quot;/sspa/click?ie=UTF8&amp;amp;spc=MTo0OTcyOTY1MzUyODMyNzI5OjE3Mzg0MDE1NTQ6c3BfYXRmOjMwMDE2NzM0MzQ1NDYzMjo6MDo6&amp;amp;url=%2FDell-Inspiron-3530-i3-1305U-Comfortview%2Fdp%2FB0C4ZM63RP%2Fref%3Dsr_1_1_sspa%3Fdib%3DeyJ2IjoiMSJ9.1IiCCMDoJH8gm9k2RROaTPyVVAVhSIKyu5onprp5IHX6NbXpjIKjXX6MQTMUArq_bEi_ELgpKDhvRWfTkiKs98M3LGOtqYRTAqPZOBF41xRoOhLYt83I5dV6ZAJ4Hf3lj7sTuCiwYc60sSQ0U_4oPDyBFzU_EYHEieX6taru2QzWr2Rk2KHgSe1JuZE59Kv4Gpwa0skXVZpCbz_DtOYM44UG0LB5DBVzbpoi6i2ts3w.xrgcT8UB-zgLJf3rFmkai_tM2lDgMibuFF8w1fqhe8g%26dib_tag%3Dse%26keywords%3Dlaptop%26qid%3D1738401553%26sr%3D8-1-spons%26sp_csd%3Dd2lkZ2V0TmFtZT1zcF9hdGY%26psc%3D1&amp;quot;&amp;gt; is not clickable at point (376,566) because another element &amp;lt;html class=&amp;quot; a-js a-audio a-video a-canvas a-svg a-drag-drop a-geolocation a-history a-webworker a-autofocus a-input-placeholder a-textarea-placeholder a-local-storage a-gradients a-transform3d a-touch-scrolling a-text-shadow a-text-stroke a-box-shadow a-border-radius a-border-image a-opacity a-transform a-transition a-ember&amp;quot;&amp;gt; obscures it\nE       Stacktrace:\nE       RemoteError@chrome://remote/content/shared/RemoteError.sys.mjs:8:8\nE       WebDriverError@chrome://remote/content/shared/webdriver/Errors.sys.mjs:193:5\nE       ElementClickInterceptedError@chrome://remote/content/shared/webdriver/Errors.sys.mjs:337:5\nE       webdriverClickElement@chrome://remote/content/marionette/interaction.sys.mjs:177:11\nE       interaction.clickElement@chrome://remote/content/marionette/interaction.sys.mjs:136:11\nE       clickElement@chrome://remote/content/marionette/actors/MarionetteCommandsChild.sys.mjs:344:29\nE       receiveMessage@chrome://remote/content/marionette/actors/MarionetteCommandsChild.sys.mjs:220:31\n\n.venv\\Lib\\site-packages\\selenium\\webdriver\\remote\\errorhandler.py:232: ElementClickInterceptedException\n\n------------------------------ Captured log call -------------------------------\nINFO     root:home_page.py:29 Info :: firefox :: Navigating to Amazon home page.\nINFO     root:home_page.py:29 Info :: firefox :: Attempt 1 to check CAPTCHA.\nINFO     root:home_page.py:29 Info :: firefox :: No CAPTCHA element found on the page.\nINFO     root:home_page.py:29 Info :: firefox :: Amazon home page loaded successfully.\nINFO     root:home_page.py:29 Info :: firefox :: Attempting to search for: laptop\nINFO     root:home_page.py:29 Info :: firefox :: Search executed successfully.\nINFO     root:search_result_page.py:32 Info :: firefox :: Attempting to retrieve the name of the first product.\nINFO     root:search_result_page.py:32 Info :: firefox :: First product name retrieved successfully\nINFO     root:search_result_page.py:32 Info :: firefox :: Attempting to click the first product.\n\n---------------------------- Captured log teardown -----------------------------\nINFO     root:conftest.py:75 Closing the Firefox Browser&#34;}], &#34;test_cases/test_functional_testing.py::TestFunctionalTesting::test_amazon_product_search_and_export[firefox-headphones-tablet]&#34;: [{&#34;extras&#34;: [{&#34;name&#34;: null, &#34;format_type&#34;: &#34;html&#34;, &#34;content&#34;: &#34;&lt;div&gt;&lt;img src=\&#34;01_02_2025_14_49_34_341401022025.png\&#34; alt=\&#34;screenshot\&#34; style=\&#34;width:304px;height:228px;\&#34; onclick=\&#34;window.open(this.src)\&#34; align=\&#34;right\&#34;/&gt;&lt;/div&gt;&#34;, &#34;mime_type&#34;: null, &#34;extension&#34;: null}], &#34;result&#34;: &#34;Passed&#34;, &#34;testId&#34;: &#34;test_cases/test_functional_testing.py::TestFunctionalTesting::test_amazon_product_search_and_export[firefox-headphones-tablet]&#34;, &#34;duration&#34;: &#34;00:00:44&#34;, &#34;resultsTableRow&#34;: [&#34;&lt;td class=\&#34;col-result\&#34;&gt;Passed&lt;/td&gt;&#34;, &#34;&lt;td class=\&#34;col-testId\&#34;&gt;test_cases/test_functional_testing.py::TestFunctionalTesting::test_amazon_product_search_and_export[firefox-headphones-tablet]&lt;/td&gt;&#34;, &#34;&lt;td class=\&#34;col-duration\&#34;&gt;00:00:44&lt;/td&gt;&#34;, &#34;&lt;td class=\&#34;col-links\&#34;&gt;&lt;/td&gt;&#34;], &#34;log&#34;: &#34;[gw1] win32 -- Python 3.13.1 d:\\Interview Assignment\\Four_Junctions\\four_junctions_selenium_assignment\\.venv\\Scripts\\python.exe\n\n------------------------------ Captured log call -------------------------------\nINFO     root:home_page.py:29 Info :: firefox :: Navigating to Amazon home page.\nINFO     root:home_page.py:29 Info :: firefox :: Attempt 1 to check CAPTCHA.\nINFO     root:home_page.py:29 Info :: firefox :: No CAPTCHA element found on the page.\nINFO     root:home_page.py:29 Info :: firefox :: Amazon home page loaded successfully.\nINFO     root:home_page.py:29 Info :: firefox :: Attempting to search for: headphones\nINFO     root:home_page.py:29 Info :: firefox :: Search executed successfully.\nINFO     root:search_result_page.py:32 Info :: firefox :: Attempting to retrieve the name of the first product.\nINFO     root:search_result_page.py:32 Info :: firefox :: First product name retrieved successfully\nINFO     root:search_result_page.py:32 Info :: firefox :: Attempting to click the first product.\nINFO     root:search_result_page.py:32 Info :: firefox :: First product link clicked successfully.\nINFO     root:search_result_page.py:32 Info :: firefox :: Switched to the new tab successfully.\nINFO     root:product_detailed_page.py:24 Info :: firefox :: Attempting to verify product page is loaded for Noise Newly Launched Airwave Max 5 Wireless Over-Ear Headphones with Adaptive Hybrid ANC (up to 50dB), HFA Tech, 80H Playtime, Dual Pairing(Calm Beige).\nINFO     root:product_detailed_page.py:24 Info :: firefox :: Product page loaded successfully.\nINFO     root:product_detailed_page.py:24 Info :: firefox :: Attempting to verify presence of Add to Cart button.\nINFO     root:product_detailed_page.py:24 Info :: firefox :: Add to Cart button is present.\nINFO     root:product_detailed_page.py:24 Info :: firefox :: Attempting to verify presence of Product overview section.\nINFO     root:product_detailed_page.py:24 Info :: firefox :: Product overview section is present.\nINFO     root:product_detailed_page.py:24 Info :: firefox :: Attempting to verify presence of Product details section.\nINFO     root:product_detailed_page.py:24 Info :: firefox :: Product details section is present.\nINFO     root:product_detailed_page.py:24 Info :: firefox :: Attempting to verify presence of Image gallery.\nINFO     root:product_detailed_page.py:24 Info :: firefox :: Image gallery is present.\n\n---------------------------- Captured log teardown -----------------------------\nINFO     root:conftest.py:75 Closing the Firefox Browser&#34;}], &#34;test_cases/test_functional_testing.py::TestFunctionalTesting::test_amazon_product_search_and_export[firefox-headphones-mobile]&#34;: [{&#34;extras&#34;: [{&#34;name&#34;: null, &#34;format_type&#34;: &#34;html&#34;, &#34;content&#34;: &#34;&lt;div&gt;&lt;img src=\&#34;01_02_2025_14_50_06_061401022025.png\&#34; alt=\&#34;screenshot\&#34; style=\&#34;width:304px;height:228px;\&#34; onclick=\&#34;window.open(this.src)\&#34; align=\&#34;right\&#34;/&gt;&lt;/div&gt;&#34;, &#34;mime_type&#34;: null, &#34;extension&#34;: null}], &#34;result&#34;: &#34;Failed&#34;, &#34;testId&#34;: &#34;test_cases/test_functional_testing.py::TestFunctionalTesting::test_amazon_product_search_and_export[firefox-headphones-mobile]&#34;, &#34;duration&#34;: &#34;00:00:59&#34;, &#34;resultsTableRow&#34;: [&#34;&lt;td class=\&#34;col-result\&#34;&gt;Failed&lt;/td&gt;&#34;, &#34;&lt;td class=\&#34;col-testId\&#34;&gt;test_cases/test_functional_testing.py::TestFunctionalTesting::test_amazon_product_search_and_export[firefox-headphones-mobile]&lt;/td&gt;&#34;, &#34;&lt;td class=\&#34;col-duration\&#34;&gt;00:00:59&lt;/td&gt;&#34;, &#34;&lt;td class=\&#34;col-links\&#34;&gt;&lt;/td&gt;&#34;], &#34;log&#34;: &#34;[gw2] win32 -- Python 3.13.1 d:\\Interview Assignment\\Four_Junctions\\four_junctions_selenium_assignment\\.venv\\Scripts\\python.exe\n\nself = &amp;lt;test_cases.test_functional_testing.TestFunctionalTesting object at 0x00000202E45C7D10&amp;gt;, search_term = &amp;#x27;headphones&amp;#x27;, device = &amp;#x27;mobile&amp;#x27;\n\n    @pytest.mark.parametrize(&amp;quot;device&amp;quot;, SCREEN_SIZES)\n    @pytest.mark.parametrize(&amp;quot;search_term&amp;quot;, SEARCH_ITEMS)\n    def test_amazon_product_search_and_export(self, search_term, device):\n        &amp;quot;&amp;quot;&amp;quot;\n        Test to search for a product and verify its details on Amazon.\n    \n        :param search_term: The search term to look for products.\n        :param device: The device type (e.g., desktop, tablet, mobile).\n        &amp;quot;&amp;quot;&amp;quot;\n        # Open Amazon homepage\n        assert self.home_page.open_amazon_website(device), &amp;quot;Failed to open Amazon homepage&amp;quot;\n    \n        # Step 1: Search for the product based on the given search term\n        self.home_page.search_product(search_term)\n        assert search_term in self.driver.current_url, f&amp;quot;Failed to search for the product {search_term}&amp;quot;\n    \n        # Step 2: Retrieve the name of the first product in the search results\n        product_name = self.search_result_page.return_first_product_name()\n    \n        # Step 3: Click on the first product and verify its details\n&amp;gt;       self.search_result_page.click_first_product()\n\ntest_cases\\test_functional_testing.py:40: \n_ _ _ _ _ _ _ _ _ _ _ _ _ _ _ _ _ _ _ _ _ _ _ _ _ _ _ _ _ _ _ _ _ _ _ _ _ _ _ _ _ _ _ _ _ _ _ _ _ _ _ _ _ _ _ _ _ _ _ _ _ _ _ _ _ _ _ _ _ _ _ _ _ _ _ _ _ _ _ _ _ _ _ _ _ _ _ _ _ _ _ _ _ _ _ _ _ _ _ _ _ _ _ _ \npage_objects\\search_result_page.py:126: in click_first_product\n    self.wait.until(EC.element_to_be_clickable((By.XPATH, self.TEXT_PRODUCT_URL_XPATH))).click()\n.venv\\Lib\\site-packages\\selenium\\webdriver\\remote\\webelement.py:119: in click\n    self._execute(Command.CLICK_ELEMENT)\n.venv\\Lib\\site-packages\\selenium\\webdriver\\remote\\webelement.py:570: in _execute\n    return self._parent.execute(command, params)\n.venv\\Lib\\site-packages\\selenium\\webdriver\\remote\\webdriver.py:429: in execute\n    self.error_handler.check_response(response)\n_ _ _ _ _ _ _ _ _ _ _ _ _ _ _ _ _ _ _ _ _ _ _ _ _ _ _ _ _ _ _ _ _ _ _ _ _ _ _ _ _ _ _ _ _ _ _ _ _ _ _ _ _ _ _ _ _ _ _ _ _ _ _ _ _ _ _ _ _ _ _ _ _ _ _ _ _ _ _ _ _ _ _ _ _ _ _ _ _ _ _ _ _ _ _ _ _ _ _ _ _ _ _ _ \n\nself = &amp;lt;selenium.webdriver.remote.errorhandler.ErrorHandler object at 0x00000202E4656690&amp;gt;\nresponse = {&amp;#x27;status&amp;#x27;: 400, &amp;#x27;value&amp;#x27;: &amp;#x27;{&amp;quot;value&amp;quot;:{&amp;quot;error&amp;quot;:&amp;quot;element click intercepted&amp;quot;,&amp;quot;message&amp;quot;:&amp;quot;Element &amp;lt;a class=\\\\&amp;quot;a-link-normal s...ys.mjs:344:29\\\\nreceiveMessage@chrome://remote/content/marionette/actors/MarionetteCommandsChild.sys.mjs:220:31\\\\n&amp;quot;}}&amp;#x27;}\n\n    def check_response(self, response: Dict[str, Any]) -&amp;gt; None:\n        &amp;quot;&amp;quot;&amp;quot;Checks that a JSON response from the WebDriver does not have an\n        error.\n    \n        :Args:\n         - response - The JSON response from the WebDriver server as a dictionary\n           object.\n    \n        :Raises: If the response contains an error message.\n        &amp;quot;&amp;quot;&amp;quot;\n        status = response.get(&amp;quot;status&amp;quot;, None)\n        if not status or status == ErrorCode.SUCCESS:\n            return\n        value = None\n        message = response.get(&amp;quot;message&amp;quot;, &amp;quot;&amp;quot;)\n        screen: str = response.get(&amp;quot;screen&amp;quot;, &amp;quot;&amp;quot;)\n        stacktrace = None\n        if isinstance(status, int):\n            value_json = response.get(&amp;quot;value&amp;quot;, None)\n            if value_json and isinstance(value_json, str):\n                import json\n    \n                try:\n                    value = json.loads(value_json)\n                    if len(value) == 1:\n                        value = value[&amp;quot;value&amp;quot;]\n                    status = value.get(&amp;quot;error&amp;quot;, None)\n                    if not status:\n                        status = value.get(&amp;quot;status&amp;quot;, ErrorCode.UNKNOWN_ERROR)\n                        message = value.get(&amp;quot;value&amp;quot;) or value.get(&amp;quot;message&amp;quot;)\n                        if not isinstance(message, str):\n                            value = message\n                            message = message.get(&amp;quot;message&amp;quot;)\n                    else:\n                        message = value.get(&amp;quot;message&amp;quot;, None)\n                except ValueError:\n                    pass\n    \n        exception_class: Type[WebDriverException]\n        e = ErrorCode()\n        error_codes = [item for item in dir(e) if not item.startswith(&amp;quot;__&amp;quot;)]\n        for error_code in error_codes:\n            error_info = getattr(ErrorCode, error_code)\n            if isinstance(error_info, list) and status in error_info:\n                exception_class = getattr(ExceptionMapping, error_code, WebDriverException)\n                break\n        else:\n            exception_class = WebDriverException\n    \n        if not value:\n            value = response[&amp;quot;value&amp;quot;]\n        if isinstance(value, str):\n            raise exception_class(value)\n        if message == &amp;quot;&amp;quot; and &amp;quot;message&amp;quot; in value:\n            message = value[&amp;quot;message&amp;quot;]\n    \n        screen = None  # type: ignore[assignment]\n        if &amp;quot;screen&amp;quot; in value:\n            screen = value[&amp;quot;screen&amp;quot;]\n    \n        stacktrace = None\n        st_value = value.get(&amp;quot;stackTrace&amp;quot;) or value.get(&amp;quot;stacktrace&amp;quot;)\n        if st_value:\n            if isinstance(st_value, str):\n                stacktrace = st_value.split(&amp;quot;\\n&amp;quot;)\n            else:\n                stacktrace = []\n                try:\n                    for frame in st_value:\n                        line = frame.get(&amp;quot;lineNumber&amp;quot;, &amp;quot;&amp;quot;)\n                        file = frame.get(&amp;quot;fileName&amp;quot;, &amp;quot;&amp;lt;anonymous&amp;gt;&amp;quot;)\n                        if line:\n                            file = f&amp;quot;{file}:{line}&amp;quot;\n                        meth = frame.get(&amp;quot;methodName&amp;quot;, &amp;quot;&amp;lt;anonymous&amp;gt;&amp;quot;)\n                        if &amp;quot;className&amp;quot; in frame:\n                            meth = f&amp;quot;{frame[&amp;#x27;className&amp;#x27;]}.{meth}&amp;quot;\n                        msg = &amp;quot;    at %s (%s)&amp;quot;\n                        msg = msg % (meth, file)\n                        stacktrace.append(msg)\n                except TypeError:\n                    pass\n        if exception_class == UnexpectedAlertPresentException:\n            alert_text = None\n            if &amp;quot;data&amp;quot; in value:\n                alert_text = value[&amp;quot;data&amp;quot;].get(&amp;quot;text&amp;quot;)\n            elif &amp;quot;alert&amp;quot; in value:\n                alert_text = value[&amp;quot;alert&amp;quot;].get(&amp;quot;text&amp;quot;)\n            raise exception_class(message, screen, stacktrace, alert_text)  # type: ignore[call-arg]  # mypy is not smart enough here\n&amp;gt;       raise exception_class(message, screen, stacktrace)\nE       selenium.common.exceptions.ElementClickInterceptedException: Message: Element &amp;lt;a class=&amp;quot;a-link-normal s-no-outline&amp;quot; href=&amp;quot;/sspa/click?ie=UTF8&amp;amp;spc=MTozMDc4OTM4NDI2MTQ2NTg0OjE3Mzg0MDE2MDQ6c3BfYXRmOjMwMDQ2NzQwNjY1NDczMjo6MDo6&amp;amp;url=%2FNoise-Launched-Wireless-Over-Ear-Headphones%2Fdp%2FB0DGV6TB8D%2Fref%3Dsr_1_1_sspa%3Fdib%3DeyJ2IjoiMSJ9.7RtSy2GuYWANXUBiWcNqZMJdTXwuhjPpAcr9Pn9or8MXcnUyBrvf83xrrVUHqa--xngK6hKIDnloVkBxzZ0AouRHZb-5MWokRswO2btSWz-u3cnL2aJMmRtMKBrQRKZ9_Zov6uh6tF3HYFvv5DxwkIQ2EjhtWKauzfJdk-FnF8co8fN_ZQkUlgkLWGpgIrTPWE1ogN9NIWcrnniu-BCLz0HRwPQjltxjrMz-x0ybRVM.bZv2YS_L4uAmed44gMG54i_r0RKXqIJ4JcS7BKAPKXQ%26dib_tag%3Dse%26keywords%3Dheadphones%26qid%3D1738401604%26sr%3D8-1-spons%26sp_csd%3Dd2lkZ2V0TmFtZT1zcF9hdGY%26psc%3D1&amp;quot;&amp;gt; is not clickable at point (376,573) because another element &amp;lt;html class=&amp;quot; a-js a-audio a-video a-canvas a-svg a-drag-drop a-geolocation a-history a-webworker a-autofocus a-input-placeholder a-textarea-placeholder a-local-storage a-gradients a-transform3d a-touch-scrolling a-text-shadow a-text-stroke a-box-shadow a-border-radius a-border-image a-opacity a-transform a-transition a-ember&amp;quot;&amp;gt; obscures it\nE       Stacktrace:\nE       RemoteError@chrome://remote/content/shared/RemoteError.sys.mjs:8:8\nE       WebDriverError@chrome://remote/content/shared/webdriver/Errors.sys.mjs:193:5\nE       ElementClickInterceptedError@chrome://remote/content/shared/webdriver/Errors.sys.mjs:337:5\nE       webdriverClickElement@chrome://remote/content/marionette/interaction.sys.mjs:177:11\nE       interaction.clickElement@chrome://remote/content/marionette/interaction.sys.mjs:136:11\nE       clickElement@chrome://remote/content/marionette/actors/MarionetteCommandsChild.sys.mjs:344:29\nE       receiveMessage@chrome://remote/content/marionette/actors/MarionetteCommandsChild.sys.mjs:220:31\n\n.venv\\Lib\\site-packages\\selenium\\webdriver\\remote\\errorhandler.py:232: ElementClickInterceptedException\n\n------------------------------ Captured log call -------------------------------\nINFO     root:home_page.py:29 Info :: firefox :: Navigating to Amazon home page.\nINFO     root:home_page.py:29 Info :: firefox :: Attempt 1 to check CAPTCHA.\nINFO     root:home_page.py:29 Info :: firefox :: No CAPTCHA element found on the page.\nINFO     root:home_page.py:29 Info :: firefox :: Amazon home page loaded successfully.\nINFO     root:home_page.py:29 Info :: firefox :: Attempting to search for: headphones\nINFO     root:home_page.py:29 Info :: firefox :: Search executed successfully.\nINFO     root:search_result_page.py:32 Info :: firefox :: Attempting to retrieve the name of the first product.\nINFO     root:search_result_page.py:32 Info :: firefox :: First product name retrieved successfully\nINFO     root:search_result_page.py:32 Info :: firefox :: Attempting to click the first product.\n\n---------------------------- Captured log teardown -----------------------------\nINFO     root:conftest.py:75 Closing the Firefox Browser&#34;}]}, &#34;renderCollapsed&#34;: [&#34;passed&#34;], &#34;initialSort&#34;: &#34;result&#34;, &#34;title&#34;: &#34;Automation Report&#34;}"></div>
    <script>
      (function(){function r(e,n,t){function o(i,f){if(!n[i]){if(!e[i]){var c="function"==typeof require&&require;if(!f&&c)return c(i,!0);if(u)return u(i,!0);var a=new Error("Cannot find module '"+i+"'");throw a.code="MODULE_NOT_FOUND",a}var p=n[i]={exports:{}};e[i][0].call(p.exports,function(r){var n=e[i][1][r];return o(n||r)},p,p.exports,r,e,n,t)}return n[i].exports}for(var u="function"==typeof require&&require,i=0;i<t.length;i++)o(t[i]);return o}return r})()({1:[function(require,module,exports){
const { getCollapsedCategory, setCollapsedIds } = require('./storage.js')

class DataManager {
    setManager(data) {
        const collapsedCategories = [...getCollapsedCategory(data.renderCollapsed)]
        const collapsedIds = []
        const tests = Object.values(data.tests).flat().map((test, index) => {
            const collapsed = collapsedCategories.includes(test.result.toLowerCase())
            const id = `test_${index}`
            if (collapsed) {
                collapsedIds.push(id)
            }
            return {
                ...test,
                id,
                collapsed,
            }
        })
        const dataBlob = { ...data, tests }
        this.data = { ...dataBlob }
        this.renderData = { ...dataBlob }
        setCollapsedIds(collapsedIds)
    }

    get allData() {
        return { ...this.data }
    }

    resetRender() {
        this.renderData = { ...this.data }
    }

    setRender(data) {
        this.renderData.tests = [...data]
    }

    toggleCollapsedItem(id) {
        this.renderData.tests = this.renderData.tests.map((test) =>
            test.id === id ? { ...test, collapsed: !test.collapsed } : test,
        )
    }

    set allCollapsed(collapsed) {
        this.renderData = { ...this.renderData, tests: [...this.renderData.tests.map((test) => (
            { ...test, collapsed }
        ))] }
    }

    get testSubset() {
        return [...this.renderData.tests]
    }

    get environment() {
        return this.renderData.environment
    }

    get initialSort() {
        return this.data.initialSort
    }
}

module.exports = {
    manager: new DataManager(),
}

},{"./storage.js":8}],2:[function(require,module,exports){
const mediaViewer = require('./mediaviewer.js')
const templateEnvRow = document.getElementById('template_environment_row')
const templateResult = document.getElementById('template_results-table__tbody')

function htmlToElements(html) {
    const temp = document.createElement('template')
    temp.innerHTML = html
    return temp.content.childNodes
}

const find = (selector, elem) => {
    if (!elem) {
        elem = document
    }
    return elem.querySelector(selector)
}

const findAll = (selector, elem) => {
    if (!elem) {
        elem = document
    }
    return [...elem.querySelectorAll(selector)]
}

const dom = {
    getStaticRow: (key, value) => {
        const envRow = templateEnvRow.content.cloneNode(true)
        const isObj = typeof value === 'object' && value !== null
        const values = isObj ? Object.keys(value).map((k) => `${k}: ${value[k]}`) : null

        const valuesElement = htmlToElements(
            values ? `<ul>${values.map((val) => `<li>${val}</li>`).join('')}<ul>` : `<div>${value}</div>`)[0]
        const td = findAll('td', envRow)
        td[0].textContent = key
        td[1].appendChild(valuesElement)

        return envRow
    },
    getResultTBody: ({ testId, id, log, extras, resultsTableRow, tableHtml, result, collapsed }) => {
        const resultBody = templateResult.content.cloneNode(true)
        resultBody.querySelector('tbody').classList.add(result.toLowerCase())
        resultBody.querySelector('tbody').id = testId
        resultBody.querySelector('.collapsible').dataset.id = id

        resultsTableRow.forEach((html) => {
            const t = document.createElement('template')
            t.innerHTML = html
            resultBody.querySelector('.collapsible').appendChild(t.content)
        })

        if (log) {
            // Wrap lines starting with "E" with span.error to color those lines red
            const wrappedLog = log.replace(/^E.*$/gm, (match) => `<span class="error">${match}</span>`)
            resultBody.querySelector('.log').innerHTML = wrappedLog
        } else {
            resultBody.querySelector('.log').remove()
        }

        if (collapsed) {
            resultBody.querySelector('.collapsible > td')?.classList.add('collapsed')
            resultBody.querySelector('.extras-row').classList.add('hidden')
        } else {
            resultBody.querySelector('.collapsible > td')?.classList.remove('collapsed')
        }

        const media = []
        extras?.forEach(({ name, format_type, content }) => {
            if (['image', 'video'].includes(format_type)) {
                media.push({ path: content, name, format_type })
            }

            if (format_type === 'html') {
                resultBody.querySelector('.extraHTML').insertAdjacentHTML('beforeend', `<div>${content}</div>`)
            }
        })
        mediaViewer.setup(resultBody, media)

        // Add custom html from the pytest_html_results_table_html hook
        tableHtml?.forEach((item) => {
            resultBody.querySelector('td[class="extra"]').insertAdjacentHTML('beforeend', item)
        })

        return resultBody
    },
}

module.exports = {
    dom,
    htmlToElements,
    find,
    findAll,
}

},{"./mediaviewer.js":6}],3:[function(require,module,exports){
const { manager } = require('./datamanager.js')
const { doSort } = require('./sort.js')
const storageModule = require('./storage.js')

const getFilteredSubSet = (filter) =>
    manager.allData.tests.filter(({ result }) => filter.includes(result.toLowerCase()))

const doInitFilter = () => {
    const currentFilter = storageModule.getVisible()
    const filteredSubset = getFilteredSubSet(currentFilter)
    manager.setRender(filteredSubset)
}

const doFilter = (type, show) => {
    if (show) {
        storageModule.showCategory(type)
    } else {
        storageModule.hideCategory(type)
    }

    const currentFilter = storageModule.getVisible()
    const filteredSubset = getFilteredSubSet(currentFilter)
    manager.setRender(filteredSubset)

    const sortColumn = storageModule.getSort()
    doSort(sortColumn, true)
}

module.exports = {
    doFilter,
    doInitFilter,
}

},{"./datamanager.js":1,"./sort.js":7,"./storage.js":8}],4:[function(require,module,exports){
const { redraw, bindEvents, renderStatic } = require('./main.js')
const { doInitFilter } = require('./filter.js')
const { doInitSort } = require('./sort.js')
const { manager } = require('./datamanager.js')
const data = JSON.parse(document.getElementById('data-container').dataset.jsonblob)

function init() {
    manager.setManager(data)
    doInitFilter()
    doInitSort()
    renderStatic()
    redraw()
    bindEvents()
}

init()

},{"./datamanager.js":1,"./filter.js":3,"./main.js":5,"./sort.js":7}],5:[function(require,module,exports){
const { dom, find, findAll } = require('./dom.js')
const { manager } = require('./datamanager.js')
const { doSort } = require('./sort.js')
const { doFilter } = require('./filter.js')
const {
    getVisible,
    getCollapsedIds,
    setCollapsedIds,
    getSort,
    getSortDirection,
    possibleFilters,
} = require('./storage.js')

const removeChildren = (node) => {
    while (node.firstChild) {
        node.removeChild(node.firstChild)
    }
}

const renderStatic = () => {
    const renderEnvironmentTable = () => {
        const environment = manager.environment
        const rows = Object.keys(environment).map((key) => dom.getStaticRow(key, environment[key]))
        const table = document.getElementById('environment')
        removeChildren(table)
        rows.forEach((row) => table.appendChild(row))
    }
    renderEnvironmentTable()
}

const addItemToggleListener = (elem) => {
    elem.addEventListener('click', ({ target }) => {
        const id = target.parentElement.dataset.id
        manager.toggleCollapsedItem(id)

        const collapsedIds = getCollapsedIds()
        if (collapsedIds.includes(id)) {
            const updated = collapsedIds.filter((item) => item !== id)
            setCollapsedIds(updated)
        } else {
            collapsedIds.push(id)
            setCollapsedIds(collapsedIds)
        }
        redraw()
    })
}

const renderContent = (tests) => {
    const sortAttr = getSort(manager.initialSort)
    const sortAsc = JSON.parse(getSortDirection())
    const rows = tests.map(dom.getResultTBody)
    const table = document.getElementById('results-table')
    const tableHeader = document.getElementById('results-table-head')

    const newTable = document.createElement('table')
    newTable.id = 'results-table'

    // remove all sorting classes and set the relevant
    findAll('.sortable', tableHeader).forEach((elem) => elem.classList.remove('asc', 'desc'))
    tableHeader.querySelector(`.sortable[data-column-type="${sortAttr}"]`)?.classList.add(sortAsc ? 'desc' : 'asc')
    newTable.appendChild(tableHeader)

    if (!rows.length) {
        const emptyTable = document.getElementById('template_results-table__body--empty').content.cloneNode(true)
        newTable.appendChild(emptyTable)
    } else {
        rows.forEach((row) => {
            if (!!row) {
                findAll('.collapsible td:not(.col-links', row).forEach(addItemToggleListener)
                find('.logexpander', row).addEventListener('click',
                    (evt) => evt.target.parentNode.classList.toggle('expanded'),
                )
                newTable.appendChild(row)
            }
        })
    }

    table.replaceWith(newTable)
}

const renderDerived = () => {
    const currentFilter = getVisible()
    possibleFilters.forEach((result) => {
        const input = document.querySelector(`input[data-test-result="${result}"]`)
        input.checked = currentFilter.includes(result)
    })
}

const bindEvents = () => {
    const filterColumn = (evt) => {
        const { target: element } = evt
        const { testResult } = element.dataset

        doFilter(testResult, element.checked)
        const collapsedIds = getCollapsedIds()
        const updated = manager.renderData.tests.map((test) => {
            return {
                ...test,
                collapsed: collapsedIds.includes(test.id),
            }
        })
        manager.setRender(updated)
        redraw()
    }

    const header = document.getElementById('environment-header')
    header.addEventListener('click', () => {
        const table = document.getElementById('environment')
        table.classList.toggle('hidden')
        header.classList.toggle('collapsed')
    })

    findAll('input[name="filter_checkbox"]').forEach((elem) => {
        elem.addEventListener('click', filterColumn)
    })

    findAll('.sortable').forEach((elem) => {
        elem.addEventListener('click', (evt) => {
            const { target: element } = evt
            const { columnType } = element.dataset
            doSort(columnType)
            redraw()
        })
    })

    document.getElementById('show_all_details').addEventListener('click', () => {
        manager.allCollapsed = false
        setCollapsedIds([])
        redraw()
    })
    document.getElementById('hide_all_details').addEventListener('click', () => {
        manager.allCollapsed = true
        const allIds = manager.renderData.tests.map((test) => test.id)
        setCollapsedIds(allIds)
        redraw()
    })
}

const redraw = () => {
    const { testSubset } = manager

    renderContent(testSubset)
    renderDerived()
}

module.exports = {
    redraw,
    bindEvents,
    renderStatic,
}

},{"./datamanager.js":1,"./dom.js":2,"./filter.js":3,"./sort.js":7,"./storage.js":8}],6:[function(require,module,exports){
class MediaViewer {
    constructor(assets) {
        this.assets = assets
        this.index = 0
    }

    nextActive() {
        this.index = this.index === this.assets.length - 1 ? 0 : this.index + 1
        return [this.activeFile, this.index]
    }

    prevActive() {
        this.index = this.index === 0 ? this.assets.length - 1 : this.index -1
        return [this.activeFile, this.index]
    }

    get currentIndex() {
        return this.index
    }

    get activeFile() {
        return this.assets[this.index]
    }
}


const setup = (resultBody, assets) => {
    if (!assets.length) {
        resultBody.querySelector('.media').classList.add('hidden')
        return
    }

    const mediaViewer = new MediaViewer(assets)
    const container = resultBody.querySelector('.media-container')
    const leftArrow = resultBody.querySelector('.media-container__nav--left')
    const rightArrow = resultBody.querySelector('.media-container__nav--right')
    const mediaName = resultBody.querySelector('.media__name')
    const counter = resultBody.querySelector('.media__counter')
    const imageEl = resultBody.querySelector('img')
    const sourceEl = resultBody.querySelector('source')
    const videoEl = resultBody.querySelector('video')

    const setImg = (media, index) => {
        if (media?.format_type === 'image') {
            imageEl.src = media.path

            imageEl.classList.remove('hidden')
            videoEl.classList.add('hidden')
        } else if (media?.format_type === 'video') {
            sourceEl.src = media.path

            videoEl.classList.remove('hidden')
            imageEl.classList.add('hidden')
        }

        mediaName.innerText = media?.name
        counter.innerText = `${index + 1} / ${assets.length}`
    }
    setImg(mediaViewer.activeFile, mediaViewer.currentIndex)

    const moveLeft = () => {
        const [media, index] = mediaViewer.prevActive()
        setImg(media, index)
    }
    const doRight = () => {
        const [media, index] = mediaViewer.nextActive()
        setImg(media, index)
    }
    const openImg = () => {
        window.open(mediaViewer.activeFile.path, '_blank')
    }
    if (assets.length === 1) {
        container.classList.add('media-container--fullscreen')
    } else {
        leftArrow.addEventListener('click', moveLeft)
        rightArrow.addEventListener('click', doRight)
    }
    imageEl.addEventListener('click', openImg)
}

module.exports = {
    setup,
}

},{}],7:[function(require,module,exports){
const { manager } = require('./datamanager.js')
const storageModule = require('./storage.js')

const genericSort = (list, key, ascending, customOrder) => {
    let sorted
    if (customOrder) {
        sorted = list.sort((a, b) => {
            const aValue = a.result.toLowerCase()
            const bValue = b.result.toLowerCase()

            const aIndex = customOrder.findIndex((item) => item.toLowerCase() === aValue)
            const bIndex = customOrder.findIndex((item) => item.toLowerCase() === bValue)

            // Compare the indices to determine the sort order
            return aIndex - bIndex
        })
    } else {
        sorted = list.sort((a, b) => a[key] === b[key] ? 0 : a[key] > b[key] ? 1 : -1)
    }

    if (ascending) {
        sorted.reverse()
    }
    return sorted
}

const durationSort = (list, ascending) => {
    const parseDuration = (duration) => {
        if (duration.includes(':')) {
            // If it's in the format "HH:mm:ss"
            const [hours, minutes, seconds] = duration.split(':').map(Number)
            return (hours * 3600 + minutes * 60 + seconds) * 1000
        } else {
            // If it's in the format "nnn ms"
            return parseInt(duration)
        }
    }
    const sorted = list.sort((a, b) => parseDuration(a['duration']) - parseDuration(b['duration']))
    if (ascending) {
        sorted.reverse()
    }
    return sorted
}

const doInitSort = () => {
    const type = storageModule.getSort(manager.initialSort)
    const ascending = storageModule.getSortDirection()
    const list = manager.testSubset
    const initialOrder = ['Error', 'Failed', 'Rerun', 'XFailed', 'XPassed', 'Skipped', 'Passed']

    storageModule.setSort(type)
    storageModule.setSortDirection(ascending)

    if (type?.toLowerCase() === 'original') {
        manager.setRender(list)
    } else {
        let sortedList
        switch (type) {
        case 'duration':
            sortedList = durationSort(list, ascending)
            break
        case 'result':
            sortedList = genericSort(list, type, ascending, initialOrder)
            break
        default:
            sortedList = genericSort(list, type, ascending)
            break
        }
        manager.setRender(sortedList)
    }
}

const doSort = (type, skipDirection) => {
    const newSortType = storageModule.getSort(manager.initialSort) !== type
    const currentAsc = storageModule.getSortDirection()
    let ascending
    if (skipDirection) {
        ascending = currentAsc
    } else {
        ascending = newSortType ? false : !currentAsc
    }
    storageModule.setSort(type)
    storageModule.setSortDirection(ascending)

    const list = manager.testSubset
    const sortedList = type === 'duration' ? durationSort(list, ascending) : genericSort(list, type, ascending)
    manager.setRender(sortedList)
}

module.exports = {
    doInitSort,
    doSort,
}

},{"./datamanager.js":1,"./storage.js":8}],8:[function(require,module,exports){
const possibleFilters = [
    'passed',
    'skipped',
    'failed',
    'error',
    'xfailed',
    'xpassed',
    'rerun',
]

const getVisible = () => {
    const url = new URL(window.location.href)
    const settings = new URLSearchParams(url.search).get('visible')
    const lower = (item) => {
        const lowerItem = item.toLowerCase()
        if (possibleFilters.includes(lowerItem)) {
            return lowerItem
        }
        return null
    }
    return settings === null ?
        possibleFilters :
        [...new Set(settings?.split(',').map(lower).filter((item) => item))]
}

const hideCategory = (categoryToHide) => {
    const url = new URL(window.location.href)
    const visibleParams = new URLSearchParams(url.search).get('visible')
    const currentVisible = visibleParams ? visibleParams.split(',') : [...possibleFilters]
    const settings = [...new Set(currentVisible)].filter((f) => f !== categoryToHide).join(',')

    url.searchParams.set('visible', settings)
    window.history.pushState({}, null, unescape(url.href))
}

const showCategory = (categoryToShow) => {
    if (typeof window === 'undefined') {
        return
    }
    const url = new URL(window.location.href)
    const currentVisible = new URLSearchParams(url.search).get('visible')?.split(',').filter(Boolean) ||
        [...possibleFilters]
    const settings = [...new Set([categoryToShow, ...currentVisible])]
    const noFilter = possibleFilters.length === settings.length || !settings.length

    noFilter ? url.searchParams.delete('visible') : url.searchParams.set('visible', settings.join(','))
    window.history.pushState({}, null, unescape(url.href))
}

const getSort = (initialSort) => {
    const url = new URL(window.location.href)
    let sort = new URLSearchParams(url.search).get('sort')
    if (!sort) {
        sort = initialSort || 'result'
    }
    return sort
}

const setSort = (type) => {
    const url = new URL(window.location.href)
    url.searchParams.set('sort', type)
    window.history.pushState({}, null, unescape(url.href))
}

const getCollapsedCategory = (renderCollapsed) => {
    let categories
    if (typeof window !== 'undefined') {
        const url = new URL(window.location.href)
        const collapsedItems = new URLSearchParams(url.search).get('collapsed')
        switch (true) {
        case !renderCollapsed && collapsedItems === null:
            categories = ['passed']
            break
        case collapsedItems?.length === 0 || /^["']{2}$/.test(collapsedItems):
            categories = []
            break
        case /^all$/.test(collapsedItems) || collapsedItems === null && /^all$/.test(renderCollapsed):
            categories = [...possibleFilters]
            break
        default:
            categories = collapsedItems?.split(',').map((item) => item.toLowerCase()) || renderCollapsed
            break
        }
    } else {
        categories = []
    }
    return categories
}

const getSortDirection = () => JSON.parse(sessionStorage.getItem('sortAsc')) || false
const setSortDirection = (ascending) => sessionStorage.setItem('sortAsc', ascending)

const getCollapsedIds = () => JSON.parse(sessionStorage.getItem('collapsedIds')) || []
const setCollapsedIds = (list) => sessionStorage.setItem('collapsedIds', JSON.stringify(list))

module.exports = {
    getVisible,
    hideCategory,
    showCategory,
    getCollapsedIds,
    setCollapsedIds,
    getSort,
    setSort,
    getSortDirection,
    setSortDirection,
    getCollapsedCategory,
    possibleFilters,
}

},{}]},{},[4]);
    </script>
  </footer>
</html>